2024-03-04 14:12:35,489 [INFO] Activator:176 - 


2024-03-04 14:12:35,497 [INFO] Activator:177 - !SESSION log4j initialized
2024-03-04 14:12:42,576 [INFO] LogOutputStream:77 - [STDOUT_REDIRECT] 
2024-03-04 14:12:50,774 [INFO] ApplicationProperties:184 - Using Application install path: C:\ST\STM32CubeIDE_1.14.1\STM32CubeIDE\plugins\com.st.stm32cube.common.mx_6.10.0.202311202037
2024-03-04 14:12:50,798 [INFO] DbMcusXml:78 - Set database path to: C:\ST\STM32CubeIDE_1.14.1\STM32CubeIDE\plugins\com.st.stm32cube.common.mx_6.10.0.202311202037\\db\/mcu/
2024-03-04 14:12:50,799 [INFO] ApiDb:274 - Set plugin database path to: C:\ST\STM32CubeIDE_1.14.1\STM32CubeIDE\plugins\com.st.stm32cube.common.mx_6.10.0.202311202037\\db\/plugins/boardmanager/
2024-03-04 14:12:50,799 [WARN] ApiDb:259 - Overriding images path with different value:  => C:\ST\STM32CubeIDE_1.14.1\STM32CubeIDE\plugins\com.st.stm32cube.common.mx_6.10.0.202311202037\\db\/plugins/mcufinder/images/
2024-03-04 14:12:50,812 [INFO] ApiDb:250 - Set database path to: C:\Users\gurc\.stmcufinder\plugins\mcufinder//mcu/
2024-03-04 14:12:50,819 [INFO] DbMcusAds:125 - Set database path to: C:\Users\gurc\.stmcufinder\plugins\mcufinder//mcu/
2024-03-04 14:12:50,822 [INFO] CrossReferenceDbSqlite:203 - Set database path to: C:\Users\gurc\.stmcufinder\plugins\mcufinder//mcu/cs/
2024-03-04 14:12:51,041 [INFO] RulesReader:64 - Compatibility file has been processed (297 Rules)
2024-03-04 14:12:51,216 [INFO] DbMcusXml:78 - Set database path to: C:\ST\STM32CubeIDE_1.14.1\STM32CubeIDE\plugins\com.st.stm32cube.common.mx_6.10.0.202311202037\\db\/mcu/
2024-03-04 14:12:51,217 [INFO] ApiDb:274 - Set plugin database path to: C:\ST\STM32CubeIDE_1.14.1\STM32CubeIDE\plugins\com.st.stm32cube.common.mx_6.10.0.202311202037\\db\/plugins/boardmanager/
2024-03-04 14:12:51,217 [INFO] ApiDb:261 - Set plugin images path to: C:\ST\STM32CubeIDE_1.14.1\STM32CubeIDE\plugins\com.st.stm32cube.common.mx_6.10.0.202311202037\\db\/plugins/mcufinder/images/
2024-03-04 14:12:51,217 [WARN] DbFile:41 - Overriding database path with different value: C:\Users\gurc\.stmcufinder\plugins\mcufinder/ => C:\Users\gurc\.stmcufinder\plugins\mcufinder
2024-03-04 14:12:51,218 [INFO] ApiDb:250 - Set database path to: C:\Users\gurc\.stmcufinder\plugins\mcufinder//mcu/
2024-03-04 14:12:51,218 [WARN] DbFile:41 - Overriding database path with different value: C:\Users\gurc\.stmcufinder\plugins\mcufinder/ => C:\Users\gurc\.stmcufinder\plugins\mcufinder
2024-03-04 14:12:51,218 [INFO] DbMcusAds:125 - Set database path to: C:\Users\gurc\.stmcufinder\plugins\mcufinder//mcu/
2024-03-04 14:12:51,218 [WARN] DbFile:41 - Overriding database path with different value: C:\Users\gurc\.stmcufinder\plugins\mcufinder/ => C:\Users\gurc\.stmcufinder\plugins\mcufinder
2024-03-04 14:12:51,218 [WARN] DbFile:41 - Overriding database path with different value: C:\Users\gurc\.stmcufinder\plugins\mcufinder/ => C:\Users\gurc\.stmcufinder\plugins\mcufinder
2024-03-04 14:12:51,218 [INFO] CrossReferenceDbSqlite:203 - Set database path to: C:\Users\gurc\.stmcufinder\plugins\mcufinder//mcu/cs/
2024-03-04 14:12:51,357 [INFO] MainPanel:264 - HeapMemory: 268435456
2024-03-04 14:12:51,486 [INFO] DbMcusXml:78 - Set database path to: C:\ST\STM32CubeIDE_1.14.1\STM32CubeIDE\plugins\com.st.stm32cube.common.mx_6.10.0.202311202037\\db\/mcu/
2024-03-04 14:12:51,486 [INFO] ApiDb:274 - Set plugin database path to: C:\ST\STM32CubeIDE_1.14.1\STM32CubeIDE\plugins\com.st.stm32cube.common.mx_6.10.0.202311202037\\db\/plugins/boardmanager/
2024-03-04 14:12:51,486 [INFO] ApiDb:261 - Set plugin images path to: C:\ST\STM32CubeIDE_1.14.1\STM32CubeIDE\plugins\com.st.stm32cube.common.mx_6.10.0.202311202037\\db\/plugins/mcufinder/images/
2024-03-04 14:12:51,487 [WARN] DbFile:41 - Overriding database path with different value: C:\Users\gurc\.stmcufinder\plugins\mcufinder/ => C:\Users\gurc\.stmcufinder\plugins\mcufinder
2024-03-04 14:12:51,487 [INFO] ApiDb:250 - Set database path to: C:\Users\gurc\.stmcufinder\plugins\mcufinder//mcu/
2024-03-04 14:12:51,487 [WARN] DbFile:41 - Overriding database path with different value: C:\Users\gurc\.stmcufinder\plugins\mcufinder/ => C:\Users\gurc\.stmcufinder\plugins\mcufinder
2024-03-04 14:12:51,488 [INFO] DbMcusAds:125 - Set database path to: C:\Users\gurc\.stmcufinder\plugins\mcufinder//mcu/
2024-03-04 14:12:51,488 [WARN] DbFile:41 - Overriding database path with different value: C:\Users\gurc\.stmcufinder\plugins\mcufinder/ => C:\Users\gurc\.stmcufinder\plugins\mcufinder
2024-03-04 14:12:51,488 [WARN] DbFile:41 - Overriding database path with different value: C:\Users\gurc\.stmcufinder\plugins\mcufinder/ => C:\Users\gurc\.stmcufinder\plugins\mcufinder
2024-03-04 14:12:51,488 [INFO] CrossReferenceDbSqlite:203 - Set database path to: C:\Users\gurc\.stmcufinder\plugins\mcufinder//mcu/cs/
2024-03-04 14:12:51,523 [INFO] ApplicationProperties:184 - Using Application install path: C:\ST\STM32CubeIDE_1.14.1\STM32CubeIDE\plugins\com.st.stm32cube.common.mx_6.10.0.202311202037
2024-03-04 14:12:51,526 [INFO] PluginManage:196 - Search for loadable plugins [exclusion list=, ]
2024-03-04 14:12:51,529 [INFO] PluginManage:310 - Check plugin analytics
2024-03-04 14:12:51,869 [INFO] AnalyticsPlugin:253 - Accepted Software Licenses: 
2024-03-04 14:12:51,869 [INFO] AnalyticsPlugin:255 - Accepted CMSIS Pack Licenses: 
2024-03-04 14:12:51,870 [INFO] AnalyticsPlugin:257 - Accepted Firmware Licenses: 
2024-03-04 14:12:51,873 [INFO] PluginManage:359 - Loaded plugin analytics (category:tool,tabindex:-1)
2024-03-04 14:12:51,873 [INFO] PluginManage:310 - Check plugin cadmodel
2024-03-04 14:12:51,904 [INFO] CADModel:105 - Init CAD model plugin
2024-03-04 14:12:51,904 [INFO] PluginManage:359 - Loaded plugin cadmodel (category:power,tabindex:5)
2024-03-04 14:12:51,904 [INFO] PluginManage:310 - Check plugin clock
2024-03-04 14:12:51,939 [INFO] PluginManage:359 - Loaded plugin clock (category:base,tabindex:2)
2024-03-04 14:12:51,940 [INFO] PluginManage:310 - Check plugin ddr
2024-03-04 14:12:51,944 [INFO] PluginManage:359 - Loaded plugin ddr (category:tool,tabindex:6)
2024-03-04 14:12:51,944 [INFO] PluginManage:310 - Check plugin filemanager
2024-03-04 14:12:52,171 [INFO] PluginManage:359 - Loaded plugin filemanager (category:base,tabindex:10)
2024-03-04 14:12:52,171 [INFO] PluginManage:310 - Check plugin ipmanager
2024-03-04 14:12:52,183 [INFO] PluginManage:359 - Loaded plugin ipmanager (category:base,tabindex:5)
2024-03-04 14:12:52,184 [INFO] PluginManage:310 - Check plugin lpbam
2024-03-04 14:12:52,212 [INFO] PluginManage:359 - Loaded plugin lpbam (category:base,tabindex:0)
2024-03-04 14:12:52,212 [INFO] PluginManage:310 - Check plugin memorymap
2024-03-04 14:12:52,251 [INFO] PluginManage:359 - Loaded plugin memorymap (category:base,tabindex:4)
2024-03-04 14:12:52,251 [INFO] PluginManage:310 - Check plugin pinoutandconfiguration
2024-03-04 14:12:52,279 [INFO] PluginManage:359 - Loaded plugin pinoutandconfiguration (category:base,tabindex:1)
2024-03-04 14:12:52,279 [INFO] PluginManage:310 - Check plugin pinoutconfig
2024-03-04 14:12:52,439 [WARN] SupportedApi:132 - Cannot load RTOS API schema: s4s-elt-must-match.1: The content of 'definitions' must match (annotation?, (simpleType | complexType)?, (unique | key | keyref)*)). A problem was found starting at: attribute.
2024-03-04 14:12:52,657 [INFO] PluginManage:359 - Loaded plugin pinoutconfig (category:base,tabindex:0)
2024-03-04 14:12:52,658 [INFO] PluginManage:310 - Check plugin power
2024-03-04 14:12:52,691 [INFO] PluginManage:359 - Loaded plugin power (category:power,tabindex:4)
2024-03-04 14:12:52,692 [INFO] PluginManage:310 - Check plugin projectmanager
2024-03-04 14:12:52,722 [INFO] PluginManage:359 - Loaded plugin projectmanager (category:projectmanager,tabindex:3)
2024-03-04 14:12:52,722 [INFO] PluginManage:310 - Check plugin thirdparty
2024-03-04 14:12:53,267 [INFO] PluginManage:359 - Loaded plugin thirdparty (category:base,tabindex:-1)
2024-03-04 14:12:53,267 [WARN] IntegrityCheckThread:84 - waiting for thirdparty lock release [integrity check]
2024-03-04 14:12:53,267 [INFO] PluginManage:310 - Check plugin tools
2024-03-04 14:12:53,267 [INFO] IntegrityCheckThread:86 - entering critical section [integrity check]
2024-03-04 14:12:53,268 [INFO] ThirdPartyUpdaterWithRetryManager:70 - Updater plugin not ready yet. [1/15]
2024-03-04 14:12:53,328 [INFO] PluginManage:359 - Loaded plugin tools (category:base,tabindex:7)
2024-03-04 14:12:53,328 [INFO] PluginManage:310 - Check plugin tutovideos
2024-03-04 14:12:53,621 [INFO] PluginManage:359 - Loaded plugin tutovideos (category:base,tabindex:-1)
2024-03-04 14:12:53,621 [INFO] PluginManage:310 - Check plugin updater
2024-03-04 14:12:53,633 [INFO] PluginManage:359 - Loaded plugin updater (category:base,tabindex:12)
2024-03-04 14:12:53,633 [INFO] PluginManage:310 - Check plugin userauth
2024-03-04 14:12:53,640 [INFO] UserAuth:114 - Init User Auth plugin
2024-03-04 14:12:53,640 [INFO] PluginManage:359 - Loaded plugin userauth (category:base,tabindex:14)
2024-03-04 14:12:53,641 [INFO] PluginManage:283 - PluginManage : Loaded plugins [17]
2024-03-04 14:12:54,063 [INFO] PinOutPanel:1499 - setPackage(No Configuration,No Configuration)
2024-03-04 14:12:54,311 [INFO] CADModel:165 - CPN selected for project level
2024-03-04 14:12:54,311 [INFO] CADModel:114 - Register for checkConnection events
2024-03-04 14:12:54,355 [INFO] IPUIPlugin:80 - create IPUIPlugin
2024-03-04 14:12:54,355 [INFO] PluginManager:220 - loadIPPluginJar : add adc
2024-03-04 14:12:54,411 [INFO] IPUIPlugin:80 - create IPUIPlugin
2024-03-04 14:12:54,411 [INFO] PluginManager:220 - loadIPPluginJar : add aes
2024-03-04 14:12:54,482 [INFO] IPUIPlugin:80 - create IPUIPlugin
2024-03-04 14:12:54,482 [INFO] PluginManager:220 - loadIPPluginJar : add can
2024-03-04 14:12:54,513 [INFO] IPUIPlugin:80 - create IPUIPlugin
2024-03-04 14:12:54,513 [INFO] PluginManager:220 - loadIPPluginJar : add comp
2024-03-04 14:12:54,562 [INFO] IPUIPlugin:80 - create IPUIPlugin
2024-03-04 14:12:54,562 [INFO] PluginManager:220 - loadIPPluginJar : add cryp
2024-03-04 14:12:54,599 [INFO] IPUIPlugin:80 - create IPUIPlugin
2024-03-04 14:12:54,599 [INFO] PluginManager:220 - loadIPPluginJar : add dfsdm
2024-03-04 14:12:54,615 [INFO] IPUIPlugin:80 - create IPUIPlugin
2024-03-04 14:12:54,616 [INFO] PluginManager:220 - loadIPPluginJar : add dma
2024-03-04 14:12:54,680 [INFO] IPUIPlugin:80 - create IPUIPlugin
2024-03-04 14:12:54,680 [INFO] PluginManager:220 - loadIPPluginJar : add dma3
2024-03-04 14:12:54,709 [INFO] IPUIPlugin:80 - create IPUIPlugin
2024-03-04 14:12:54,709 [INFO] PluginManager:220 - loadIPPluginJar : add fatfs
2024-03-04 14:12:54,780 [INFO] IPUIPlugin:80 - create IPUIPlugin
2024-03-04 14:12:54,780 [INFO] PluginManager:220 - loadIPPluginJar : add fmc
2024-03-04 14:12:54,798 [INFO] IPUIPlugin:80 - create IPUIPlugin
2024-03-04 14:12:54,799 [INFO] PluginManager:220 - loadIPPluginJar : add freertos
2024-03-04 14:12:54,826 [INFO] IPUIPlugin:80 - create IPUIPlugin
2024-03-04 14:12:54,826 [INFO] PluginManager:220 - loadIPPluginJar : add genericplugin
2024-03-04 14:12:54,956 [INFO] IPUIPlugin:80 - create IPUIPlugin
2024-03-04 14:12:54,956 [INFO] PluginManager:220 - loadIPPluginJar : add gfxmmu
2024-03-04 14:12:55,132 [INFO] IPUIPlugin:80 - create IPUIPlugin
2024-03-04 14:12:55,132 [INFO] PluginManager:220 - loadIPPluginJar : add gic
2024-03-04 14:12:55,149 [INFO] IPUIPlugin:80 - create IPUIPlugin
2024-03-04 14:12:55,149 [INFO] PluginManager:220 - loadIPPluginJar : add gpio
2024-03-04 14:12:55,268 [INFO] IPUIPlugin:80 - create IPUIPlugin
2024-03-04 14:12:55,268 [INFO] PluginManager:220 - loadIPPluginJar : add gtzc
2024-03-04 14:12:55,312 [INFO] IPUIPlugin:80 - create IPUIPlugin
2024-03-04 14:12:55,312 [INFO] PluginManager:220 - loadIPPluginJar : add hash
2024-03-04 14:12:55,376 [INFO] IPUIPlugin:80 - create IPUIPlugin
2024-03-04 14:12:55,376 [INFO] PluginManager:220 - loadIPPluginJar : add i2c
2024-03-04 14:12:55,429 [INFO] IPUIPlugin:80 - create IPUIPlugin
2024-03-04 14:12:55,429 [INFO] PluginManager:220 - loadIPPluginJar : add i2s
2024-03-04 14:12:55,494 [INFO] IPUIPlugin:80 - create IPUIPlugin
2024-03-04 14:12:55,494 [INFO] PluginManager:220 - loadIPPluginJar : add i3c
2024-03-04 14:12:55,633 [INFO] IPUIPlugin:80 - create IPUIPlugin
2024-03-04 14:12:55,633 [INFO] PluginManager:220 - loadIPPluginJar : add ipddr
2024-03-04 14:12:55,751 [INFO] IPUIPlugin:80 - create IPUIPlugin
2024-03-04 14:12:55,752 [INFO] PluginManager:220 - loadIPPluginJar : add linkedlist
2024-03-04 14:12:55,804 [INFO] IPUIPlugin:80 - create IPUIPlugin
2024-03-04 14:12:55,804 [INFO] PluginManager:220 - loadIPPluginJar : add lorawan
2024-03-04 14:12:55,854 [INFO] IPUIPlugin:80 - create IPUIPlugin
2024-03-04 14:12:55,854 [INFO] PluginManager:220 - loadIPPluginJar : add ltdc
2024-03-04 14:12:55,871 [INFO] IPUIPlugin:80 - create IPUIPlugin
2024-03-04 14:12:55,872 [INFO] PluginManager:220 - loadIPPluginJar : add mdma
2024-03-04 14:12:55,889 [INFO] IPUIPlugin:80 - create IPUIPlugin
2024-03-04 14:12:55,889 [INFO] PluginManager:220 - loadIPPluginJar : add nvic
2024-03-04 14:12:55,934 [INFO] IPUIPlugin:80 - create IPUIPlugin
2024-03-04 14:12:55,935 [INFO] PluginManager:220 - loadIPPluginJar : add opamp
2024-03-04 14:12:56,015 [INFO] IPUIPlugin:80 - create IPUIPlugin
2024-03-04 14:12:56,015 [INFO] PluginManager:220 - loadIPPluginJar : add openamp
2024-03-04 14:12:56,082 [INFO] IPUIPlugin:80 - create IPUIPlugin
2024-03-04 14:12:56,082 [INFO] PluginManager:220 - loadIPPluginJar : add pdm2pcm
2024-03-04 14:12:56,101 [INFO] IPUIPlugin:80 - create IPUIPlugin
2024-03-04 14:12:56,104 [INFO] PluginManager:220 - loadIPPluginJar : add plateformsettings
2024-03-04 14:12:56,132 [INFO] IPUIPlugin:80 - create IPUIPlugin
2024-03-04 14:12:56,132 [INFO] PluginManager:220 - loadIPPluginJar : add quadspi
2024-03-04 14:12:56,148 [INFO] IPUIPlugin:80 - create IPUIPlugin
2024-03-04 14:12:56,148 [INFO] PluginManager:220 - loadIPPluginJar : add resmgrutility
2024-03-04 14:12:56,213 [INFO] IPUIPlugin:80 - create IPUIPlugin
2024-03-04 14:12:56,214 [INFO] PluginManager:220 - loadIPPluginJar : add sai
2024-03-04 14:12:56,265 [INFO] IPUIPlugin:80 - create IPUIPlugin
2024-03-04 14:12:56,266 [INFO] PluginManager:220 - loadIPPluginJar : add spi
2024-03-04 14:12:56,270 [INFO] ThirdPartyUpdaterWithRetryManager:70 - Updater plugin not ready yet. [2/15]
2024-03-04 14:12:56,347 [INFO] IPUIPlugin:80 - create IPUIPlugin
2024-03-04 14:12:56,348 [INFO] PluginManager:220 - loadIPPluginJar : add stm32_wpan
2024-03-04 14:12:56,380 [INFO] IPUIPlugin:80 - create IPUIPlugin
2024-03-04 14:12:56,380 [INFO] PluginManager:220 - loadIPPluginJar : add tim
2024-03-04 14:12:56,454 [INFO] IPUIPlugin:80 - create IPUIPlugin
2024-03-04 14:12:56,454 [INFO] PluginManager:220 - loadIPPluginJar : add touchsensing
2024-03-04 14:12:56,487 [INFO] IPUIPlugin:80 - create IPUIPlugin
2024-03-04 14:12:56,487 [INFO] PluginManager:220 - loadIPPluginJar : add tracer_emb
2024-03-04 14:12:56,520 [INFO] IPUIPlugin:80 - create IPUIPlugin
2024-03-04 14:12:56,520 [INFO] PluginManager:220 - loadIPPluginJar : add ts
2024-03-04 14:12:56,550 [INFO] IPUIPlugin:80 - create IPUIPlugin
2024-03-04 14:12:56,551 [INFO] PluginManager:220 - loadIPPluginJar : add tsc
2024-03-04 14:12:56,588 [INFO] IPUIPlugin:80 - create IPUIPlugin
2024-03-04 14:12:56,588 [INFO] PluginManager:220 - loadIPPluginJar : add ucpd
2024-03-04 14:12:56,660 [INFO] IPUIPlugin:80 - create IPUIPlugin
2024-03-04 14:12:56,660 [INFO] PluginManager:220 - loadIPPluginJar : add usart
2024-03-04 14:12:56,737 [INFO] IPUIPlugin:80 - create IPUIPlugin
2024-03-04 14:12:56,737 [INFO] PluginManager:220 - loadIPPluginJar : add usbx
2024-03-04 14:12:56,954 [INFO] CADModel:165 - CPN selected for project level
2024-03-04 14:12:56,954 [INFO] CADModel:114 - Register for checkConnection events
2024-03-04 14:12:56,954 [FATAL] Updater:308 - Updater called before beeing initialized
2024-03-04 14:12:56,954 [ERROR] CADModel:125 - Updater not yet initialized, retry later 
2024-03-04 14:12:57,162 [INFO] CADModel:165 - CPN selected for project level
2024-03-04 14:12:57,162 [INFO] CADModel:114 - Register for checkConnection events
2024-03-04 14:12:57,162 [FATAL] Updater:308 - Updater called before beeing initialized
2024-03-04 14:12:57,162 [ERROR] CADModel:125 - Updater not yet initialized, retry later 
2024-03-04 14:12:57,165 [FATAL] Updater:308 - Updater called before beeing initialized
2024-03-04 14:12:57,373 [FATAL] Updater:308 - Updater called before beeing initialized
2024-03-04 14:12:57,387 [INFO] DbMcusAds:53 - JSON generation date=Wed Nov 29 11:52:27 CET 2023 (1701255147349)
2024-03-04 14:12:57,387 [FATAL] Updater:308 - Updater called before beeing initialized
2024-03-04 14:12:57,491 [WARN] DetailPanel:346 - Failed to get advertising image, set to default
2024-03-04 14:12:57,657 [FATAL] Updater:308 - Updater called before beeing initialized
2024-03-04 14:12:57,661 [FATAL] Updater:308 - Updater called before beeing initialized
2024-03-04 14:12:57,661 [FATAL] Updater:308 - Updater called before beeing initialized
2024-03-04 14:12:57,661 [WARN] DetailPanel:346 - Failed to get advertising image, set to default
2024-03-04 14:12:57,662 [FATAL] Updater:308 - Updater called before beeing initialized
2024-03-04 14:12:57,776 [ERROR] Updater:1120 - MainUpdater not yet initialized. External WinMGr cannot be set.
2024-03-04 14:12:57,795 [INFO] Updater:1056 - Updater Version found : 6.10.0
2024-03-04 14:12:57,817 [INFO] ApplicationProperties:184 - Using Application install path: C:\ST\STM32CubeIDE_1.14.1\STM32CubeIDE\plugins\com.st.stm32cube.common.mx_6.10.0.202311202037
2024-03-04 14:12:59,275 [INFO] ThirdPartyUpdaterWithRetryManager:70 - Updater plugin not ready yet. [3/15]
2024-03-04 14:12:59,421 [ERROR] LogOutputStream:75 - [STDERR_REDIRECT] Mar 04, 2024 2:12:59 PM java.util.prefs.WindowsPreferences <init>
2024-03-04 14:12:59,423 [ERROR] LogOutputStream:75 - [STDERR_REDIRECT] WARNING: Could not open/create prefs root node Software\JavaSoft\Prefs at root 0xffffffff80000002. Windows RegCreateKeyEx(...) returned error code 5.
2024-03-04 14:12:59,423 [ERROR] LogOutputStream:75 - [STDERR_REDIRECT] 
2024-03-04 14:12:59,771 [INFO] MainUpdater:2873 - connection check result : 10
2024-03-04 14:12:59,771 [INFO] MainUpdater:3567 - Updater definition file requires update
2024-03-04 14:12:59,773 [INFO] MainUpdater:290 - Updater Check For Update Now.
2024-03-04 14:12:59,774 [INFO] MicroXplorer:498 - Change Database Version : DB.6.0.100
2024-03-04 14:12:59,795 [INFO] McuFinderGlobals:63 - Set McuFinder mode to 2 (CubeIDE integrated)
2024-03-04 14:12:59,795 [INFO] UserAuth:180 - activating auth plugin
2024-03-04 14:12:59,799 [INFO] UserAuth:404 - Internet connection configuration mode: 1
2024-03-04 14:12:59,832 [INFO] JxBrowserEngine:152 - Initiate JxBrowser Engine with user profile folder
2024-03-04 14:12:59,861 [INFO] ServerAccessManage:473 - Download File updaters.zip
2024-03-04 14:12:59,964 [INFO] FileExtend:240 - Unzip File : updaters.zip
2024-03-04 14:12:59,965 [INFO] FileExtend:255 - Standard Zip Deflate
2024-03-04 14:13:00,669 [INFO] ServerAccessManage:473 - Download File PacksControlFlags.xml
2024-03-04 14:13:00,796 [INFO] ServerAccessManage:473 - Download File cubemx.pidx
2024-03-04 14:13:01,596 [INFO] ServerAccessManage:473 - Download File STMicroelectronics.X-CUBE-BLEMGR.pdsc
2024-03-04 14:13:02,286 [WARN] MainUpdater:1194 - Updater busy. Cannot search thirdparties
2024-03-04 14:13:02,286 [INFO] ThirdPartyUpdaterWithRetryManager:96 - Updater plugin is busy. [1/15]
2024-03-04 14:13:03,485 [ERROR] ServerAccessManage:1096 - Problem, Http access forbiden
2024-03-04 14:13:03,486 [ERROR] ServerAccessManage:651 - Problem, Http access forbiden : RoweBots.I-CUBE-UNISONRTOS.pdsc.
2024-03-04 14:13:03,760 [WARN] PackLoader:240 - Cannot read IP mode file for STMicroelectronics.X-CUBE-BLEMGR.3.1.0
2024-03-04 14:13:03,771 [INFO] PopulateThirdPartyThread:66 - Ending populate Thread
2024-03-04 14:13:03,772 [INFO] ThirdParty:1030 - CMSIS Pack Vendor :STMicroelectronics X-CUBE-BLEMGR 3.1.0
2024-03-04 14:13:03,772 [INFO] LoadServerUpdatesThread:375 - End of LoadServerUpdate Thread
2024-03-04 14:13:03,908 [INFO] CheckServerUpdateThread:120 - End of CheckServer Thread
2024-03-04 14:13:04,715 [INFO] WebApp:161 - Instantiating new browser for Auth
2024-03-04 14:13:05,644 [WARN] PackLoader:240 - Cannot read IP mode file for STMicroelectronics.X-CUBE-SMBUS.2.1.0
2024-03-04 14:13:05,664 [WARN] PackLoader:240 - Cannot read IP mode file for STMicroelectronics.X-CUBE-TOUCHGFX.4.23.0
2024-03-04 14:13:05,708 [WARN] PackLoader:240 - Cannot read IP mode file for STMicroelectronics.X-CUBE-AZRTOS-F7.1.1.0
2024-03-04 14:13:05,714 [INFO] WebApp:780 - Register for checkConnection events
2024-03-04 14:13:05,714 [INFO] WebApp:414 - Apply proxy settings
2024-03-04 14:13:05,714 [INFO] WebApp:499 - Chromium requires no authentication
2024-03-04 14:13:05,729 [WARN] PackLoader:240 - Cannot read IP mode file for STMicroelectronics.FP-SNS-MOTENV1.4.3.2
2024-03-04 14:13:05,729 [INFO] WebApp:442 - Direct internet connection detected
2024-03-04 14:13:05,738 [WARN] PackLoader:240 - Cannot read IP mode file for STMicroelectronics.FP-SNS-FLIGHT1.5.0.2
2024-03-04 14:13:05,758 [WARN] PackLoader:240 - Cannot read IP mode file for STMicroelectronics.X-CUBE-DISPLAY.3.0.0
2024-03-04 14:13:05,782 [WARN] PackLoader:240 - Cannot read IP mode file for STMicroelectronics.X-CUBE-BLE1.7.0.0
2024-03-04 14:13:05,799 [WARN] PackLoader:240 - Cannot read IP mode file for emotas.I-CUBE-CANOPEN.1.3.0
2024-03-04 14:13:05,810 [WARN] PackLoader:240 - Cannot read IP mode file for STMicroelectronics.X-CUBE-BLEMGR.3.1.0
2024-03-04 14:13:05,830 [WARN] PackLoader:240 - Cannot read IP mode file for STMicroelectronics.FP-SNS-SMARTAG2.1.2.0
2024-03-04 14:13:05,854 [INFO] LogOutputStream:77 - [STDOUT_REDIRECT] 1 : Invalid condition id : UX_CORESTACK_Condition cause : null
2024-03-04 14:13:05,855 [INFO] LogOutputStream:77 - [STDOUT_REDIRECT] 1 : Invalid condition id : UX_CORESTACK_Condition cause : null
2024-03-04 14:13:05,856 [INFO] LogOutputStream:77 - [STDOUT_REDIRECT] 1 : Invalid condition id : UX_CORESTACK_Condition cause : null
2024-03-04 14:13:05,858 [INFO] LogOutputStream:77 - [STDOUT_REDIRECT] 1 : Invalid condition id : UX_CORESTACK_Condition cause : null
2024-03-04 14:13:05,860 [INFO] LogOutputStream:77 - [STDOUT_REDIRECT] 1 : Invalid condition id : UX_CORESTACK_Condition cause : null
2024-03-04 14:13:05,863 [WARN] PackLoader:240 - Cannot read IP mode file for STMicroelectronics.X-CUBE-AZRTOS-WL.2.0.0
2024-03-04 14:13:05,883 [WARN] PackLoader:240 - Cannot read IP mode file for WES.I-CUBE-Cesium.1.3.0
2024-03-04 14:13:05,898 [WARN] PackLoader:240 - Cannot read IP mode file for STMicroelectronics.X-CUBE-BLE2.3.3.0
2024-03-04 14:13:05,916 [WARN] PackLoader:240 - Cannot read IP mode file for STMicroelectronics.X-CUBE-ALGOBUILD.1.3.0
2024-03-04 14:13:05,947 [WARN] PackLoader:240 - Cannot read IP mode file for STMicroelectronics.X-CUBE-AZRTOS-G0.1.1.0
2024-03-04 14:13:05,967 [WARN] PackLoader:240 - Cannot read IP mode file for STMicroelectronics.X-CUBE-NFC4.3.0.0
2024-03-04 14:13:05,988 [WARN] PackLoader:240 - Cannot read IP mode file for STMicroelectronics.X-CUBE-BLEMGR.3.0.0
2024-03-04 14:13:05,998 [WARN] PackLoader:240 - Cannot read IP mode file for STMicroelectronics.FP-ATR-SIGFOX1.3.2.0
2024-03-04 14:13:06,010 [INFO] WebApp:192 - Starting web application
2024-03-04 14:13:06,010 [INFO] WebApp:544 - Web application path used C:\ST\STM32CubeIDE_1.14.1\STM32CubeIDE\plugins\com.st.stm32cube.common.mx_6.10.0.202311202037\db\plugins\mcufinder\reactClient1\index.html
2024-03-04 14:13:06,024 [WARN] PackLoader:240 - Cannot read IP mode file for STMicroelectronics.X-CUBE-EEPRMA1.5.1.0
2024-03-04 14:13:06,089 [WARN] PackLoader:240 - Cannot read IP mode file for SEGGER.I-CUBE-embOS.1.3.1
2024-03-04 14:13:06,172 [WARN] PackLoader:240 - Cannot read IP mode file for STMicroelectronics.X-CUBE-GNSS1.6.0.0
2024-03-04 14:13:06,220 [WARN] PackLoader:240 - Cannot read IP mode file for STMicroelectronics.X-CUBE-AZRTOS-F4.1.1.0
2024-03-04 14:13:06,242 [WARN] PackLoader:240 - Cannot read IP mode file for wolfSSL.I-CUBE-wolfSSL.5.6.6
2024-03-04 14:13:06,299 [WARN] PackLoader:240 - Cannot read IP mode file for STMicroelectronics.X-CUBE-AZRTOS-L5.2.0.0
2024-03-04 14:13:06,330 [WARN] PackLoader:240 - Cannot read IP mode file for ITTIA_DB.I-CUBE-ITTIADB.8.8.0
2024-03-04 14:13:06,354 [WARN] PackLoader:240 - Cannot read IP mode file for STMicroelectronics.X-CUBE-NFC7.1.0.1
2024-03-04 14:13:06,386 [WARN] PackLoader:240 - Cannot read IP mode file for STMicroelectronics.X-CUBE-NFC6.3.0.0
2024-03-04 14:13:06,409 [WARN] PackLoader:240 - Cannot read IP mode file for STMicroelectronics.X-CUBE-AI.8.1.0
2024-03-04 14:13:06,468 [WARN] ConditionMgr:438 - getConditionDescription Invalid condition id : LAN8742 Phy interface Condition cause : null
2024-03-04 14:13:06,469 [WARN] PackLoader:240 - Cannot read IP mode file for STMicroelectronics.X-CUBE-AZRTOS-L4.2.0.0
2024-03-04 14:13:06,471 [WARN] ConditionMgr:1039 - genDependencies : Invalid condition id : LAN8742 Phy interface Condition cause : null
2024-03-04 14:13:06,471 [WARN] ConditionMgr:1039 - genDependencies : Invalid condition id : LAN8742 Phy interface Condition cause : null
2024-03-04 14:13:06,472 [WARN] ConditionMgr:1039 - genDependencies : Invalid condition id : LAN8742 Phy interface Condition cause : null
2024-03-04 14:13:06,500 [WARN] PackLoader:240 - Cannot read IP mode file for STMicroelectronics.X-CUBE-SFXS2LP1.4.0.0
2024-03-04 14:13:06,541 [WARN] ConditionMgr:438 - getConditionDescription Invalid condition id : UX DEVICE CLASS RTOS Condition cause : null
2024-03-04 14:13:06,542 [WARN] ConditionMgr:438 - getConditionDescription Invalid condition id : UX DEVICE CLASS RTOS Condition cause : null
2024-03-04 14:13:06,545 [WARN] PackLoader:240 - Cannot read IP mode file for STMicroelectronics.X-CUBE-AZRTOS-WB.2.0.0
2024-03-04 14:13:06,546 [WARN] ConditionMgr:1039 - genDependencies : Invalid condition id : UX DEVICE CLASS RTOS Condition cause : null
2024-03-04 14:13:06,546 [WARN] ConditionMgr:1039 - genDependencies : Invalid condition id : UX DEVICE CLASS RTOS Condition cause : null
2024-03-04 14:13:06,547 [WARN] ConditionMgr:1039 - genDependencies : Invalid condition id : UX DEVICE CLASS RTOS Condition cause : null
2024-03-04 14:13:06,547 [WARN] ConditionMgr:1039 - genDependencies : Invalid condition id : UX DEVICE CLASS RTOS Condition cause : null
2024-03-04 14:13:06,548 [WARN] ConditionMgr:1039 - genDependencies : Invalid condition id : UX DEVICE CLASS RTOS Condition cause : null
2024-03-04 14:13:06,583 [WARN] PackLoader:240 - Cannot read IP mode file for STMicroelectronics.X-CUBE-SUBG2.5.0.0
2024-03-04 14:13:06,628 [WARN] PackLoader:240 - Cannot read IP mode file for STMicroelectronics.X-CUBE-AZRTOS-G4.2.0.0
2024-03-04 14:13:06,659 [WARN] PackLoader:240 - Cannot read IP mode file for Infineon.AIROC-Wi-Fi-Bluetooth-STM32.1.5.1
2024-03-04 14:13:06,684 [WARN] PackLoader:240 - Cannot read IP mode file for STMicroelectronics.FP-SNS-MOTENVWB1.1.3.1
2024-03-04 14:13:06,701 [WARN] PackLoader:240 - Cannot read IP mode file for STMicroelectronics.X-CUBE-ISPU.2.0.0
2024-03-04 14:13:06,770 [WARN] PackLoader:240 - Cannot read IP mode file for STMicroelectronics.X-CUBE-MEMS1.10.0.0
2024-03-04 14:13:06,990 [WARN] PackLoader:240 - Cannot read IP mode file for STMicroelectronics.X-CUBE-FREERTOS.1.1.0
2024-03-04 14:13:07,014 [WARN] PackLoader:240 - Cannot read IP mode file for portGmbH.I-Cube-SoM-uGOAL.1.1.0
2024-03-04 14:13:07,034 [WARN] PackLoader:240 - Cannot read IP mode file for STMicroelectronics.X-CUBE-ALS.1.0.1
2024-03-04 14:13:07,042 [WARN] PackLoader:240 - Cannot read IP mode file for STMicroelectronics.FP-ATR-ASTRA1.2.0.0
2024-03-04 14:13:07,075 [WARN] PackLoader:240 - Cannot read IP mode file for STMicroelectronics.X-CUBE-TOF1.3.4.0
2024-03-04 14:13:07,144 [WARN] PackLoader:240 - Cannot read IP mode file for STMicroelectronics.X-CUBE-AZRTOS-H7.3.2.0
2024-03-04 14:13:07,149 [INFO] ThirdParty:978 - Integrity check success = true
2024-03-04 14:13:07,150 [INFO] IntegrityCheckThread:100 - exiting critical section [integrity check]
2024-03-04 14:13:07,150 [INFO] IntegrityCheckThread:103 - End integrity checks thread
2024-03-04 14:13:27,179 [ERROR] LogOutputStream:75 - [STDERR_REDIRECT] SLF4J: Failed to load class "org.slf4j.impl.StaticLoggerBinder".
2024-03-04 14:13:27,180 [ERROR] LogOutputStream:75 - [STDERR_REDIRECT] SLF4J: Defaulting to no-operation (NOP) logger implementation
2024-03-04 14:13:27,182 [ERROR] LogOutputStream:75 - [STDERR_REDIRECT] SLF4J: See http://www.slf4j.org/codes.html#StaticLoggerBinder for further details.
