2024-03-28 16:51:22,335 [ERROR] LogOutputStream:75 - [STDERR_REDIRECT] 
2024-03-28 20:43:23,509 [INFO] Activator:176 - 


2024-03-28 20:43:23,511 [INFO] Activator:177 - !SESSION log4j initialized
2024-03-28 20:43:31,706 [INFO] LogOutputStream:77 - [STDOUT_REDIRECT] 
2024-03-28 20:43:38,654 [INFO] ApplicationProperties:184 - Using Application install path: C:\ST\STM32CubeIDE_1.14.1\STM32CubeIDE\plugins\com.st.stm32cube.common.mx_6.10.0.202311202037
2024-03-28 20:43:38,675 [INFO] DbMcusXml:78 - Set database path to: C:\ST\STM32CubeIDE_1.14.1\STM32CubeIDE\plugins\com.st.stm32cube.common.mx_6.10.0.202311202037\\db\/mcu/
2024-03-28 20:43:38,676 [INFO] ApiDb:274 - Set plugin database path to: C:\ST\STM32CubeIDE_1.14.1\STM32CubeIDE\plugins\com.st.stm32cube.common.mx_6.10.0.202311202037\\db\/plugins/boardmanager/
2024-03-28 20:43:38,676 [WARN] ApiDb:259 - Overriding images path with different value:  => C:\ST\STM32CubeIDE_1.14.1\STM32CubeIDE\plugins\com.st.stm32cube.common.mx_6.10.0.202311202037\\db\/plugins/mcufinder/images/
2024-03-28 20:43:38,685 [INFO] ApiDb:250 - Set database path to: C:\Users\gurc\.stmcufinder\plugins\mcufinder//mcu/
2024-03-28 20:43:38,687 [INFO] DbMcusAds:125 - Set database path to: C:\Users\gurc\.stmcufinder\plugins\mcufinder//mcu/
2024-03-28 20:43:38,689 [INFO] CrossReferenceDbSqlite:203 - Set database path to: C:\Users\gurc\.stmcufinder\plugins\mcufinder//mcu/cs/
2024-03-28 20:43:38,836 [INFO] RulesReader:64 - Compatibility file has been processed (297 Rules)
2024-03-28 20:43:38,964 [INFO] DbMcusXml:78 - Set database path to: C:\ST\STM32CubeIDE_1.14.1\STM32CubeIDE\plugins\com.st.stm32cube.common.mx_6.10.0.202311202037\\db\/mcu/
2024-03-28 20:43:38,964 [INFO] ApiDb:274 - Set plugin database path to: C:\ST\STM32CubeIDE_1.14.1\STM32CubeIDE\plugins\com.st.stm32cube.common.mx_6.10.0.202311202037\\db\/plugins/boardmanager/
2024-03-28 20:43:38,964 [INFO] ApiDb:261 - Set plugin images path to: C:\ST\STM32CubeIDE_1.14.1\STM32CubeIDE\plugins\com.st.stm32cube.common.mx_6.10.0.202311202037\\db\/plugins/mcufinder/images/
2024-03-28 20:43:38,964 [WARN] DbFile:41 - Overriding database path with different value: C:\Users\gurc\.stmcufinder\plugins\mcufinder/ => C:\Users\gurc\.stmcufinder\plugins\mcufinder
2024-03-28 20:43:38,964 [INFO] ApiDb:250 - Set database path to: C:\Users\gurc\.stmcufinder\plugins\mcufinder//mcu/
2024-03-28 20:43:38,965 [WARN] DbFile:41 - Overriding database path with different value: C:\Users\gurc\.stmcufinder\plugins\mcufinder/ => C:\Users\gurc\.stmcufinder\plugins\mcufinder
2024-03-28 20:43:38,965 [INFO] DbMcusAds:125 - Set database path to: C:\Users\gurc\.stmcufinder\plugins\mcufinder//mcu/
2024-03-28 20:43:38,965 [WARN] DbFile:41 - Overriding database path with different value: C:\Users\gurc\.stmcufinder\plugins\mcufinder/ => C:\Users\gurc\.stmcufinder\plugins\mcufinder
2024-03-28 20:43:38,965 [WARN] DbFile:41 - Overriding database path with different value: C:\Users\gurc\.stmcufinder\plugins\mcufinder/ => C:\Users\gurc\.stmcufinder\plugins\mcufinder
2024-03-28 20:43:38,965 [INFO] CrossReferenceDbSqlite:203 - Set database path to: C:\Users\gurc\.stmcufinder\plugins\mcufinder//mcu/cs/
2024-03-28 20:43:39,053 [INFO] MainPanel:264 - HeapMemory: 268435456
2024-03-28 20:43:39,130 [INFO] DbMcusXml:78 - Set database path to: C:\ST\STM32CubeIDE_1.14.1\STM32CubeIDE\plugins\com.st.stm32cube.common.mx_6.10.0.202311202037\\db\/mcu/
2024-03-28 20:43:39,130 [INFO] ApiDb:274 - Set plugin database path to: C:\ST\STM32CubeIDE_1.14.1\STM32CubeIDE\plugins\com.st.stm32cube.common.mx_6.10.0.202311202037\\db\/plugins/boardmanager/
2024-03-28 20:43:39,131 [INFO] ApiDb:261 - Set plugin images path to: C:\ST\STM32CubeIDE_1.14.1\STM32CubeIDE\plugins\com.st.stm32cube.common.mx_6.10.0.202311202037\\db\/plugins/mcufinder/images/
2024-03-28 20:43:39,131 [WARN] DbFile:41 - Overriding database path with different value: C:\Users\gurc\.stmcufinder\plugins\mcufinder/ => C:\Users\gurc\.stmcufinder\plugins\mcufinder
2024-03-28 20:43:39,131 [INFO] ApiDb:250 - Set database path to: C:\Users\gurc\.stmcufinder\plugins\mcufinder//mcu/
2024-03-28 20:43:39,131 [WARN] DbFile:41 - Overriding database path with different value: C:\Users\gurc\.stmcufinder\plugins\mcufinder/ => C:\Users\gurc\.stmcufinder\plugins\mcufinder
2024-03-28 20:43:39,132 [INFO] DbMcusAds:125 - Set database path to: C:\Users\gurc\.stmcufinder\plugins\mcufinder//mcu/
2024-03-28 20:43:39,132 [WARN] DbFile:41 - Overriding database path with different value: C:\Users\gurc\.stmcufinder\plugins\mcufinder/ => C:\Users\gurc\.stmcufinder\plugins\mcufinder
2024-03-28 20:43:39,132 [WARN] DbFile:41 - Overriding database path with different value: C:\Users\gurc\.stmcufinder\plugins\mcufinder/ => C:\Users\gurc\.stmcufinder\plugins\mcufinder
2024-03-28 20:43:39,132 [INFO] CrossReferenceDbSqlite:203 - Set database path to: C:\Users\gurc\.stmcufinder\plugins\mcufinder//mcu/cs/
2024-03-28 20:43:39,154 [INFO] ApplicationProperties:184 - Using Application install path: C:\ST\STM32CubeIDE_1.14.1\STM32CubeIDE\plugins\com.st.stm32cube.common.mx_6.10.0.202311202037
2024-03-28 20:43:39,156 [INFO] PluginManage:196 - Search for loadable plugins [exclusion list=, ]
2024-03-28 20:43:39,157 [INFO] PluginManage:310 - Check plugin analytics
2024-03-28 20:43:39,388 [INFO] AnalyticsPlugin:253 - Accepted Software Licenses: 
2024-03-28 20:43:39,389 [INFO] AnalyticsPlugin:255 - Accepted CMSIS Pack Licenses: 
2024-03-28 20:43:39,389 [INFO] AnalyticsPlugin:257 - Accepted Firmware Licenses: 
2024-03-28 20:43:39,392 [INFO] PluginManage:359 - Loaded plugin analytics (category:tool,tabindex:-1)
2024-03-28 20:43:39,393 [INFO] PluginManage:310 - Check plugin cadmodel
2024-03-28 20:43:39,412 [INFO] CADModel:105 - Init CAD model plugin
2024-03-28 20:43:39,412 [INFO] PluginManage:359 - Loaded plugin cadmodel (category:power,tabindex:5)
2024-03-28 20:43:39,413 [INFO] PluginManage:310 - Check plugin clock
2024-03-28 20:43:39,446 [INFO] PluginManage:359 - Loaded plugin clock (category:base,tabindex:2)
2024-03-28 20:43:39,447 [INFO] PluginManage:310 - Check plugin ddr
2024-03-28 20:43:39,451 [INFO] PluginManage:359 - Loaded plugin ddr (category:tool,tabindex:6)
2024-03-28 20:43:39,451 [INFO] PluginManage:310 - Check plugin filemanager
2024-03-28 20:43:39,643 [INFO] PluginManage:359 - Loaded plugin filemanager (category:base,tabindex:10)
2024-03-28 20:43:39,643 [INFO] PluginManage:310 - Check plugin ipmanager
2024-03-28 20:43:39,664 [INFO] PluginManage:359 - Loaded plugin ipmanager (category:base,tabindex:5)
2024-03-28 20:43:39,664 [INFO] PluginManage:310 - Check plugin lpbam
2024-03-28 20:43:39,688 [INFO] PluginManage:359 - Loaded plugin lpbam (category:base,tabindex:0)
2024-03-28 20:43:39,688 [INFO] PluginManage:310 - Check plugin memorymap
2024-03-28 20:43:39,724 [INFO] PluginManage:359 - Loaded plugin memorymap (category:base,tabindex:4)
2024-03-28 20:43:39,724 [INFO] PluginManage:310 - Check plugin pinoutandconfiguration
2024-03-28 20:43:39,745 [INFO] PluginManage:359 - Loaded plugin pinoutandconfiguration (category:base,tabindex:1)
2024-03-28 20:43:39,745 [INFO] PluginManage:310 - Check plugin pinoutconfig
2024-03-28 20:43:39,874 [WARN] SupportedApi:132 - Cannot load RTOS API schema: s4s-elt-must-match.1: The content of 'definitions' must match (annotation?, (simpleType | complexType)?, (unique | key | keyref)*)). A problem was found starting at: attribute.
2024-03-28 20:43:40,029 [INFO] PluginManage:359 - Loaded plugin pinoutconfig (category:base,tabindex:0)
2024-03-28 20:43:40,029 [INFO] PluginManage:310 - Check plugin power
2024-03-28 20:43:40,056 [INFO] PluginManage:359 - Loaded plugin power (category:power,tabindex:4)
2024-03-28 20:43:40,056 [INFO] PluginManage:310 - Check plugin projectmanager
2024-03-28 20:43:40,082 [INFO] PluginManage:359 - Loaded plugin projectmanager (category:projectmanager,tabindex:3)
2024-03-28 20:43:40,082 [INFO] PluginManage:310 - Check plugin thirdparty
2024-03-28 20:43:40,425 [INFO] PluginManage:359 - Loaded plugin thirdparty (category:base,tabindex:-1)
2024-03-28 20:43:40,425 [INFO] PluginManage:310 - Check plugin tools
2024-03-28 20:43:40,425 [WARN] IntegrityCheckThread:84 - waiting for thirdparty lock release [integrity check]
2024-03-28 20:43:40,425 [INFO] IntegrityCheckThread:86 - entering critical section [integrity check]
2024-03-28 20:43:40,427 [INFO] ThirdPartyUpdaterWithRetryManager:70 - Updater plugin not ready yet. [1/15]
2024-03-28 20:43:40,472 [INFO] PluginManage:359 - Loaded plugin tools (category:base,tabindex:7)
2024-03-28 20:43:40,472 [INFO] PluginManage:310 - Check plugin tutovideos
2024-03-28 20:43:40,678 [INFO] PluginManage:359 - Loaded plugin tutovideos (category:base,tabindex:-1)
2024-03-28 20:43:40,678 [INFO] PluginManage:310 - Check plugin updater
2024-03-28 20:43:40,688 [INFO] PluginManage:359 - Loaded plugin updater (category:base,tabindex:12)
2024-03-28 20:43:40,688 [INFO] PluginManage:310 - Check plugin userauth
2024-03-28 20:43:40,696 [INFO] UserAuth:114 - Init User Auth plugin
2024-03-28 20:43:40,696 [INFO] PluginManage:359 - Loaded plugin userauth (category:base,tabindex:14)
2024-03-28 20:43:40,696 [INFO] PluginManage:283 - PluginManage : Loaded plugins [17]
2024-03-28 20:43:40,982 [INFO] PinOutPanel:1499 - setPackage(No Configuration,No Configuration)
2024-03-28 20:43:41,093 [INFO] CADModel:165 - CPN selected for project level
2024-03-28 20:43:41,093 [INFO] CADModel:114 - Register for checkConnection events
2024-03-28 20:43:41,124 [INFO] IPUIPlugin:80 - create IPUIPlugin
2024-03-28 20:43:41,125 [INFO] PluginManager:220 - loadIPPluginJar : add adc
2024-03-28 20:43:41,172 [INFO] IPUIPlugin:80 - create IPUIPlugin
2024-03-28 20:43:41,172 [INFO] PluginManager:220 - loadIPPluginJar : add aes
2024-03-28 20:43:41,228 [INFO] IPUIPlugin:80 - create IPUIPlugin
2024-03-28 20:43:41,228 [INFO] PluginManager:220 - loadIPPluginJar : add can
2024-03-28 20:43:41,257 [INFO] IPUIPlugin:80 - create IPUIPlugin
2024-03-28 20:43:41,258 [INFO] PluginManager:220 - loadIPPluginJar : add comp
2024-03-28 20:43:41,312 [INFO] IPUIPlugin:80 - create IPUIPlugin
2024-03-28 20:43:41,312 [INFO] PluginManager:220 - loadIPPluginJar : add cryp
2024-03-28 20:43:41,355 [INFO] IPUIPlugin:80 - create IPUIPlugin
2024-03-28 20:43:41,356 [INFO] PluginManager:220 - loadIPPluginJar : add dfsdm
2024-03-28 20:43:41,375 [INFO] IPUIPlugin:80 - create IPUIPlugin
2024-03-28 20:43:41,376 [INFO] PluginManager:220 - loadIPPluginJar : add dma
2024-03-28 20:43:41,432 [INFO] IPUIPlugin:80 - create IPUIPlugin
2024-03-28 20:43:41,432 [INFO] PluginManager:220 - loadIPPluginJar : add dma3
2024-03-28 20:43:41,466 [INFO] IPUIPlugin:80 - create IPUIPlugin
2024-03-28 20:43:41,466 [INFO] PluginManager:220 - loadIPPluginJar : add fatfs
2024-03-28 20:43:41,525 [INFO] IPUIPlugin:80 - create IPUIPlugin
2024-03-28 20:43:41,525 [INFO] PluginManager:220 - loadIPPluginJar : add fmc
2024-03-28 20:43:41,544 [INFO] IPUIPlugin:80 - create IPUIPlugin
2024-03-28 20:43:41,545 [INFO] PluginManager:220 - loadIPPluginJar : add freertos
2024-03-28 20:43:41,573 [INFO] IPUIPlugin:80 - create IPUIPlugin
2024-03-28 20:43:41,573 [INFO] PluginManager:220 - loadIPPluginJar : add genericplugin
2024-03-28 20:43:41,686 [INFO] IPUIPlugin:80 - create IPUIPlugin
2024-03-28 20:43:41,687 [INFO] PluginManager:220 - loadIPPluginJar : add gfxmmu
2024-03-28 20:43:41,846 [INFO] IPUIPlugin:80 - create IPUIPlugin
2024-03-28 20:43:41,846 [INFO] PluginManager:220 - loadIPPluginJar : add gic
2024-03-28 20:43:41,861 [INFO] IPUIPlugin:80 - create IPUIPlugin
2024-03-28 20:43:41,862 [INFO] PluginManager:220 - loadIPPluginJar : add gpio
2024-03-28 20:43:41,966 [INFO] IPUIPlugin:80 - create IPUIPlugin
2024-03-28 20:43:41,966 [INFO] PluginManager:220 - loadIPPluginJar : add gtzc
2024-03-28 20:43:42,005 [INFO] IPUIPlugin:80 - create IPUIPlugin
2024-03-28 20:43:42,005 [INFO] PluginManager:220 - loadIPPluginJar : add hash
2024-03-28 20:43:42,068 [INFO] IPUIPlugin:80 - create IPUIPlugin
2024-03-28 20:43:42,068 [INFO] PluginManager:220 - loadIPPluginJar : add i2c
2024-03-28 20:43:42,113 [INFO] IPUIPlugin:80 - create IPUIPlugin
2024-03-28 20:43:42,113 [INFO] PluginManager:220 - loadIPPluginJar : add i2s
2024-03-28 20:43:42,167 [INFO] IPUIPlugin:80 - create IPUIPlugin
2024-03-28 20:43:42,167 [INFO] PluginManager:220 - loadIPPluginJar : add i3c
2024-03-28 20:43:42,284 [INFO] IPUIPlugin:80 - create IPUIPlugin
2024-03-28 20:43:42,284 [INFO] PluginManager:220 - loadIPPluginJar : add ipddr
2024-03-28 20:43:42,391 [INFO] IPUIPlugin:80 - create IPUIPlugin
2024-03-28 20:43:42,392 [INFO] PluginManager:220 - loadIPPluginJar : add linkedlist
2024-03-28 20:43:42,433 [INFO] IPUIPlugin:80 - create IPUIPlugin
2024-03-28 20:43:42,433 [INFO] PluginManager:220 - loadIPPluginJar : add lorawan
2024-03-28 20:43:42,481 [INFO] IPUIPlugin:80 - create IPUIPlugin
2024-03-28 20:43:42,481 [INFO] PluginManager:220 - loadIPPluginJar : add ltdc
2024-03-28 20:43:42,500 [INFO] IPUIPlugin:80 - create IPUIPlugin
2024-03-28 20:43:42,501 [INFO] PluginManager:220 - loadIPPluginJar : add mdma
2024-03-28 20:43:42,517 [INFO] IPUIPlugin:80 - create IPUIPlugin
2024-03-28 20:43:42,517 [INFO] PluginManager:220 - loadIPPluginJar : add nvic
2024-03-28 20:43:42,569 [INFO] IPUIPlugin:80 - create IPUIPlugin
2024-03-28 20:43:42,569 [INFO] PluginManager:220 - loadIPPluginJar : add opamp
2024-03-28 20:43:42,647 [INFO] IPUIPlugin:80 - create IPUIPlugin
2024-03-28 20:43:42,648 [INFO] PluginManager:220 - loadIPPluginJar : add openamp
2024-03-28 20:43:42,705 [INFO] IPUIPlugin:80 - create IPUIPlugin
2024-03-28 20:43:42,705 [INFO] PluginManager:220 - loadIPPluginJar : add pdm2pcm
2024-03-28 20:43:42,725 [INFO] IPUIPlugin:80 - create IPUIPlugin
2024-03-28 20:43:42,727 [INFO] PluginManager:220 - loadIPPluginJar : add plateformsettings
2024-03-28 20:43:42,757 [INFO] IPUIPlugin:80 - create IPUIPlugin
2024-03-28 20:43:42,757 [INFO] PluginManager:220 - loadIPPluginJar : add quadspi
2024-03-28 20:43:42,773 [INFO] IPUIPlugin:80 - create IPUIPlugin
2024-03-28 20:43:42,773 [INFO] PluginManager:220 - loadIPPluginJar : add resmgrutility
2024-03-28 20:43:42,833 [INFO] IPUIPlugin:80 - create IPUIPlugin
2024-03-28 20:43:42,833 [INFO] PluginManager:220 - loadIPPluginJar : add sai
2024-03-28 20:43:42,884 [INFO] IPUIPlugin:80 - create IPUIPlugin
2024-03-28 20:43:42,884 [INFO] PluginManager:220 - loadIPPluginJar : add spi
2024-03-28 20:43:42,975 [INFO] IPUIPlugin:80 - create IPUIPlugin
2024-03-28 20:43:42,975 [INFO] PluginManager:220 - loadIPPluginJar : add stm32_wpan
2024-03-28 20:43:43,003 [INFO] IPUIPlugin:80 - create IPUIPlugin
2024-03-28 20:43:43,003 [INFO] PluginManager:220 - loadIPPluginJar : add tim
2024-03-28 20:43:43,077 [INFO] IPUIPlugin:80 - create IPUIPlugin
2024-03-28 20:43:43,077 [INFO] PluginManager:220 - loadIPPluginJar : add touchsensing
2024-03-28 20:43:43,106 [INFO] IPUIPlugin:80 - create IPUIPlugin
2024-03-28 20:43:43,106 [INFO] PluginManager:220 - loadIPPluginJar : add tracer_emb
2024-03-28 20:43:43,139 [INFO] IPUIPlugin:80 - create IPUIPlugin
2024-03-28 20:43:43,139 [INFO] PluginManager:220 - loadIPPluginJar : add ts
2024-03-28 20:43:43,164 [INFO] IPUIPlugin:80 - create IPUIPlugin
2024-03-28 20:43:43,165 [INFO] PluginManager:220 - loadIPPluginJar : add tsc
2024-03-28 20:43:43,205 [INFO] IPUIPlugin:80 - create IPUIPlugin
2024-03-28 20:43:43,205 [INFO] PluginManager:220 - loadIPPluginJar : add ucpd
2024-03-28 20:43:43,265 [INFO] IPUIPlugin:80 - create IPUIPlugin
2024-03-28 20:43:43,265 [INFO] PluginManager:220 - loadIPPluginJar : add usart
2024-03-28 20:43:43,330 [INFO] IPUIPlugin:80 - create IPUIPlugin
2024-03-28 20:43:43,330 [INFO] PluginManager:220 - loadIPPluginJar : add usbx
2024-03-28 20:43:43,428 [INFO] ThirdPartyUpdaterWithRetryManager:70 - Updater plugin not ready yet. [2/15]
2024-03-28 20:43:43,475 [INFO] CADModel:165 - CPN selected for project level
2024-03-28 20:43:43,475 [INFO] CADModel:114 - Register for checkConnection events
2024-03-28 20:43:43,476 [FATAL] Updater:308 - Updater called before beeing initialized
2024-03-28 20:43:43,476 [ERROR] CADModel:125 - Updater not yet initialized, retry later 
2024-03-28 20:43:43,640 [INFO] CADModel:165 - CPN selected for project level
2024-03-28 20:43:43,640 [INFO] CADModel:114 - Register for checkConnection events
2024-03-28 20:43:43,640 [FATAL] Updater:308 - Updater called before beeing initialized
2024-03-28 20:43:43,640 [ERROR] CADModel:125 - Updater not yet initialized, retry later 
2024-03-28 20:43:43,644 [FATAL] Updater:308 - Updater called before beeing initialized
2024-03-28 20:43:43,773 [FATAL] Updater:308 - Updater called before beeing initialized
2024-03-28 20:43:43,785 [INFO] DbMcusAds:53 - JSON generation date=Wed Nov 29 11:52:27 CET 2023 (1701255147349)
2024-03-28 20:43:43,785 [FATAL] Updater:308 - Updater called before beeing initialized
2024-03-28 20:43:43,876 [WARN] DetailPanel:346 - Failed to get advertising image, set to default
2024-03-28 20:43:44,023 [FATAL] Updater:308 - Updater called before beeing initialized
2024-03-28 20:43:44,024 [FATAL] Updater:308 - Updater called before beeing initialized
2024-03-28 20:43:44,024 [FATAL] Updater:308 - Updater called before beeing initialized
2024-03-28 20:43:44,025 [WARN] DetailPanel:346 - Failed to get advertising image, set to default
2024-03-28 20:43:44,026 [FATAL] Updater:308 - Updater called before beeing initialized
2024-03-28 20:43:44,108 [ERROR] Updater:1120 - MainUpdater not yet initialized. External WinMGr cannot be set.
2024-03-28 20:43:44,123 [INFO] Updater:1056 - Updater Version found : 6.10.0
2024-03-28 20:43:44,145 [INFO] ApplicationProperties:184 - Using Application install path: C:\ST\STM32CubeIDE_1.14.1\STM32CubeIDE\plugins\com.st.stm32cube.common.mx_6.10.0.202311202037
2024-03-28 20:43:45,731 [ERROR] LogOutputStream:75 - [STDERR_REDIRECT] Mar 28, 2024 8:43:45 PM java.util.prefs.WindowsPreferences <init>
2024-03-28 20:43:45,733 [ERROR] LogOutputStream:75 - [STDERR_REDIRECT] WARNING: Could not open/create prefs root node Software\JavaSoft\Prefs at root 0xffffffff80000002. Windows RegCreateKeyEx(...) returned error code 5.
2024-03-28 20:43:45,734 [ERROR] LogOutputStream:75 - [STDERR_REDIRECT] 
2024-03-28 20:43:46,213 [INFO] MainUpdater:2873 - connection check result : 10
2024-03-28 20:43:46,214 [INFO] MainUpdater:290 - Updater Check For Update Now.
2024-03-28 20:43:46,214 [INFO] MicroXplorer:498 - Change Database Version : DB.6.0.100
2024-03-28 20:43:46,239 [INFO] McuFinderGlobals:63 - Set McuFinder mode to 2 (CubeIDE integrated)
2024-03-28 20:43:46,240 [INFO] UserAuth:180 - activating auth plugin
2024-03-28 20:43:46,244 [INFO] UserAuth:404 - Internet connection configuration mode: 1
2024-03-28 20:43:46,279 [INFO] JxBrowserEngine:152 - Initiate JxBrowser Engine with user profile folder
2024-03-28 20:43:46,429 [WARN] MainUpdater:1194 - Updater busy. Cannot search thirdparties
2024-03-28 20:43:46,429 [INFO] ThirdPartyUpdaterWithRetryManager:96 - Updater plugin is busy. [1/15]
2024-03-28 20:43:46,459 [INFO] CheckServerUpdateThread:120 - End of CheckServer Thread
2024-03-28 20:43:49,768 [INFO] WebApp:161 - Instantiating new browser for Auth
2024-03-28 20:43:49,872 [WARN] PackLoader:240 - Cannot read IP mode file for STMicroelectronics.X-CUBE-SMBUS.2.1.0
2024-03-28 20:43:49,906 [WARN] PackLoader:240 - Cannot read IP mode file for STMicroelectronics.X-CUBE-TOUCHGFX.4.23.0
2024-03-28 20:43:49,986 [WARN] PackLoader:240 - Cannot read IP mode file for STMicroelectronics.X-CUBE-AZRTOS-F7.1.1.0
2024-03-28 20:43:50,025 [WARN] PackLoader:240 - Cannot read IP mode file for STMicroelectronics.FP-SNS-MOTENV1.4.3.2
2024-03-28 20:43:50,055 [WARN] PackLoader:240 - Cannot read IP mode file for STMicroelectronics.FP-SNS-FLIGHT1.5.0.2
2024-03-28 20:43:50,085 [WARN] PackLoader:240 - Cannot read IP mode file for STMicroelectronics.X-CUBE-DISPLAY.3.0.0
2024-03-28 20:43:50,123 [WARN] PackLoader:240 - Cannot read IP mode file for STMicroelectronics.X-CUBE-BLE1.7.0.0
2024-03-28 20:43:50,149 [WARN] PackLoader:240 - Cannot read IP mode file for emotas.I-CUBE-CANOPEN.1.3.0
2024-03-28 20:43:50,187 [WARN] PackLoader:240 - Cannot read IP mode file for STMicroelectronics.X-CUBE-BLEMGR.3.1.0
2024-03-28 20:43:50,288 [WARN] PackLoader:240 - Cannot read IP mode file for STMicroelectronics.FP-SNS-SMARTAG2.1.2.0
2024-03-28 20:43:50,365 [INFO] LogOutputStream:77 - [STDOUT_REDIRECT] 1 : Invalid condition id : UX_CORESTACK_Condition cause : null
2024-03-28 20:43:50,366 [INFO] LogOutputStream:77 - [STDOUT_REDIRECT] 1 : Invalid condition id : UX_CORESTACK_Condition cause : null
2024-03-28 20:43:50,369 [INFO] LogOutputStream:77 - [STDOUT_REDIRECT] 1 : Invalid condition id : UX_CORESTACK_Condition cause : null
2024-03-28 20:43:50,372 [INFO] LogOutputStream:77 - [STDOUT_REDIRECT] 1 : Invalid condition id : UX_CORESTACK_Condition cause : null
2024-03-28 20:43:50,374 [INFO] LogOutputStream:77 - [STDOUT_REDIRECT] 1 : Invalid condition id : UX_CORESTACK_Condition cause : null
2024-03-28 20:43:50,381 [WARN] PackLoader:240 - Cannot read IP mode file for STMicroelectronics.X-CUBE-AZRTOS-WL.2.0.0
2024-03-28 20:43:50,417 [WARN] PackLoader:240 - Cannot read IP mode file for WES.I-CUBE-Cesium.1.3.0
2024-03-28 20:43:50,444 [WARN] PackLoader:240 - Cannot read IP mode file for STMicroelectronics.X-CUBE-BLE2.3.3.0
2024-03-28 20:43:50,471 [WARN] PackLoader:240 - Cannot read IP mode file for STMicroelectronics.X-CUBE-ALGOBUILD.1.3.0
2024-03-28 20:43:50,531 [WARN] PackLoader:240 - Cannot read IP mode file for STMicroelectronics.X-CUBE-AZRTOS-G0.1.1.0
2024-03-28 20:43:50,564 [WARN] PackLoader:240 - Cannot read IP mode file for STMicroelectronics.X-CUBE-NFC4.3.0.0
2024-03-28 20:43:50,595 [WARN] PackLoader:240 - Cannot read IP mode file for STMicroelectronics.X-CUBE-BLEMGR.3.0.0
2024-03-28 20:43:50,621 [WARN] PackLoader:240 - Cannot read IP mode file for STMicroelectronics.FP-ATR-SIGFOX1.3.2.0
2024-03-28 20:43:50,646 [WARN] PackLoader:240 - Cannot read IP mode file for STMicroelectronics.X-CUBE-EEPRMA1.5.1.0
2024-03-28 20:43:50,731 [WARN] PackLoader:240 - Cannot read IP mode file for SEGGER.I-CUBE-embOS.1.3.1
2024-03-28 20:43:50,814 [WARN] PackLoader:240 - Cannot read IP mode file for STMicroelectronics.X-CUBE-GNSS1.6.0.0
2024-03-28 20:43:50,861 [WARN] PackLoader:240 - Cannot read IP mode file for STMicroelectronics.X-CUBE-AZRTOS-F4.1.1.0
2024-03-28 20:43:50,885 [WARN] PackLoader:240 - Cannot read IP mode file for wolfSSL.I-CUBE-wolfSSL.5.6.6
2024-03-28 20:43:50,927 [WARN] PackLoader:240 - Cannot read IP mode file for STMicroelectronics.X-CUBE-AZRTOS-L5.2.0.0
2024-03-28 20:43:50,965 [WARN] PackLoader:240 - Cannot read IP mode file for STMicroelectronics.X-CUBE-NFC6.3.1.0
2024-03-28 20:43:50,993 [WARN] PackLoader:240 - Cannot read IP mode file for ITTIA_DB.I-CUBE-ITTIADB.8.8.0
2024-03-28 20:43:51,015 [INFO] WebApp:780 - Register for checkConnection events
2024-03-28 20:43:51,015 [WARN] PackLoader:240 - Cannot read IP mode file for STMicroelectronics.X-CUBE-NFC7.1.0.1
2024-03-28 20:43:51,015 [INFO] WebApp:414 - Apply proxy settings
2024-03-28 20:43:51,016 [INFO] WebApp:499 - Chromium requires no authentication
2024-03-28 20:43:51,031 [INFO] WebApp:442 - Direct internet connection detected
2024-03-28 20:43:51,042 [WARN] PackLoader:240 - Cannot read IP mode file for STMicroelectronics.X-CUBE-NFC6.3.0.0
2024-03-28 20:43:51,070 [WARN] PackLoader:240 - Cannot read IP mode file for STMicroelectronics.X-CUBE-AI.8.1.0
2024-03-28 20:43:51,149 [WARN] ConditionMgr:438 - getConditionDescription Invalid condition id : LAN8742 Phy interface Condition cause : null
2024-03-28 20:43:51,150 [WARN] PackLoader:240 - Cannot read IP mode file for STMicroelectronics.X-CUBE-AZRTOS-L4.2.0.0
2024-03-28 20:43:51,153 [WARN] ConditionMgr:1039 - genDependencies : Invalid condition id : LAN8742 Phy interface Condition cause : null
2024-03-28 20:43:51,153 [WARN] ConditionMgr:1039 - genDependencies : Invalid condition id : LAN8742 Phy interface Condition cause : null
2024-03-28 20:43:51,154 [WARN] ConditionMgr:1039 - genDependencies : Invalid condition id : LAN8742 Phy interface Condition cause : null
2024-03-28 20:43:51,182 [WARN] PackLoader:240 - Cannot read IP mode file for STMicroelectronics.X-CUBE-SFXS2LP1.4.0.0
2024-03-28 20:43:51,225 [WARN] ConditionMgr:438 - getConditionDescription Invalid condition id : UX DEVICE CLASS RTOS Condition cause : null
2024-03-28 20:43:51,225 [WARN] ConditionMgr:438 - getConditionDescription Invalid condition id : UX DEVICE CLASS RTOS Condition cause : null
2024-03-28 20:43:51,229 [WARN] PackLoader:240 - Cannot read IP mode file for STMicroelectronics.X-CUBE-AZRTOS-WB.2.0.0
2024-03-28 20:43:51,230 [WARN] ConditionMgr:1039 - genDependencies : Invalid condition id : UX DEVICE CLASS RTOS Condition cause : null
2024-03-28 20:43:51,230 [WARN] ConditionMgr:1039 - genDependencies : Invalid condition id : UX DEVICE CLASS RTOS Condition cause : null
2024-03-28 20:43:51,231 [WARN] ConditionMgr:1039 - genDependencies : Invalid condition id : UX DEVICE CLASS RTOS Condition cause : null
2024-03-28 20:43:51,231 [WARN] ConditionMgr:1039 - genDependencies : Invalid condition id : UX DEVICE CLASS RTOS Condition cause : null
2024-03-28 20:43:51,231 [WARN] ConditionMgr:1039 - genDependencies : Invalid condition id : UX DEVICE CLASS RTOS Condition cause : null
2024-03-28 20:43:51,269 [WARN] PackLoader:240 - Cannot read IP mode file for STMicroelectronics.X-CUBE-SUBG2.5.0.0
2024-03-28 20:43:51,323 [WARN] PackLoader:240 - Cannot read IP mode file for STMicroelectronics.X-CUBE-AZRTOS-G4.2.0.0
2024-03-28 20:43:51,370 [WARN] PackLoader:240 - Cannot read IP mode file for Infineon.AIROC-Wi-Fi-Bluetooth-STM32.1.5.1
2024-03-28 20:43:51,400 [WARN] PackLoader:240 - Cannot read IP mode file for STMicroelectronics.FP-SNS-MOTENVWB1.1.3.1
2024-03-28 20:43:51,425 [INFO] WebApp:192 - Starting web application
2024-03-28 20:43:51,425 [INFO] WebApp:544 - Web application path used C:\ST\STM32CubeIDE_1.14.1\STM32CubeIDE\plugins\com.st.stm32cube.common.mx_6.10.0.202311202037\db\plugins\mcufinder\reactClient1\index.html
2024-03-28 20:43:51,426 [WARN] PackLoader:240 - Cannot read IP mode file for STMicroelectronics.X-CUBE-ISPU.2.0.0
2024-03-28 20:43:51,512 [WARN] PackLoader:240 - Cannot read IP mode file for STMicroelectronics.X-CUBE-MEMS1.10.0.0
2024-03-28 20:43:51,798 [WARN] PackLoader:240 - Cannot read IP mode file for STMicroelectronics.X-CUBE-FREERTOS.1.1.0
2024-03-28 20:43:51,845 [WARN] PackLoader:240 - Cannot read IP mode file for portGmbH.I-Cube-SoM-uGOAL.1.1.0
2024-03-28 20:43:51,879 [WARN] PackLoader:240 - Cannot read IP mode file for STMicroelectronics.X-CUBE-ALS.1.0.1
2024-03-28 20:43:51,907 [WARN] PackLoader:240 - Cannot read IP mode file for STMicroelectronics.FP-ATR-ASTRA1.2.0.0
2024-03-28 20:43:51,947 [WARN] PackLoader:240 - Cannot read IP mode file for STMicroelectronics.X-CUBE-TOF1.3.4.0
2024-03-28 20:43:52,001 [WARN] PackLoader:240 - Cannot read IP mode file for STMicroelectronics.X-CUBE-TOF1.3.4.1
2024-03-28 20:43:52,080 [WARN] PackLoader:240 - Cannot read IP mode file for STMicroelectronics.X-CUBE-AZRTOS-H7.3.2.0
2024-03-28 20:43:52,086 [INFO] ThirdParty:978 - Integrity check success = true
2024-03-28 20:43:52,086 [INFO] IntegrityCheckThread:100 - exiting critical section [integrity check]
2024-03-28 20:43:52,087 [INFO] IntegrityCheckThread:103 - End integrity checks thread
2024-03-28 20:44:12,840 [ERROR] LogOutputStream:75 - [STDERR_REDIRECT] SLF4J: Failed to load class "org.slf4j.impl.StaticLoggerBinder".
2024-03-28 20:44:12,841 [ERROR] LogOutputStream:75 - [STDERR_REDIRECT] SLF4J: Defaulting to no-operation (NOP) logger implementation
2024-03-28 20:44:12,843 [ERROR] LogOutputStream:75 - [STDERR_REDIRECT] SLF4J: See http://www.slf4j.org/codes.html#StaticLoggerBinder for further details.
