2024-04-11 14:43:07,909 [INFO] Activator:176 - 


2024-04-11 14:43:07,918 [INFO] Activator:177 - !SESSION log4j initialized
2024-04-11 14:43:17,326 [INFO] LogOutputStream:77 - [STDOUT_REDIRECT] 
2024-04-11 14:43:24,644 [INFO] ApplicationProperties:184 - Using Application install path: C:\ST\STM32CubeIDE_1.14.1\STM32CubeIDE\plugins\com.st.stm32cube.common.mx_6.10.0.202311202037
2024-04-11 14:43:24,666 [INFO] DbMcusXml:78 - Set database path to: C:\ST\STM32CubeIDE_1.14.1\STM32CubeIDE\plugins\com.st.stm32cube.common.mx_6.10.0.202311202037\\db\/mcu/
2024-04-11 14:43:24,667 [INFO] ApiDb:274 - Set plugin database path to: C:\ST\STM32CubeIDE_1.14.1\STM32CubeIDE\plugins\com.st.stm32cube.common.mx_6.10.0.202311202037\\db\/plugins/boardmanager/
2024-04-11 14:43:24,668 [WARN] ApiDb:259 - Overriding images path with different value:  => C:\ST\STM32CubeIDE_1.14.1\STM32CubeIDE\plugins\com.st.stm32cube.common.mx_6.10.0.202311202037\\db\/plugins/mcufinder/images/
2024-04-11 14:43:24,679 [INFO] ApiDb:250 - Set database path to: C:\Users\gurc\.stmcufinder\plugins\mcufinder//mcu/
2024-04-11 14:43:24,681 [INFO] DbMcusAds:125 - Set database path to: C:\Users\gurc\.stmcufinder\plugins\mcufinder//mcu/
2024-04-11 14:43:24,683 [INFO] CrossReferenceDbSqlite:203 - Set database path to: C:\Users\gurc\.stmcufinder\plugins\mcufinder//mcu/cs/
2024-04-11 14:43:24,832 [INFO] RulesReader:64 - Compatibility file has been processed (297 Rules)
2024-04-11 14:43:24,947 [INFO] DbMcusXml:78 - Set database path to: C:\ST\STM32CubeIDE_1.14.1\STM32CubeIDE\plugins\com.st.stm32cube.common.mx_6.10.0.202311202037\\db\/mcu/
2024-04-11 14:43:24,947 [INFO] ApiDb:274 - Set plugin database path to: C:\ST\STM32CubeIDE_1.14.1\STM32CubeIDE\plugins\com.st.stm32cube.common.mx_6.10.0.202311202037\\db\/plugins/boardmanager/
2024-04-11 14:43:24,947 [INFO] ApiDb:261 - Set plugin images path to: C:\ST\STM32CubeIDE_1.14.1\STM32CubeIDE\plugins\com.st.stm32cube.common.mx_6.10.0.202311202037\\db\/plugins/mcufinder/images/
2024-04-11 14:43:24,948 [WARN] DbFile:41 - Overriding database path with different value: C:\Users\gurc\.stmcufinder\plugins\mcufinder/ => C:\Users\gurc\.stmcufinder\plugins\mcufinder
2024-04-11 14:43:24,948 [INFO] ApiDb:250 - Set database path to: C:\Users\gurc\.stmcufinder\plugins\mcufinder//mcu/
2024-04-11 14:43:24,948 [WARN] DbFile:41 - Overriding database path with different value: C:\Users\gurc\.stmcufinder\plugins\mcufinder/ => C:\Users\gurc\.stmcufinder\plugins\mcufinder
2024-04-11 14:43:24,948 [INFO] DbMcusAds:125 - Set database path to: C:\Users\gurc\.stmcufinder\plugins\mcufinder//mcu/
2024-04-11 14:43:24,948 [WARN] DbFile:41 - Overriding database path with different value: C:\Users\gurc\.stmcufinder\plugins\mcufinder/ => C:\Users\gurc\.stmcufinder\plugins\mcufinder
2024-04-11 14:43:24,948 [WARN] DbFile:41 - Overriding database path with different value: C:\Users\gurc\.stmcufinder\plugins\mcufinder/ => C:\Users\gurc\.stmcufinder\plugins\mcufinder
2024-04-11 14:43:24,948 [INFO] CrossReferenceDbSqlite:203 - Set database path to: C:\Users\gurc\.stmcufinder\plugins\mcufinder//mcu/cs/
2024-04-11 14:43:25,057 [INFO] MainPanel:264 - HeapMemory: 268435456
2024-04-11 14:43:25,183 [INFO] DbMcusXml:78 - Set database path to: C:\ST\STM32CubeIDE_1.14.1\STM32CubeIDE\plugins\com.st.stm32cube.common.mx_6.10.0.202311202037\\db\/mcu/
2024-04-11 14:43:25,183 [INFO] ApiDb:274 - Set plugin database path to: C:\ST\STM32CubeIDE_1.14.1\STM32CubeIDE\plugins\com.st.stm32cube.common.mx_6.10.0.202311202037\\db\/plugins/boardmanager/
2024-04-11 14:43:25,183 [INFO] ApiDb:261 - Set plugin images path to: C:\ST\STM32CubeIDE_1.14.1\STM32CubeIDE\plugins\com.st.stm32cube.common.mx_6.10.0.202311202037\\db\/plugins/mcufinder/images/
2024-04-11 14:43:25,184 [WARN] DbFile:41 - Overriding database path with different value: C:\Users\gurc\.stmcufinder\plugins\mcufinder/ => C:\Users\gurc\.stmcufinder\plugins\mcufinder
2024-04-11 14:43:25,184 [INFO] ApiDb:250 - Set database path to: C:\Users\gurc\.stmcufinder\plugins\mcufinder//mcu/
2024-04-11 14:43:25,184 [WARN] DbFile:41 - Overriding database path with different value: C:\Users\gurc\.stmcufinder\plugins\mcufinder/ => C:\Users\gurc\.stmcufinder\plugins\mcufinder
2024-04-11 14:43:25,184 [INFO] DbMcusAds:125 - Set database path to: C:\Users\gurc\.stmcufinder\plugins\mcufinder//mcu/
2024-04-11 14:43:25,184 [WARN] DbFile:41 - Overriding database path with different value: C:\Users\gurc\.stmcufinder\plugins\mcufinder/ => C:\Users\gurc\.stmcufinder\plugins\mcufinder
2024-04-11 14:43:25,184 [WARN] DbFile:41 - Overriding database path with different value: C:\Users\gurc\.stmcufinder\plugins\mcufinder/ => C:\Users\gurc\.stmcufinder\plugins\mcufinder
2024-04-11 14:43:25,185 [INFO] CrossReferenceDbSqlite:203 - Set database path to: C:\Users\gurc\.stmcufinder\plugins\mcufinder//mcu/cs/
2024-04-11 14:43:25,210 [INFO] ApplicationProperties:184 - Using Application install path: C:\ST\STM32CubeIDE_1.14.1\STM32CubeIDE\plugins\com.st.stm32cube.common.mx_6.10.0.202311202037
2024-04-11 14:43:25,211 [INFO] PluginManage:196 - Search for loadable plugins [exclusion list=, ]
2024-04-11 14:43:25,213 [INFO] PluginManage:310 - Check plugin analytics
2024-04-11 14:43:25,458 [INFO] AnalyticsPlugin:253 - Accepted Software Licenses: 
2024-04-11 14:43:25,458 [INFO] AnalyticsPlugin:255 - Accepted CMSIS Pack Licenses: 
2024-04-11 14:43:25,458 [INFO] AnalyticsPlugin:257 - Accepted Firmware Licenses: 
2024-04-11 14:43:25,462 [INFO] PluginManage:359 - Loaded plugin analytics (category:tool,tabindex:-1)
2024-04-11 14:43:25,462 [INFO] PluginManage:310 - Check plugin cadmodel
2024-04-11 14:43:25,487 [INFO] CADModel:105 - Init CAD model plugin
2024-04-11 14:43:25,487 [INFO] PluginManage:359 - Loaded plugin cadmodel (category:power,tabindex:5)
2024-04-11 14:43:25,487 [INFO] PluginManage:310 - Check plugin clock
2024-04-11 14:43:25,520 [INFO] PluginManage:359 - Loaded plugin clock (category:base,tabindex:2)
2024-04-11 14:43:25,521 [INFO] PluginManage:310 - Check plugin ddr
2024-04-11 14:43:25,524 [INFO] PluginManage:359 - Loaded plugin ddr (category:tool,tabindex:6)
2024-04-11 14:43:25,524 [INFO] PluginManage:310 - Check plugin filemanager
2024-04-11 14:43:25,709 [INFO] PluginManage:359 - Loaded plugin filemanager (category:base,tabindex:10)
2024-04-11 14:43:25,709 [INFO] PluginManage:310 - Check plugin ipmanager
2024-04-11 14:43:25,725 [INFO] PluginManage:359 - Loaded plugin ipmanager (category:base,tabindex:5)
2024-04-11 14:43:25,726 [INFO] PluginManage:310 - Check plugin lpbam
2024-04-11 14:43:25,753 [INFO] PluginManage:359 - Loaded plugin lpbam (category:base,tabindex:0)
2024-04-11 14:43:25,753 [INFO] PluginManage:310 - Check plugin memorymap
2024-04-11 14:43:25,787 [INFO] PluginManage:359 - Loaded plugin memorymap (category:base,tabindex:4)
2024-04-11 14:43:25,787 [INFO] PluginManage:310 - Check plugin pinoutandconfiguration
2024-04-11 14:43:25,810 [INFO] PluginManage:359 - Loaded plugin pinoutandconfiguration (category:base,tabindex:1)
2024-04-11 14:43:25,811 [INFO] PluginManage:310 - Check plugin pinoutconfig
2024-04-11 14:43:25,932 [WARN] SupportedApi:132 - Cannot load RTOS API schema: s4s-elt-must-match.1: The content of 'definitions' must match (annotation?, (simpleType | complexType)?, (unique | key | keyref)*)). A problem was found starting at: attribute.
2024-04-11 14:43:26,090 [INFO] PluginManage:359 - Loaded plugin pinoutconfig (category:base,tabindex:0)
2024-04-11 14:43:26,090 [INFO] PluginManage:310 - Check plugin power
2024-04-11 14:43:26,126 [INFO] PluginManage:359 - Loaded plugin power (category:power,tabindex:4)
2024-04-11 14:43:26,126 [INFO] PluginManage:310 - Check plugin projectmanager
2024-04-11 14:43:26,152 [INFO] PluginManage:359 - Loaded plugin projectmanager (category:projectmanager,tabindex:3)
2024-04-11 14:43:26,153 [INFO] PluginManage:310 - Check plugin thirdparty
2024-04-11 14:43:26,522 [INFO] PluginManage:359 - Loaded plugin thirdparty (category:base,tabindex:-1)
2024-04-11 14:43:26,522 [WARN] IntegrityCheckThread:84 - waiting for thirdparty lock release [integrity check]
2024-04-11 14:43:26,523 [INFO] PluginManage:310 - Check plugin tools
2024-04-11 14:43:26,523 [INFO] IntegrityCheckThread:86 - entering critical section [integrity check]
2024-04-11 14:43:26,523 [INFO] ThirdPartyUpdaterWithRetryManager:70 - Updater plugin not ready yet. [1/15]
2024-04-11 14:43:26,572 [INFO] PluginManage:359 - Loaded plugin tools (category:base,tabindex:7)
2024-04-11 14:43:26,572 [INFO] PluginManage:310 - Check plugin tutovideos
2024-04-11 14:43:26,877 [INFO] PluginManage:359 - Loaded plugin tutovideos (category:base,tabindex:-1)
2024-04-11 14:43:26,877 [INFO] PluginManage:310 - Check plugin updater
2024-04-11 14:43:26,897 [INFO] PluginManage:359 - Loaded plugin updater (category:base,tabindex:12)
2024-04-11 14:43:26,897 [INFO] PluginManage:310 - Check plugin userauth
2024-04-11 14:43:26,906 [INFO] UserAuth:114 - Init User Auth plugin
2024-04-11 14:43:26,907 [INFO] PluginManage:359 - Loaded plugin userauth (category:base,tabindex:14)
2024-04-11 14:43:26,907 [INFO] PluginManage:283 - PluginManage : Loaded plugins [17]
2024-04-11 14:43:27,262 [INFO] PinOutPanel:1499 - setPackage(No Configuration,No Configuration)
2024-04-11 14:43:27,375 [INFO] CADModel:165 - CPN selected for project level
2024-04-11 14:43:27,376 [INFO] CADModel:114 - Register for checkConnection events
2024-04-11 14:43:27,410 [INFO] IPUIPlugin:80 - create IPUIPlugin
2024-04-11 14:43:27,410 [INFO] PluginManager:220 - loadIPPluginJar : add adc
2024-04-11 14:43:27,462 [INFO] IPUIPlugin:80 - create IPUIPlugin
2024-04-11 14:43:27,463 [INFO] PluginManager:220 - loadIPPluginJar : add aes
2024-04-11 14:43:27,521 [INFO] IPUIPlugin:80 - create IPUIPlugin
2024-04-11 14:43:27,522 [INFO] PluginManager:220 - loadIPPluginJar : add can
2024-04-11 14:43:27,559 [INFO] IPUIPlugin:80 - create IPUIPlugin
2024-04-11 14:43:27,559 [INFO] PluginManager:220 - loadIPPluginJar : add comp
2024-04-11 14:43:27,616 [INFO] IPUIPlugin:80 - create IPUIPlugin
2024-04-11 14:43:27,617 [INFO] PluginManager:220 - loadIPPluginJar : add cryp
2024-04-11 14:43:27,660 [INFO] IPUIPlugin:80 - create IPUIPlugin
2024-04-11 14:43:27,661 [INFO] PluginManager:220 - loadIPPluginJar : add dfsdm
2024-04-11 14:43:27,680 [INFO] IPUIPlugin:80 - create IPUIPlugin
2024-04-11 14:43:27,680 [INFO] PluginManager:220 - loadIPPluginJar : add dma
2024-04-11 14:43:27,744 [INFO] IPUIPlugin:80 - create IPUIPlugin
2024-04-11 14:43:27,745 [INFO] PluginManager:220 - loadIPPluginJar : add dma3
2024-04-11 14:43:27,774 [INFO] IPUIPlugin:80 - create IPUIPlugin
2024-04-11 14:43:27,774 [INFO] PluginManager:220 - loadIPPluginJar : add fatfs
2024-04-11 14:43:27,856 [INFO] IPUIPlugin:80 - create IPUIPlugin
2024-04-11 14:43:27,856 [INFO] PluginManager:220 - loadIPPluginJar : add fmc
2024-04-11 14:43:27,879 [INFO] IPUIPlugin:80 - create IPUIPlugin
2024-04-11 14:43:27,879 [INFO] PluginManager:220 - loadIPPluginJar : add freertos
2024-04-11 14:43:27,909 [INFO] IPUIPlugin:80 - create IPUIPlugin
2024-04-11 14:43:27,909 [INFO] PluginManager:220 - loadIPPluginJar : add genericplugin
2024-04-11 14:43:28,039 [INFO] IPUIPlugin:80 - create IPUIPlugin
2024-04-11 14:43:28,039 [INFO] PluginManager:220 - loadIPPluginJar : add gfxmmu
2024-04-11 14:43:28,207 [INFO] IPUIPlugin:80 - create IPUIPlugin
2024-04-11 14:43:28,207 [INFO] PluginManager:220 - loadIPPluginJar : add gic
2024-04-11 14:43:28,225 [INFO] IPUIPlugin:80 - create IPUIPlugin
2024-04-11 14:43:28,226 [INFO] PluginManager:220 - loadIPPluginJar : add gpio
2024-04-11 14:43:28,338 [INFO] IPUIPlugin:80 - create IPUIPlugin
2024-04-11 14:43:28,338 [INFO] PluginManager:220 - loadIPPluginJar : add gtzc
2024-04-11 14:43:28,380 [INFO] IPUIPlugin:80 - create IPUIPlugin
2024-04-11 14:43:28,380 [INFO] PluginManager:220 - loadIPPluginJar : add hash
2024-04-11 14:43:28,447 [INFO] IPUIPlugin:80 - create IPUIPlugin
2024-04-11 14:43:28,447 [INFO] PluginManager:220 - loadIPPluginJar : add i2c
2024-04-11 14:43:28,496 [INFO] IPUIPlugin:80 - create IPUIPlugin
2024-04-11 14:43:28,496 [INFO] PluginManager:220 - loadIPPluginJar : add i2s
2024-04-11 14:43:28,551 [INFO] IPUIPlugin:80 - create IPUIPlugin
2024-04-11 14:43:28,551 [INFO] PluginManager:220 - loadIPPluginJar : add i3c
2024-04-11 14:43:28,686 [INFO] IPUIPlugin:80 - create IPUIPlugin
2024-04-11 14:43:28,687 [INFO] PluginManager:220 - loadIPPluginJar : add ipddr
2024-04-11 14:43:28,797 [INFO] IPUIPlugin:80 - create IPUIPlugin
2024-04-11 14:43:28,797 [INFO] PluginManager:220 - loadIPPluginJar : add linkedlist
2024-04-11 14:43:28,841 [INFO] IPUIPlugin:80 - create IPUIPlugin
2024-04-11 14:43:28,841 [INFO] PluginManager:220 - loadIPPluginJar : add lorawan
2024-04-11 14:43:28,889 [INFO] IPUIPlugin:80 - create IPUIPlugin
2024-04-11 14:43:28,889 [INFO] PluginManager:220 - loadIPPluginJar : add ltdc
2024-04-11 14:43:28,907 [INFO] IPUIPlugin:80 - create IPUIPlugin
2024-04-11 14:43:28,907 [INFO] PluginManager:220 - loadIPPluginJar : add mdma
2024-04-11 14:43:28,924 [INFO] IPUIPlugin:80 - create IPUIPlugin
2024-04-11 14:43:28,924 [INFO] PluginManager:220 - loadIPPluginJar : add nvic
2024-04-11 14:43:28,968 [INFO] IPUIPlugin:80 - create IPUIPlugin
2024-04-11 14:43:28,968 [INFO] PluginManager:220 - loadIPPluginJar : add opamp
2024-04-11 14:43:29,044 [INFO] IPUIPlugin:80 - create IPUIPlugin
2024-04-11 14:43:29,045 [INFO] PluginManager:220 - loadIPPluginJar : add openamp
2024-04-11 14:43:29,109 [INFO] IPUIPlugin:80 - create IPUIPlugin
2024-04-11 14:43:29,109 [INFO] PluginManager:220 - loadIPPluginJar : add pdm2pcm
2024-04-11 14:43:29,130 [INFO] IPUIPlugin:80 - create IPUIPlugin
2024-04-11 14:43:29,133 [INFO] PluginManager:220 - loadIPPluginJar : add plateformsettings
2024-04-11 14:43:29,161 [INFO] IPUIPlugin:80 - create IPUIPlugin
2024-04-11 14:43:29,162 [INFO] PluginManager:220 - loadIPPluginJar : add quadspi
2024-04-11 14:43:29,178 [INFO] IPUIPlugin:80 - create IPUIPlugin
2024-04-11 14:43:29,179 [INFO] PluginManager:220 - loadIPPluginJar : add resmgrutility
2024-04-11 14:43:29,238 [INFO] IPUIPlugin:80 - create IPUIPlugin
2024-04-11 14:43:29,238 [INFO] PluginManager:220 - loadIPPluginJar : add sai
2024-04-11 14:43:29,285 [INFO] IPUIPlugin:80 - create IPUIPlugin
2024-04-11 14:43:29,286 [INFO] PluginManager:220 - loadIPPluginJar : add spi
2024-04-11 14:43:29,392 [INFO] IPUIPlugin:80 - create IPUIPlugin
2024-04-11 14:43:29,392 [INFO] PluginManager:220 - loadIPPluginJar : add stm32_wpan
2024-04-11 14:43:29,421 [INFO] IPUIPlugin:80 - create IPUIPlugin
2024-04-11 14:43:29,421 [INFO] PluginManager:220 - loadIPPluginJar : add tim
2024-04-11 14:43:29,490 [INFO] IPUIPlugin:80 - create IPUIPlugin
2024-04-11 14:43:29,490 [INFO] PluginManager:220 - loadIPPluginJar : add touchsensing
2024-04-11 14:43:29,522 [INFO] IPUIPlugin:80 - create IPUIPlugin
2024-04-11 14:43:29,522 [INFO] PluginManager:220 - loadIPPluginJar : add tracer_emb
2024-04-11 14:43:29,523 [INFO] ThirdPartyUpdaterWithRetryManager:70 - Updater plugin not ready yet. [2/15]
2024-04-11 14:43:29,561 [INFO] IPUIPlugin:80 - create IPUIPlugin
2024-04-11 14:43:29,562 [INFO] PluginManager:220 - loadIPPluginJar : add ts
2024-04-11 14:43:29,593 [INFO] IPUIPlugin:80 - create IPUIPlugin
2024-04-11 14:43:29,594 [INFO] PluginManager:220 - loadIPPluginJar : add tsc
2024-04-11 14:43:29,624 [INFO] IPUIPlugin:80 - create IPUIPlugin
2024-04-11 14:43:29,624 [INFO] PluginManager:220 - loadIPPluginJar : add ucpd
2024-04-11 14:43:29,679 [INFO] IPUIPlugin:80 - create IPUIPlugin
2024-04-11 14:43:29,679 [INFO] PluginManager:220 - loadIPPluginJar : add usart
2024-04-11 14:43:29,743 [INFO] IPUIPlugin:80 - create IPUIPlugin
2024-04-11 14:43:29,743 [INFO] PluginManager:220 - loadIPPluginJar : add usbx
2024-04-11 14:43:29,900 [INFO] CADModel:165 - CPN selected for project level
2024-04-11 14:43:29,900 [INFO] CADModel:114 - Register for checkConnection events
2024-04-11 14:43:29,901 [FATAL] Updater:308 - Updater called before beeing initialized
2024-04-11 14:43:29,901 [ERROR] CADModel:125 - Updater not yet initialized, retry later 
2024-04-11 14:43:30,103 [INFO] CADModel:165 - CPN selected for project level
2024-04-11 14:43:30,103 [INFO] CADModel:114 - Register for checkConnection events
2024-04-11 14:43:30,104 [FATAL] Updater:308 - Updater called before beeing initialized
2024-04-11 14:43:30,104 [ERROR] CADModel:125 - Updater not yet initialized, retry later 
2024-04-11 14:43:30,108 [FATAL] Updater:308 - Updater called before beeing initialized
2024-04-11 14:43:30,270 [FATAL] Updater:308 - Updater called before beeing initialized
2024-04-11 14:43:30,284 [INFO] DbMcusAds:53 - JSON generation date=Wed Nov 29 11:52:27 CET 2023 (1701255147349)
2024-04-11 14:43:30,284 [FATAL] Updater:308 - Updater called before beeing initialized
2024-04-11 14:43:30,395 [WARN] DetailPanel:346 - Failed to get advertising image, set to default
2024-04-11 14:43:30,521 [FATAL] Updater:308 - Updater called before beeing initialized
2024-04-11 14:43:30,523 [FATAL] Updater:308 - Updater called before beeing initialized
2024-04-11 14:43:30,523 [FATAL] Updater:308 - Updater called before beeing initialized
2024-04-11 14:43:30,524 [WARN] DetailPanel:346 - Failed to get advertising image, set to default
2024-04-11 14:43:30,524 [FATAL] Updater:308 - Updater called before beeing initialized
2024-04-11 14:43:30,609 [ERROR] Updater:1120 - MainUpdater not yet initialized. External WinMGr cannot be set.
2024-04-11 14:43:30,624 [INFO] Updater:1056 - Updater Version found : 6.10.0
2024-04-11 14:43:30,646 [INFO] ApplicationProperties:184 - Using Application install path: C:\ST\STM32CubeIDE_1.14.1\STM32CubeIDE\plugins\com.st.stm32cube.common.mx_6.10.0.202311202037
2024-04-11 14:43:32,231 [ERROR] LogOutputStream:75 - [STDERR_REDIRECT] Apr 11, 2024 2:43:32 PM java.util.prefs.WindowsPreferences <init>
2024-04-11 14:43:32,233 [ERROR] LogOutputStream:75 - [STDERR_REDIRECT] WARNING: Could not open/create prefs root node Software\JavaSoft\Prefs at root 0xffffffff80000002. Windows RegCreateKeyEx(...) returned error code 5.
2024-04-11 14:43:32,233 [ERROR] LogOutputStream:75 - [STDERR_REDIRECT] 
2024-04-11 14:43:32,524 [INFO] ThirdPartyUpdaterWithRetryManager:70 - Updater plugin not ready yet. [3/15]
2024-04-11 14:43:32,602 [INFO] MainUpdater:2873 - connection check result : 10
2024-04-11 14:43:32,603 [INFO] MainUpdater:3567 - Updater definition file requires update
2024-04-11 14:43:32,605 [INFO] MainUpdater:290 - Updater Check For Update Now.
2024-04-11 14:43:32,605 [INFO] MicroXplorer:498 - Change Database Version : DB.6.0.100
2024-04-11 14:43:32,627 [INFO] McuFinderGlobals:63 - Set McuFinder mode to 2 (CubeIDE integrated)
2024-04-11 14:43:32,627 [INFO] UserAuth:180 - activating auth plugin
2024-04-11 14:43:32,630 [INFO] UserAuth:404 - Internet connection configuration mode: 1
2024-04-11 14:43:32,660 [INFO] JxBrowserEngine:152 - Initiate JxBrowser Engine with user profile folder
2024-04-11 14:43:32,676 [INFO] ServerAccessManage:473 - Download File updaters.zip
2024-04-11 14:43:32,783 [INFO] FileExtend:240 - Unzip File : updaters.zip
2024-04-11 14:43:32,783 [INFO] FileExtend:255 - Standard Zip Deflate
2024-04-11 14:43:33,339 [INFO] ServerAccessManage:473 - Download File PacksControlFlags.xml
2024-04-11 14:43:33,499 [INFO] ServerAccessManage:473 - Download File cubemx.pidx
2024-04-11 14:43:35,176 [INFO] ServerAccessManage:473 - Download File STMicroelectronics.X-CUBE-TCPP.pdsc
2024-04-11 14:43:35,524 [WARN] MainUpdater:1194 - Updater busy. Cannot search thirdparties
2024-04-11 14:43:35,524 [INFO] ThirdPartyUpdaterWithRetryManager:96 - Updater plugin is busy. [1/15]
2024-04-11 14:43:36,107 [WARN] PackLoader:240 - Cannot read IP mode file for STMicroelectronics.X-CUBE-TCPP.4.1.0
2024-04-11 14:43:36,115 [INFO] PopulateThirdPartyThread:66 - Ending populate Thread
2024-04-11 14:43:36,118 [INFO] ThirdParty:1030 - CMSIS Pack Vendor :STMicroelectronics X-CUBE-TCPP 4.1.0
2024-04-11 14:43:36,118 [INFO] LoadServerUpdatesThread:375 - End of LoadServerUpdate Thread
2024-04-11 14:43:36,257 [INFO] CheckServerUpdateThread:120 - End of CheckServer Thread
2024-04-11 14:43:37,947 [INFO] WebApp:161 - Instantiating new browser for Auth
2024-04-11 14:43:38,929 [WARN] PackLoader:240 - Cannot read IP mode file for STMicroelectronics.X-CUBE-SMBUS.2.1.0
2024-04-11 14:43:38,950 [WARN] PackLoader:240 - Cannot read IP mode file for STMicroelectronics.X-CUBE-TOUCHGFX.4.23.0
2024-04-11 14:43:38,969 [WARN] PackLoader:240 - Cannot read IP mode file for STMicroelectronics.X-CUBE-TOUCHGFX.4.23.2
2024-04-11 14:43:38,982 [INFO] WebApp:780 - Register for checkConnection events
2024-04-11 14:43:38,983 [INFO] WebApp:414 - Apply proxy settings
2024-04-11 14:43:38,983 [INFO] WebApp:499 - Chromium requires no authentication
2024-04-11 14:43:38,996 [INFO] WebApp:442 - Direct internet connection detected
2024-04-11 14:43:39,025 [WARN] PackLoader:240 - Cannot read IP mode file for STMicroelectronics.X-CUBE-AZRTOS-F7.1.1.0
2024-04-11 14:43:39,056 [WARN] PackLoader:240 - Cannot read IP mode file for STMicroelectronics.FP-SNS-MOTENV1.4.3.2
2024-04-11 14:43:39,084 [WARN] PackLoader:240 - Cannot read IP mode file for STMicroelectronics.FP-SNS-FLIGHT1.5.0.2
2024-04-11 14:43:39,118 [WARN] PackLoader:240 - Cannot read IP mode file for STMicroelectronics.X-CUBE-DISPLAY.3.0.0
2024-04-11 14:43:39,157 [WARN] PackLoader:240 - Cannot read IP mode file for STMicroelectronics.X-CUBE-BLE1.7.0.0
2024-04-11 14:43:39,182 [WARN] PackLoader:240 - Cannot read IP mode file for emotas.I-CUBE-CANOPEN.1.3.0
2024-04-11 14:43:39,216 [WARN] PackLoader:240 - Cannot read IP mode file for STMicroelectronics.X-CUBE-BLEMGR.3.1.0
2024-04-11 14:43:39,238 [WARN] PackLoader:240 - Cannot read IP mode file for STMicroelectronics.FP-SNS-SMARTAG2.1.2.0
2024-04-11 14:43:39,267 [INFO] LogOutputStream:77 - [STDOUT_REDIRECT] 1 : Invalid condition id : UX_CORESTACK_Condition cause : null
2024-04-11 14:43:39,268 [INFO] LogOutputStream:77 - [STDOUT_REDIRECT] 1 : Invalid condition id : UX_CORESTACK_Condition cause : null
2024-04-11 14:43:39,271 [INFO] LogOutputStream:77 - [STDOUT_REDIRECT] 1 : Invalid condition id : UX_CORESTACK_Condition cause : null
2024-04-11 14:43:39,273 [INFO] LogOutputStream:77 - [STDOUT_REDIRECT] 1 : Invalid condition id : UX_CORESTACK_Condition cause : null
2024-04-11 14:43:39,275 [INFO] LogOutputStream:77 - [STDOUT_REDIRECT] 1 : Invalid condition id : UX_CORESTACK_Condition cause : null
2024-04-11 14:43:39,282 [WARN] PackLoader:240 - Cannot read IP mode file for STMicroelectronics.X-CUBE-AZRTOS-WL.2.0.0
2024-04-11 14:43:39,303 [WARN] PackLoader:240 - Cannot read IP mode file for STMicroelectronics.FP-SNS-MOTENV1.5.0.0
2024-04-11 14:43:39,327 [WARN] PackLoader:240 - Cannot read IP mode file for WES.I-CUBE-Cesium.1.3.0
2024-04-11 14:43:39,345 [WARN] PackLoader:240 - Cannot read IP mode file for STMicroelectronics.X-CUBE-BLE2.3.3.0
2024-04-11 14:43:39,354 [WARN] PackLoader:240 - Cannot read IP mode file for STMicroelectronics.X-CUBE-TCPP.4.1.0
2024-04-11 14:43:39,368 [INFO] WebApp:192 - Starting web application
2024-04-11 14:43:39,369 [INFO] WebApp:544 - Web application path used C:\ST\STM32CubeIDE_1.14.1\STM32CubeIDE\plugins\com.st.stm32cube.common.mx_6.10.0.202311202037\db\plugins\mcufinder\reactClient1\index.html
2024-04-11 14:43:39,379 [WARN] PackLoader:240 - Cannot read IP mode file for STMicroelectronics.X-CUBE-ALGOBUILD.1.3.0
2024-04-11 14:43:39,426 [WARN] PackLoader:240 - Cannot read IP mode file for STMicroelectronics.X-CUBE-AZRTOS-G0.1.1.0
2024-04-11 14:43:39,455 [WARN] PackLoader:240 - Cannot read IP mode file for STMicroelectronics.X-CUBE-SAFEA1.1.2.2
2024-04-11 14:43:39,479 [WARN] PackLoader:240 - Cannot read IP mode file for STMicroelectronics.X-CUBE-NFC4.3.0.0
2024-04-11 14:43:39,507 [WARN] PackLoader:240 - Cannot read IP mode file for STMicroelectronics.X-CUBE-BLEMGR.3.0.0
2024-04-11 14:43:39,516 [WARN] PackLoader:240 - Cannot read IP mode file for STMicroelectronics.FP-ATR-SIGFOX1.3.2.0
2024-04-11 14:43:39,539 [WARN] PackLoader:240 - Cannot read IP mode file for STMicroelectronics.X-CUBE-EEPRMA1.5.1.0
2024-04-11 14:43:39,601 [WARN] PackLoader:240 - Cannot read IP mode file for SEGGER.I-CUBE-embOS.1.3.1
2024-04-11 14:43:39,709 [WARN] PackLoader:240 - Cannot read IP mode file for STMicroelectronics.X-CUBE-GNSS1.6.0.0
2024-04-11 14:43:39,765 [WARN] PackLoader:240 - Cannot read IP mode file for STMicroelectronics.X-CUBE-AZRTOS-F4.1.1.0
2024-04-11 14:43:39,795 [WARN] PackLoader:240 - Cannot read IP mode file for wolfSSL.I-CUBE-wolfSSL.5.6.6
2024-04-11 14:43:39,849 [WARN] PackLoader:240 - Cannot read IP mode file for STMicroelectronics.X-CUBE-AZRTOS-L5.2.0.0
2024-04-11 14:43:39,880 [WARN] PackLoader:240 - Cannot read IP mode file for STMicroelectronics.X-CUBE-NFC6.3.1.0
2024-04-11 14:43:39,908 [WARN] PackLoader:240 - Cannot read IP mode file for ITTIA_DB.I-CUBE-ITTIADB.8.8.0
2024-04-11 14:43:39,932 [WARN] PackLoader:240 - Cannot read IP mode file for STMicroelectronics.X-CUBE-NFC7.1.0.1
2024-04-11 14:43:39,959 [WARN] PackLoader:240 - Cannot read IP mode file for STMicroelectronics.X-CUBE-NFC6.3.0.0
2024-04-11 14:43:39,982 [WARN] PackLoader:240 - Cannot read IP mode file for STMicroelectronics.X-CUBE-AI.8.1.0
2024-04-11 14:43:40,028 [WARN] ConditionMgr:438 - getConditionDescription Invalid condition id : LAN8742 Phy interface Condition cause : null
2024-04-11 14:43:40,030 [WARN] PackLoader:240 - Cannot read IP mode file for STMicroelectronics.X-CUBE-AZRTOS-L4.2.0.0
2024-04-11 14:43:40,031 [WARN] ConditionMgr:1039 - genDependencies : Invalid condition id : LAN8742 Phy interface Condition cause : null
2024-04-11 14:43:40,031 [WARN] ConditionMgr:1039 - genDependencies : Invalid condition id : LAN8742 Phy interface Condition cause : null
2024-04-11 14:43:40,032 [WARN] ConditionMgr:1039 - genDependencies : Invalid condition id : LAN8742 Phy interface Condition cause : null
2024-04-11 14:43:40,057 [WARN] PackLoader:240 - Cannot read IP mode file for STMicroelectronics.X-CUBE-SFXS2LP1.4.0.0
2024-04-11 14:43:40,098 [WARN] ConditionMgr:438 - getConditionDescription Invalid condition id : UX DEVICE CLASS RTOS Condition cause : null
2024-04-11 14:43:40,099 [WARN] ConditionMgr:438 - getConditionDescription Invalid condition id : UX DEVICE CLASS RTOS Condition cause : null
2024-04-11 14:43:40,102 [WARN] PackLoader:240 - Cannot read IP mode file for STMicroelectronics.X-CUBE-AZRTOS-WB.2.0.0
2024-04-11 14:43:40,103 [WARN] ConditionMgr:1039 - genDependencies : Invalid condition id : UX DEVICE CLASS RTOS Condition cause : null
2024-04-11 14:43:40,104 [WARN] ConditionMgr:1039 - genDependencies : Invalid condition id : UX DEVICE CLASS RTOS Condition cause : null
2024-04-11 14:43:40,105 [WARN] ConditionMgr:1039 - genDependencies : Invalid condition id : UX DEVICE CLASS RTOS Condition cause : null
2024-04-11 14:43:40,105 [WARN] ConditionMgr:1039 - genDependencies : Invalid condition id : UX DEVICE CLASS RTOS Condition cause : null
2024-04-11 14:43:40,105 [WARN] ConditionMgr:1039 - genDependencies : Invalid condition id : UX DEVICE CLASS RTOS Condition cause : null
2024-04-11 14:43:40,145 [WARN] PackLoader:240 - Cannot read IP mode file for STMicroelectronics.X-CUBE-SUBG2.5.0.0
2024-04-11 14:43:40,209 [WARN] PackLoader:240 - Cannot read IP mode file for STMicroelectronics.X-CUBE-AZRTOS-G4.2.0.0
2024-04-11 14:43:40,252 [WARN] PackLoader:240 - Cannot read IP mode file for Infineon.AIROC-Wi-Fi-Bluetooth-STM32.1.5.1
2024-04-11 14:43:40,265 [WARN] PackLoader:240 - Cannot read IP mode file for STMicroelectronics.FP-SNS-MOTENVWB1.1.3.1
2024-04-11 14:43:40,288 [WARN] PackLoader:240 - Cannot read IP mode file for STMicroelectronics.X-CUBE-ISPU.2.0.0
2024-04-11 14:43:40,364 [WARN] PackLoader:240 - Cannot read IP mode file for STMicroelectronics.X-CUBE-MEMS1.10.0.0
2024-04-11 14:43:40,511 [WARN] PackLoader:240 - Cannot read IP mode file for STMicroelectronics.X-CUBE-FREERTOS.1.1.0
2024-04-11 14:43:40,535 [WARN] PackLoader:240 - Cannot read IP mode file for portGmbH.I-Cube-SoM-uGOAL.1.1.0
2024-04-11 14:43:40,554 [WARN] PackLoader:240 - Cannot read IP mode file for STMicroelectronics.X-CUBE-ALS.1.0.1
2024-04-11 14:43:40,561 [WARN] PackLoader:240 - Cannot read IP mode file for STMicroelectronics.FP-ATR-ASTRA1.2.0.0
2024-04-11 14:43:40,589 [WARN] PackLoader:240 - Cannot read IP mode file for STMicroelectronics.X-CUBE-TOF1.3.4.0
2024-04-11 14:43:40,624 [WARN] PackLoader:240 - Cannot read IP mode file for STMicroelectronics.X-CUBE-TOF1.3.4.1
2024-04-11 14:43:40,681 [WARN] PackLoader:240 - Cannot read IP mode file for STMicroelectronics.X-CUBE-AZRTOS-H7.3.2.0
2024-04-11 14:43:40,685 [INFO] ThirdParty:978 - Integrity check success = true
2024-04-11 14:43:40,685 [INFO] IntegrityCheckThread:100 - exiting critical section [integrity check]
2024-04-11 14:43:40,685 [INFO] IntegrityCheckThread:103 - End integrity checks thread
2024-04-11 14:44:00,625 [ERROR] LogOutputStream:75 - [STDERR_REDIRECT] SLF4J: Failed to load class "org.slf4j.impl.StaticLoggerBinder".
2024-04-11 14:44:00,626 [ERROR] LogOutputStream:75 - [STDERR_REDIRECT] SLF4J: Defaulting to no-operation (NOP) logger implementation
2024-04-11 14:44:00,628 [ERROR] LogOutputStream:75 - [STDERR_REDIRECT] SLF4J: See http://www.slf4j.org/codes.html#StaticLoggerBinder for further details.
