2024-03-27 15:05:01,961 [INFO] Activator:176 - 


2024-03-27 15:05:01,968 [INFO] Activator:177 - !SESSION log4j initialized
2024-03-27 15:05:11,625 [INFO] LogOutputStream:77 - [STDOUT_REDIRECT] 
2024-03-27 15:05:18,284 [INFO] ApplicationProperties:184 - Using Application install path: C:\ST\STM32CubeIDE_1.14.1\STM32CubeIDE\plugins\com.st.stm32cube.common.mx_6.10.0.202311202037
2024-03-27 15:05:18,301 [INFO] DbMcusXml:78 - Set database path to: C:\ST\STM32CubeIDE_1.14.1\STM32CubeIDE\plugins\com.st.stm32cube.common.mx_6.10.0.202311202037\\db\/mcu/
2024-03-27 15:05:18,301 [INFO] ApiDb:274 - Set plugin database path to: C:\ST\STM32CubeIDE_1.14.1\STM32CubeIDE\plugins\com.st.stm32cube.common.mx_6.10.0.202311202037\\db\/plugins/boardmanager/
2024-03-27 15:05:18,302 [WARN] ApiDb:259 - Overriding images path with different value:  => C:\ST\STM32CubeIDE_1.14.1\STM32CubeIDE\plugins\com.st.stm32cube.common.mx_6.10.0.202311202037\\db\/plugins/mcufinder/images/
2024-03-27 15:05:18,310 [INFO] ApiDb:250 - Set database path to: C:\Users\gurc\.stmcufinder\plugins\mcufinder//mcu/
2024-03-27 15:05:18,311 [INFO] DbMcusAds:125 - Set database path to: C:\Users\gurc\.stmcufinder\plugins\mcufinder//mcu/
2024-03-27 15:05:18,313 [INFO] CrossReferenceDbSqlite:203 - Set database path to: C:\Users\gurc\.stmcufinder\plugins\mcufinder//mcu/cs/
2024-03-27 15:05:18,452 [INFO] RulesReader:64 - Compatibility file has been processed (297 Rules)
2024-03-27 15:05:18,571 [INFO] DbMcusXml:78 - Set database path to: C:\ST\STM32CubeIDE_1.14.1\STM32CubeIDE\plugins\com.st.stm32cube.common.mx_6.10.0.202311202037\\db\/mcu/
2024-03-27 15:05:18,571 [INFO] ApiDb:274 - Set plugin database path to: C:\ST\STM32CubeIDE_1.14.1\STM32CubeIDE\plugins\com.st.stm32cube.common.mx_6.10.0.202311202037\\db\/plugins/boardmanager/
2024-03-27 15:05:18,571 [INFO] ApiDb:261 - Set plugin images path to: C:\ST\STM32CubeIDE_1.14.1\STM32CubeIDE\plugins\com.st.stm32cube.common.mx_6.10.0.202311202037\\db\/plugins/mcufinder/images/
2024-03-27 15:05:18,572 [WARN] DbFile:41 - Overriding database path with different value: C:\Users\gurc\.stmcufinder\plugins\mcufinder/ => C:\Users\gurc\.stmcufinder\plugins\mcufinder
2024-03-27 15:05:18,572 [INFO] ApiDb:250 - Set database path to: C:\Users\gurc\.stmcufinder\plugins\mcufinder//mcu/
2024-03-27 15:05:18,572 [WARN] DbFile:41 - Overriding database path with different value: C:\Users\gurc\.stmcufinder\plugins\mcufinder/ => C:\Users\gurc\.stmcufinder\plugins\mcufinder
2024-03-27 15:05:18,572 [INFO] DbMcusAds:125 - Set database path to: C:\Users\gurc\.stmcufinder\plugins\mcufinder//mcu/
2024-03-27 15:05:18,572 [WARN] DbFile:41 - Overriding database path with different value: C:\Users\gurc\.stmcufinder\plugins\mcufinder/ => C:\Users\gurc\.stmcufinder\plugins\mcufinder
2024-03-27 15:05:18,572 [WARN] DbFile:41 - Overriding database path with different value: C:\Users\gurc\.stmcufinder\plugins\mcufinder/ => C:\Users\gurc\.stmcufinder\plugins\mcufinder
2024-03-27 15:05:18,572 [INFO] CrossReferenceDbSqlite:203 - Set database path to: C:\Users\gurc\.stmcufinder\plugins\mcufinder//mcu/cs/
2024-03-27 15:05:18,651 [INFO] MainPanel:264 - HeapMemory: 268435456
2024-03-27 15:05:18,730 [INFO] DbMcusXml:78 - Set database path to: C:\ST\STM32CubeIDE_1.14.1\STM32CubeIDE\plugins\com.st.stm32cube.common.mx_6.10.0.202311202037\\db\/mcu/
2024-03-27 15:05:18,731 [INFO] ApiDb:274 - Set plugin database path to: C:\ST\STM32CubeIDE_1.14.1\STM32CubeIDE\plugins\com.st.stm32cube.common.mx_6.10.0.202311202037\\db\/plugins/boardmanager/
2024-03-27 15:05:18,731 [INFO] ApiDb:261 - Set plugin images path to: C:\ST\STM32CubeIDE_1.14.1\STM32CubeIDE\plugins\com.st.stm32cube.common.mx_6.10.0.202311202037\\db\/plugins/mcufinder/images/
2024-03-27 15:05:18,731 [WARN] DbFile:41 - Overriding database path with different value: C:\Users\gurc\.stmcufinder\plugins\mcufinder/ => C:\Users\gurc\.stmcufinder\plugins\mcufinder
2024-03-27 15:05:18,731 [INFO] ApiDb:250 - Set database path to: C:\Users\gurc\.stmcufinder\plugins\mcufinder//mcu/
2024-03-27 15:05:18,731 [WARN] DbFile:41 - Overriding database path with different value: C:\Users\gurc\.stmcufinder\plugins\mcufinder/ => C:\Users\gurc\.stmcufinder\plugins\mcufinder
2024-03-27 15:05:18,731 [INFO] DbMcusAds:125 - Set database path to: C:\Users\gurc\.stmcufinder\plugins\mcufinder//mcu/
2024-03-27 15:05:18,732 [WARN] DbFile:41 - Overriding database path with different value: C:\Users\gurc\.stmcufinder\plugins\mcufinder/ => C:\Users\gurc\.stmcufinder\plugins\mcufinder
2024-03-27 15:05:18,732 [WARN] DbFile:41 - Overriding database path with different value: C:\Users\gurc\.stmcufinder\plugins\mcufinder/ => C:\Users\gurc\.stmcufinder\plugins\mcufinder
2024-03-27 15:05:18,732 [INFO] CrossReferenceDbSqlite:203 - Set database path to: C:\Users\gurc\.stmcufinder\plugins\mcufinder//mcu/cs/
2024-03-27 15:05:18,751 [INFO] ApplicationProperties:184 - Using Application install path: C:\ST\STM32CubeIDE_1.14.1\STM32CubeIDE\plugins\com.st.stm32cube.common.mx_6.10.0.202311202037
2024-03-27 15:05:18,753 [INFO] PluginManage:196 - Search for loadable plugins [exclusion list=, ]
2024-03-27 15:05:18,754 [INFO] PluginManage:310 - Check plugin analytics
2024-03-27 15:05:18,978 [INFO] AnalyticsPlugin:253 - Accepted Software Licenses: 
2024-03-27 15:05:18,978 [INFO] AnalyticsPlugin:255 - Accepted CMSIS Pack Licenses: 
2024-03-27 15:05:18,979 [INFO] AnalyticsPlugin:257 - Accepted Firmware Licenses: 
2024-03-27 15:05:18,982 [INFO] PluginManage:359 - Loaded plugin analytics (category:tool,tabindex:-1)
2024-03-27 15:05:18,982 [INFO] PluginManage:310 - Check plugin cadmodel
2024-03-27 15:05:19,004 [INFO] CADModel:105 - Init CAD model plugin
2024-03-27 15:05:19,004 [INFO] PluginManage:359 - Loaded plugin cadmodel (category:power,tabindex:5)
2024-03-27 15:05:19,004 [INFO] PluginManage:310 - Check plugin clock
2024-03-27 15:05:19,029 [INFO] PluginManage:359 - Loaded plugin clock (category:base,tabindex:2)
2024-03-27 15:05:19,029 [INFO] PluginManage:310 - Check plugin ddr
2024-03-27 15:05:19,031 [INFO] PluginManage:359 - Loaded plugin ddr (category:tool,tabindex:6)
2024-03-27 15:05:19,031 [INFO] PluginManage:310 - Check plugin filemanager
2024-03-27 15:05:19,195 [INFO] PluginManage:359 - Loaded plugin filemanager (category:base,tabindex:10)
2024-03-27 15:05:19,195 [INFO] PluginManage:310 - Check plugin ipmanager
2024-03-27 15:05:19,204 [INFO] PluginManage:359 - Loaded plugin ipmanager (category:base,tabindex:5)
2024-03-27 15:05:19,204 [INFO] PluginManage:310 - Check plugin lpbam
2024-03-27 15:05:19,226 [INFO] PluginManage:359 - Loaded plugin lpbam (category:base,tabindex:0)
2024-03-27 15:05:19,227 [INFO] PluginManage:310 - Check plugin memorymap
2024-03-27 15:05:19,254 [INFO] PluginManage:359 - Loaded plugin memorymap (category:base,tabindex:4)
2024-03-27 15:05:19,255 [INFO] PluginManage:310 - Check plugin pinoutandconfiguration
2024-03-27 15:05:19,275 [INFO] PluginManage:359 - Loaded plugin pinoutandconfiguration (category:base,tabindex:1)
2024-03-27 15:05:19,275 [INFO] PluginManage:310 - Check plugin pinoutconfig
2024-03-27 15:05:19,385 [WARN] SupportedApi:132 - Cannot load RTOS API schema: s4s-elt-must-match.1: The content of 'definitions' must match (annotation?, (simpleType | complexType)?, (unique | key | keyref)*)). A problem was found starting at: attribute.
2024-03-27 15:05:19,534 [INFO] PluginManage:359 - Loaded plugin pinoutconfig (category:base,tabindex:0)
2024-03-27 15:05:19,534 [INFO] PluginManage:310 - Check plugin power
2024-03-27 15:05:19,554 [INFO] PluginManage:359 - Loaded plugin power (category:power,tabindex:4)
2024-03-27 15:05:19,554 [INFO] PluginManage:310 - Check plugin projectmanager
2024-03-27 15:05:19,575 [INFO] PluginManage:359 - Loaded plugin projectmanager (category:projectmanager,tabindex:3)
2024-03-27 15:05:19,575 [INFO] PluginManage:310 - Check plugin thirdparty
2024-03-27 15:05:19,897 [INFO] PluginManage:359 - Loaded plugin thirdparty (category:base,tabindex:-1)
2024-03-27 15:05:19,897 [WARN] IntegrityCheckThread:84 - waiting for thirdparty lock release [integrity check]
2024-03-27 15:05:19,897 [INFO] PluginManage:310 - Check plugin tools
2024-03-27 15:05:19,898 [INFO] IntegrityCheckThread:86 - entering critical section [integrity check]
2024-03-27 15:05:19,898 [INFO] ThirdPartyUpdaterWithRetryManager:70 - Updater plugin not ready yet. [1/15]
2024-03-27 15:05:19,936 [INFO] PluginManage:359 - Loaded plugin tools (category:base,tabindex:7)
2024-03-27 15:05:19,936 [INFO] PluginManage:310 - Check plugin tutovideos
2024-03-27 15:05:20,132 [INFO] PluginManage:359 - Loaded plugin tutovideos (category:base,tabindex:-1)
2024-03-27 15:05:20,132 [INFO] PluginManage:310 - Check plugin updater
2024-03-27 15:05:20,146 [INFO] PluginManage:359 - Loaded plugin updater (category:base,tabindex:12)
2024-03-27 15:05:20,146 [INFO] PluginManage:310 - Check plugin userauth
2024-03-27 15:05:20,151 [INFO] UserAuth:114 - Init User Auth plugin
2024-03-27 15:05:20,151 [INFO] PluginManage:359 - Loaded plugin userauth (category:base,tabindex:14)
2024-03-27 15:05:20,151 [INFO] PluginManage:283 - PluginManage : Loaded plugins [17]
2024-03-27 15:05:20,382 [INFO] PinOutPanel:1499 - setPackage(No Configuration,No Configuration)
2024-03-27 15:05:20,467 [INFO] CADModel:165 - CPN selected for project level
2024-03-27 15:05:20,468 [INFO] CADModel:114 - Register for checkConnection events
2024-03-27 15:05:20,494 [INFO] IPUIPlugin:80 - create IPUIPlugin
2024-03-27 15:05:20,494 [INFO] PluginManager:220 - loadIPPluginJar : add adc
2024-03-27 15:05:20,535 [INFO] IPUIPlugin:80 - create IPUIPlugin
2024-03-27 15:05:20,536 [INFO] PluginManager:220 - loadIPPluginJar : add aes
2024-03-27 15:05:20,615 [INFO] IPUIPlugin:80 - create IPUIPlugin
2024-03-27 15:05:20,615 [INFO] PluginManager:220 - loadIPPluginJar : add can
2024-03-27 15:05:20,643 [INFO] IPUIPlugin:80 - create IPUIPlugin
2024-03-27 15:05:20,643 [INFO] PluginManager:220 - loadIPPluginJar : add comp
2024-03-27 15:05:20,688 [INFO] IPUIPlugin:80 - create IPUIPlugin
2024-03-27 15:05:20,688 [INFO] PluginManager:220 - loadIPPluginJar : add cryp
2024-03-27 15:05:20,733 [INFO] IPUIPlugin:80 - create IPUIPlugin
2024-03-27 15:05:20,734 [INFO] PluginManager:220 - loadIPPluginJar : add dfsdm
2024-03-27 15:05:20,756 [INFO] IPUIPlugin:80 - create IPUIPlugin
2024-03-27 15:05:20,757 [INFO] PluginManager:220 - loadIPPluginJar : add dma
2024-03-27 15:05:20,827 [INFO] IPUIPlugin:80 - create IPUIPlugin
2024-03-27 15:05:20,827 [INFO] PluginManager:220 - loadIPPluginJar : add dma3
2024-03-27 15:05:20,858 [INFO] IPUIPlugin:80 - create IPUIPlugin
2024-03-27 15:05:20,858 [INFO] PluginManager:220 - loadIPPluginJar : add fatfs
2024-03-27 15:05:20,900 [INFO] McuFinderGlobals:63 - Set McuFinder mode to 2 (CubeIDE integrated)
2024-03-27 15:05:20,917 [INFO] IPUIPlugin:80 - create IPUIPlugin
2024-03-27 15:05:20,917 [INFO] PluginManager:220 - loadIPPluginJar : add fmc
2024-03-27 15:05:20,934 [INFO] IPUIPlugin:80 - create IPUIPlugin
2024-03-27 15:05:20,935 [INFO] PluginManager:220 - loadIPPluginJar : add freertos
2024-03-27 15:05:20,961 [INFO] IPUIPlugin:80 - create IPUIPlugin
2024-03-27 15:05:20,961 [INFO] PluginManager:220 - loadIPPluginJar : add genericplugin
2024-03-27 15:05:21,067 [INFO] IPUIPlugin:80 - create IPUIPlugin
2024-03-27 15:05:21,067 [INFO] PluginManager:220 - loadIPPluginJar : add gfxmmu
2024-03-27 15:05:21,206 [INFO] IPUIPlugin:80 - create IPUIPlugin
2024-03-27 15:05:21,206 [INFO] PluginManager:220 - loadIPPluginJar : add gic
2024-03-27 15:05:21,221 [INFO] IPUIPlugin:80 - create IPUIPlugin
2024-03-27 15:05:21,221 [INFO] PluginManager:220 - loadIPPluginJar : add gpio
2024-03-27 15:05:21,320 [INFO] IPUIPlugin:80 - create IPUIPlugin
2024-03-27 15:05:21,321 [INFO] PluginManager:220 - loadIPPluginJar : add gtzc
2024-03-27 15:05:21,358 [INFO] IPUIPlugin:80 - create IPUIPlugin
2024-03-27 15:05:21,358 [INFO] PluginManager:220 - loadIPPluginJar : add hash
2024-03-27 15:05:21,415 [INFO] IPUIPlugin:80 - create IPUIPlugin
2024-03-27 15:05:21,415 [INFO] PluginManager:220 - loadIPPluginJar : add i2c
2024-03-27 15:05:21,457 [INFO] IPUIPlugin:80 - create IPUIPlugin
2024-03-27 15:05:21,457 [INFO] PluginManager:220 - loadIPPluginJar : add i2s
2024-03-27 15:05:21,502 [INFO] IPUIPlugin:80 - create IPUIPlugin
2024-03-27 15:05:21,503 [INFO] PluginManager:220 - loadIPPluginJar : add i3c
2024-03-27 15:05:21,619 [INFO] IPUIPlugin:80 - create IPUIPlugin
2024-03-27 15:05:21,620 [INFO] PluginManager:220 - loadIPPluginJar : add ipddr
2024-03-27 15:05:21,722 [INFO] IPUIPlugin:80 - create IPUIPlugin
2024-03-27 15:05:21,723 [INFO] PluginManager:220 - loadIPPluginJar : add linkedlist
2024-03-27 15:05:21,766 [INFO] IPUIPlugin:80 - create IPUIPlugin
2024-03-27 15:05:21,767 [INFO] PluginManager:220 - loadIPPluginJar : add lorawan
2024-03-27 15:05:21,807 [INFO] IPUIPlugin:80 - create IPUIPlugin
2024-03-27 15:05:21,807 [INFO] PluginManager:220 - loadIPPluginJar : add ltdc
2024-03-27 15:05:21,822 [INFO] IPUIPlugin:80 - create IPUIPlugin
2024-03-27 15:05:21,823 [INFO] PluginManager:220 - loadIPPluginJar : add mdma
2024-03-27 15:05:21,836 [INFO] IPUIPlugin:80 - create IPUIPlugin
2024-03-27 15:05:21,836 [INFO] PluginManager:220 - loadIPPluginJar : add nvic
2024-03-27 15:05:21,874 [INFO] IPUIPlugin:80 - create IPUIPlugin
2024-03-27 15:05:21,874 [INFO] PluginManager:220 - loadIPPluginJar : add opamp
2024-03-27 15:05:21,941 [INFO] IPUIPlugin:80 - create IPUIPlugin
2024-03-27 15:05:21,941 [INFO] PluginManager:220 - loadIPPluginJar : add openamp
2024-03-27 15:05:21,988 [INFO] IPUIPlugin:80 - create IPUIPlugin
2024-03-27 15:05:21,988 [INFO] PluginManager:220 - loadIPPluginJar : add pdm2pcm
2024-03-27 15:05:22,005 [INFO] IPUIPlugin:80 - create IPUIPlugin
2024-03-27 15:05:22,008 [INFO] PluginManager:220 - loadIPPluginJar : add plateformsettings
2024-03-27 15:05:22,036 [INFO] IPUIPlugin:80 - create IPUIPlugin
2024-03-27 15:05:22,036 [INFO] PluginManager:220 - loadIPPluginJar : add quadspi
2024-03-27 15:05:22,051 [INFO] IPUIPlugin:80 - create IPUIPlugin
2024-03-27 15:05:22,052 [INFO] PluginManager:220 - loadIPPluginJar : add resmgrutility
2024-03-27 15:05:22,109 [INFO] IPUIPlugin:80 - create IPUIPlugin
2024-03-27 15:05:22,109 [INFO] PluginManager:220 - loadIPPluginJar : add sai
2024-03-27 15:05:22,152 [INFO] IPUIPlugin:80 - create IPUIPlugin
2024-03-27 15:05:22,152 [INFO] PluginManager:220 - loadIPPluginJar : add spi
2024-03-27 15:05:22,229 [INFO] IPUIPlugin:80 - create IPUIPlugin
2024-03-27 15:05:22,229 [INFO] PluginManager:220 - loadIPPluginJar : add stm32_wpan
2024-03-27 15:05:22,257 [INFO] IPUIPlugin:80 - create IPUIPlugin
2024-03-27 15:05:22,258 [INFO] PluginManager:220 - loadIPPluginJar : add tim
2024-03-27 15:05:22,323 [INFO] IPUIPlugin:80 - create IPUIPlugin
2024-03-27 15:05:22,323 [INFO] PluginManager:220 - loadIPPluginJar : add touchsensing
2024-03-27 15:05:22,348 [INFO] IPUIPlugin:80 - create IPUIPlugin
2024-03-27 15:05:22,348 [INFO] PluginManager:220 - loadIPPluginJar : add tracer_emb
2024-03-27 15:05:22,374 [INFO] IPUIPlugin:80 - create IPUIPlugin
2024-03-27 15:05:22,374 [INFO] PluginManager:220 - loadIPPluginJar : add ts
2024-03-27 15:05:22,398 [INFO] IPUIPlugin:80 - create IPUIPlugin
2024-03-27 15:05:22,398 [INFO] PluginManager:220 - loadIPPluginJar : add tsc
2024-03-27 15:05:22,423 [INFO] IPUIPlugin:80 - create IPUIPlugin
2024-03-27 15:05:22,423 [INFO] PluginManager:220 - loadIPPluginJar : add ucpd
2024-03-27 15:05:22,471 [INFO] IPUIPlugin:80 - create IPUIPlugin
2024-03-27 15:05:22,471 [INFO] PluginManager:220 - loadIPPluginJar : add usart
2024-03-27 15:05:22,521 [INFO] IPUIPlugin:80 - create IPUIPlugin
2024-03-27 15:05:22,521 [INFO] PluginManager:220 - loadIPPluginJar : add usbx
2024-03-27 15:05:22,672 [INFO] CADModel:165 - CPN selected for project level
2024-03-27 15:05:22,672 [INFO] CADModel:114 - Register for checkConnection events
2024-03-27 15:05:22,672 [FATAL] Updater:308 - Updater called before beeing initialized
2024-03-27 15:05:22,672 [ERROR] CADModel:125 - Updater not yet initialized, retry later 
2024-03-27 15:05:22,828 [INFO] CADModel:165 - CPN selected for project level
2024-03-27 15:05:22,828 [INFO] CADModel:114 - Register for checkConnection events
2024-03-27 15:05:22,828 [FATAL] Updater:308 - Updater called before beeing initialized
2024-03-27 15:05:22,828 [ERROR] CADModel:125 - Updater not yet initialized, retry later 
2024-03-27 15:05:22,831 [FATAL] Updater:308 - Updater called before beeing initialized
2024-03-27 15:05:22,899 [INFO] ThirdPartyUpdaterWithRetryManager:70 - Updater plugin not ready yet. [2/15]
2024-03-27 15:05:22,975 [FATAL] Updater:308 - Updater called before beeing initialized
2024-03-27 15:05:22,987 [INFO] DbMcusAds:53 - JSON generation date=Wed Nov 29 11:52:27 CET 2023 (1701255147349)
2024-03-27 15:05:22,987 [FATAL] Updater:308 - Updater called before beeing initialized
2024-03-27 15:05:23,070 [WARN] DetailPanel:346 - Failed to get advertising image, set to default
2024-03-27 15:05:23,216 [FATAL] Updater:308 - Updater called before beeing initialized
2024-03-27 15:05:23,218 [FATAL] Updater:308 - Updater called before beeing initialized
2024-03-27 15:05:23,219 [FATAL] Updater:308 - Updater called before beeing initialized
2024-03-27 15:05:23,219 [WARN] DetailPanel:346 - Failed to get advertising image, set to default
2024-03-27 15:05:23,219 [FATAL] Updater:308 - Updater called before beeing initialized
2024-03-27 15:05:23,300 [ERROR] Updater:1120 - MainUpdater not yet initialized. External WinMGr cannot be set.
2024-03-27 15:05:23,314 [INFO] Updater:1056 - Updater Version found : 6.10.0
2024-03-27 15:05:23,335 [INFO] ApplicationProperties:184 - Using Application install path: C:\ST\STM32CubeIDE_1.14.1\STM32CubeIDE\plugins\com.st.stm32cube.common.mx_6.10.0.202311202037
2024-03-27 15:05:24,918 [ERROR] LogOutputStream:75 - [STDERR_REDIRECT] Mar 27, 2024 3:05:24 PM java.util.prefs.WindowsPreferences <init>
2024-03-27 15:05:24,920 [ERROR] LogOutputStream:75 - [STDERR_REDIRECT] WARNING: Could not open/create prefs root node Software\JavaSoft\Prefs at root 0xffffffff80000002. Windows RegCreateKeyEx(...) returned error code 5.
2024-03-27 15:05:24,920 [ERROR] LogOutputStream:75 - [STDERR_REDIRECT] 
2024-03-27 15:05:25,254 [INFO] MainUpdater:2873 - connection check result : 10
2024-03-27 15:05:25,255 [INFO] MainUpdater:290 - Updater Check For Update Now.
2024-03-27 15:05:25,255 [INFO] MicroXplorer:498 - Change Database Version : DB.6.0.100
2024-03-27 15:05:25,279 [INFO] McuFinderGlobals:63 - Set McuFinder mode to 2 (CubeIDE integrated)
2024-03-27 15:05:25,280 [INFO] UserAuth:180 - activating auth plugin
2024-03-27 15:05:25,284 [INFO] UserAuth:404 - Internet connection configuration mode: 1
2024-03-27 15:05:25,315 [INFO] JxBrowserEngine:152 - Initiate JxBrowser Engine with user profile folder
2024-03-27 15:05:25,477 [INFO] CheckServerUpdateThread:120 - End of CheckServer Thread
2024-03-27 15:05:25,509 [INFO] MainUpdater:2873 - connection check result : 10
2024-03-27 15:05:25,539 [INFO] McuFinderGlobals:76 - Set McuFinderConnectedMode to true
2024-03-27 15:05:25,801 [INFO] ServerAccessManage:473 - Download File mcusAds.json._tmp_
2024-03-27 15:05:25,900 [WARN] MainUpdater:1194 - Updater busy. Cannot search thirdparties
2024-03-27 15:05:25,900 [INFO] ThirdPartyUpdaterWithRetryManager:96 - Updater plugin is busy. [1/15]
2024-03-27 15:05:25,915 [INFO] LoadUrlFilesThread:156 - End of LoadUrlFiles Thread
2024-03-27 15:05:26,107 [INFO] ServerAccessManage:473 - Download File cube-finder-db.zip
2024-03-27 15:05:28,142 [INFO] FileExtend:240 - Unzip File : cube-finder-db.zip
2024-03-27 15:05:28,143 [INFO] FileExtend:255 - Standard Zip Deflate
2024-03-27 15:05:28,902 [WARN] MainUpdater:1194 - Updater busy. Cannot search thirdparties
2024-03-27 15:05:28,902 [INFO] ThirdPartyUpdaterWithRetryManager:96 - Updater plugin is busy. [2/15]
2024-03-27 15:05:29,346 [INFO] LoadUrlFilesThread:156 - End of LoadUrlFiles Thread
2024-03-27 15:05:29,606 [INFO] WebApp:161 - Instantiating new browser for Auth
2024-03-27 15:05:29,905 [INFO] ServerAccessManage:473 - Download File crdb.zip
2024-03-27 15:05:30,126 [INFO] FileExtend:240 - Unzip File : crdb.zip
2024-03-27 15:05:30,127 [INFO] FileExtend:255 - Standard Zip Deflate
2024-03-27 15:05:30,288 [INFO] LoadUrlFilesThread:156 - End of LoadUrlFiles Thread
2024-03-27 15:05:30,431 [INFO] ServerAccessManage:473 - Download File tutoVideoDB.zip
2024-03-27 15:05:30,442 [INFO] FileExtend:240 - Unzip File : tutoVideoDB.zip
2024-03-27 15:05:30,442 [INFO] FileExtend:255 - Standard Zip Deflate
2024-03-27 15:05:30,586 [INFO] LoadUrlFilesThread:156 - End of LoadUrlFiles Thread
2024-03-27 15:05:30,588 [WARN] DbFile:41 - Overriding database path with different value: C:\Users\gurc\.stmcufinder\plugins\mcufinder/ => C:\Users\gurc\.stmcufinder\plugins\mcufinder
2024-03-27 15:05:30,648 [INFO] WebApp:780 - Register for checkConnection events
2024-03-27 15:05:30,648 [INFO] WebApp:414 - Apply proxy settings
2024-03-27 15:05:30,648 [INFO] WebApp:499 - Chromium requires no authentication
2024-03-27 15:05:30,657 [INFO] WebApp:442 - Direct internet connection detected
2024-03-27 15:05:30,721 [INFO] ServerAccessManage:473 - Download File api_config.json
2024-03-27 15:05:30,833 [INFO] LoadUrlFilesThread:156 - End of LoadUrlFiles Thread
2024-03-27 15:05:30,834 [INFO] DbMcusAds:53 - JSON generation date=Wed Nov 29 11:52:27 CET 2023 (1701255147349)
2024-03-27 15:05:30,869 [INFO] LoadUrlFilesThread:185 - End of LoadServerUrlFiles without Thread
2024-03-27 15:05:30,869 [INFO] TargetSelectorAdapter:259 - Refresh data is successful
2024-03-27 15:05:30,929 [INFO] WebApp:192 - Starting web application
2024-03-27 15:05:30,929 [INFO] WebApp:544 - Web application path used C:\ST\STM32CubeIDE_1.14.1\STM32CubeIDE\plugins\com.st.stm32cube.common.mx_6.10.0.202311202037\db\plugins\mcufinder\reactClient1\index.html
2024-03-27 15:05:31,036 [INFO] ApiDb:581 - Connected to CubeFinder SQLite database (C:\Users\gurc\.stmcufinder\plugins\mcufinder\mcu\cube-finder-db.db)
2024-03-27 15:05:31,151 [INFO] ApiDb:668 - CubeFinder database Data Model version=2.1
2024-03-27 15:05:31,152 [INFO] ApiDb:669 - CubeFinder database Configuration version=3.0.39
2024-03-27 15:05:31,152 [INFO] ApiDb:670 - CubeFinder database generation date=2024-03-25 (1711369621)
2024-03-27 15:05:31,152 [INFO] ApiDb:671 - CubeFinder database FW Pack versions=[FP-ATR-ASTRA1_V2.0.0, FP-SNS-FLIGHT1_V5.0.1, FP-SNS-FLIGHT1_V5.0.2, FP-SNS-MOTENV1_V4.3.1, FP-SNS-MOTENV1_V4.3.2, FP-SNS-MOTENVWB1_V1.3.1, FP-SNS-SMARTAG2_V1.2.0, STM32Cube_FW_C0_V1.1.0, STM32Cube_FW_F4_V1.28.0, STM32Cube_FW_F7_V1.17.0, STM32Cube_FW_G0_V1.6.2, STM32Cube_FW_G4_V1.5.2, STM32Cube_FW_H5_V0.5.1, STM32Cube_FW_H5_V1.1.1, STM32Cube_FW_H5_V1.2.0, STM32Cube_FW_H5_V1.2.0RC4, STM32Cube_FW_H7RS_V1.0.0, STM32Cube_FW_H7RS_V1.0.0RC4, STM32Cube_FW_H7_V1.11.0, STM32Cube_FW_L0_V1.12.2, STM32Cube_FW_L5_V1.5.1, STM32Cube_FW_U0_V1.0.0, STM32Cube_FW_U0_V1.0.0RC1, STM32Cube_FW_U5_V1.3.0RC4, STM32Cube_FW_U5_V1.5.0, STM32Cube_FW_U5_V1.5.0RC1, STM32Cube_FW_WBA_V1.0.0RC1, STM32Cube_FW_WBA_V1.2.0, STM32Cube_FW_WBA_V1.2.0RC2, STM32Cube_FW_WBA_V1.3.0, STM32Cube_FW_WBA_V1.3.0RC1, STM32Cube_FW_WB_V1.15.0RC1, STM32Cube_FW_WB_V1.16.0, STM32Cube_FW_WB_V1.16.0RC2, STM32Cube_FW_WB_V1.18.0, STM32Cube_FW_WB_V1.19.0, STM32Cube_FW_WL_V1.3.0, X-CUBE-ALGOBUILD_V1.3.0, X-CUBE-ALS_V1.0.1, X-CUBE-AZRTOS-F4_V1.1.0, X-CUBE-AZRTOS-F7_V1.1.0, X-CUBE-AZRTOS-G0_V1.1.0, X-CUBE-AZRTOS-G4_V2.0.0, X-CUBE-AZRTOS-H7_V3.2.0, X-CUBE-AZRTOS-L4_V1.0.0, X-CUBE-AZRTOS-L4_V2.0.0, X-CUBE-AZRTOS-L5_V1.1.0, X-CUBE-AZRTOS-WB_V2.0.0, X-CUBE-AZRTOS-WL_V2.0.0, X-CUBE-BLE1_V7.0.0, X-CUBE-BLE2_V3.3.0, X-CUBE-BLEMGR_V3.1.0, X-CUBE-EEPRMA1_V4.1.0, X-CUBE-EEPRMA1_V5.1.0, X-CUBE-FREERTOS_V1.1.0, X-CUBE-GNSS1_V6.0.0, X-CUBE-MEMS1_V10.0.0, X-CUBE-MEMS1_V9.1.0, X-CUBE-MEMS1_V9.4.0, X-CUBE-MEMS1_V9.6.0, X-CUBE-NFC4_V3.0.0, X-CUBE-NFC7_V1.0.1, X-CUBE-SFXS2LP1_V4.0.0, X-CUBE-SUBG2_V5.0.0, X-CUBE-TOF1_V3.4.0]
2024-03-27 15:05:32,242 [WARN] PackLoader:240 - Cannot read IP mode file for STMicroelectronics.X-CUBE-SMBUS.2.1.0
2024-03-27 15:05:32,269 [WARN] PackLoader:240 - Cannot read IP mode file for STMicroelectronics.X-CUBE-TOUCHGFX.4.23.0
2024-03-27 15:05:32,331 [WARN] PackLoader:240 - Cannot read IP mode file for STMicroelectronics.X-CUBE-AZRTOS-F7.1.1.0
2024-03-27 15:05:32,358 [WARN] PackLoader:240 - Cannot read IP mode file for STMicroelectronics.FP-SNS-MOTENV1.4.3.2
2024-03-27 15:05:32,381 [WARN] PackLoader:240 - Cannot read IP mode file for STMicroelectronics.FP-SNS-FLIGHT1.5.0.2
2024-03-27 15:05:32,406 [WARN] PackLoader:240 - Cannot read IP mode file for STMicroelectronics.X-CUBE-DISPLAY.3.0.0
2024-03-27 15:05:32,441 [WARN] PackLoader:240 - Cannot read IP mode file for STMicroelectronics.X-CUBE-BLE1.7.0.0
2024-03-27 15:05:32,462 [WARN] PackLoader:240 - Cannot read IP mode file for emotas.I-CUBE-CANOPEN.1.3.0
2024-03-27 15:05:32,493 [WARN] PackLoader:240 - Cannot read IP mode file for STMicroelectronics.X-CUBE-BLEMGR.3.1.0
2024-03-27 15:05:32,523 [WARN] PackLoader:240 - Cannot read IP mode file for STMicroelectronics.FP-SNS-SMARTAG2.1.2.0
2024-03-27 15:05:32,563 [INFO] LogOutputStream:77 - [STDOUT_REDIRECT] 1 : Invalid condition id : UX_CORESTACK_Condition cause : null
2024-03-27 15:05:32,565 [INFO] LogOutputStream:77 - [STDOUT_REDIRECT] 1 : Invalid condition id : UX_CORESTACK_Condition cause : null
2024-03-27 15:05:32,567 [INFO] LogOutputStream:77 - [STDOUT_REDIRECT] 1 : Invalid condition id : UX_CORESTACK_Condition cause : null
2024-03-27 15:05:32,569 [INFO] LogOutputStream:77 - [STDOUT_REDIRECT] 1 : Invalid condition id : UX_CORESTACK_Condition cause : null
2024-03-27 15:05:32,570 [INFO] LogOutputStream:77 - [STDOUT_REDIRECT] 1 : Invalid condition id : UX_CORESTACK_Condition cause : null
2024-03-27 15:05:32,576 [WARN] PackLoader:240 - Cannot read IP mode file for STMicroelectronics.X-CUBE-AZRTOS-WL.2.0.0
2024-03-27 15:05:32,607 [WARN] PackLoader:240 - Cannot read IP mode file for WES.I-CUBE-Cesium.1.3.0
2024-03-27 15:05:32,630 [WARN] PackLoader:240 - Cannot read IP mode file for STMicroelectronics.X-CUBE-BLE2.3.3.0
2024-03-27 15:05:32,655 [WARN] PackLoader:240 - Cannot read IP mode file for STMicroelectronics.X-CUBE-ALGOBUILD.1.3.0
2024-03-27 15:05:32,707 [WARN] PackLoader:240 - Cannot read IP mode file for STMicroelectronics.X-CUBE-AZRTOS-G0.1.1.0
2024-03-27 15:05:32,734 [WARN] PackLoader:240 - Cannot read IP mode file for STMicroelectronics.X-CUBE-NFC4.3.0.0
2024-03-27 15:05:32,767 [WARN] PackLoader:240 - Cannot read IP mode file for STMicroelectronics.X-CUBE-BLEMGR.3.0.0
2024-03-27 15:05:32,793 [WARN] PackLoader:240 - Cannot read IP mode file for STMicroelectronics.FP-ATR-SIGFOX1.3.2.0
2024-03-27 15:05:32,820 [WARN] PackLoader:240 - Cannot read IP mode file for STMicroelectronics.X-CUBE-EEPRMA1.5.1.0
2024-03-27 15:05:32,899 [WARN] PackLoader:240 - Cannot read IP mode file for SEGGER.I-CUBE-embOS.1.3.1
2024-03-27 15:05:32,984 [WARN] PackLoader:240 - Cannot read IP mode file for STMicroelectronics.X-CUBE-GNSS1.6.0.0
2024-03-27 15:05:33,030 [WARN] PackLoader:240 - Cannot read IP mode file for STMicroelectronics.X-CUBE-AZRTOS-F4.1.1.0
2024-03-27 15:05:33,053 [WARN] PackLoader:240 - Cannot read IP mode file for wolfSSL.I-CUBE-wolfSSL.5.6.6
2024-03-27 15:05:33,091 [WARN] PackLoader:240 - Cannot read IP mode file for STMicroelectronics.X-CUBE-AZRTOS-L5.2.0.0
2024-03-27 15:05:33,122 [WARN] PackLoader:240 - Cannot read IP mode file for STMicroelectronics.X-CUBE-NFC6.3.1.0
2024-03-27 15:05:33,146 [WARN] PackLoader:240 - Cannot read IP mode file for ITTIA_DB.I-CUBE-ITTIADB.8.8.0
2024-03-27 15:05:33,162 [WARN] PackLoader:240 - Cannot read IP mode file for STMicroelectronics.X-CUBE-NFC7.1.0.1
2024-03-27 15:05:33,182 [WARN] PackLoader:240 - Cannot read IP mode file for STMicroelectronics.X-CUBE-NFC6.3.0.0
2024-03-27 15:05:33,204 [WARN] PackLoader:240 - Cannot read IP mode file for STMicroelectronics.X-CUBE-AI.8.1.0
2024-03-27 15:05:33,244 [WARN] ConditionMgr:438 - getConditionDescription Invalid condition id : LAN8742 Phy interface Condition cause : null
2024-03-27 15:05:33,245 [WARN] PackLoader:240 - Cannot read IP mode file for STMicroelectronics.X-CUBE-AZRTOS-L4.2.0.0
2024-03-27 15:05:33,246 [WARN] ConditionMgr:1039 - genDependencies : Invalid condition id : LAN8742 Phy interface Condition cause : null
2024-03-27 15:05:33,247 [WARN] ConditionMgr:1039 - genDependencies : Invalid condition id : LAN8742 Phy interface Condition cause : null
2024-03-27 15:05:33,247 [WARN] ConditionMgr:1039 - genDependencies : Invalid condition id : LAN8742 Phy interface Condition cause : null
2024-03-27 15:05:33,265 [WARN] PackLoader:240 - Cannot read IP mode file for STMicroelectronics.X-CUBE-SFXS2LP1.4.0.0
2024-03-27 15:05:33,296 [WARN] ConditionMgr:438 - getConditionDescription Invalid condition id : UX DEVICE CLASS RTOS Condition cause : null
2024-03-27 15:05:33,297 [WARN] ConditionMgr:438 - getConditionDescription Invalid condition id : UX DEVICE CLASS RTOS Condition cause : null
2024-03-27 15:05:33,300 [WARN] PackLoader:240 - Cannot read IP mode file for STMicroelectronics.X-CUBE-AZRTOS-WB.2.0.0
2024-03-27 15:05:33,300 [WARN] ConditionMgr:1039 - genDependencies : Invalid condition id : UX DEVICE CLASS RTOS Condition cause : null
2024-03-27 15:05:33,301 [WARN] ConditionMgr:1039 - genDependencies : Invalid condition id : UX DEVICE CLASS RTOS Condition cause : null
2024-03-27 15:05:33,301 [WARN] ConditionMgr:1039 - genDependencies : Invalid condition id : UX DEVICE CLASS RTOS Condition cause : null
2024-03-27 15:05:33,301 [WARN] ConditionMgr:1039 - genDependencies : Invalid condition id : UX DEVICE CLASS RTOS Condition cause : null
2024-03-27 15:05:33,302 [WARN] ConditionMgr:1039 - genDependencies : Invalid condition id : UX DEVICE CLASS RTOS Condition cause : null
2024-03-27 15:05:33,328 [WARN] PackLoader:240 - Cannot read IP mode file for STMicroelectronics.X-CUBE-SUBG2.5.0.0
2024-03-27 15:05:33,380 [WARN] PackLoader:240 - Cannot read IP mode file for STMicroelectronics.X-CUBE-AZRTOS-G4.2.0.0
2024-03-27 15:05:33,416 [WARN] PackLoader:240 - Cannot read IP mode file for Infineon.AIROC-Wi-Fi-Bluetooth-STM32.1.5.1
2024-03-27 15:05:33,442 [WARN] PackLoader:240 - Cannot read IP mode file for STMicroelectronics.FP-SNS-MOTENVWB1.1.3.1
2024-03-27 15:05:33,463 [WARN] PackLoader:240 - Cannot read IP mode file for STMicroelectronics.X-CUBE-ISPU.2.0.0
2024-03-27 15:05:33,543 [WARN] PackLoader:240 - Cannot read IP mode file for STMicroelectronics.X-CUBE-MEMS1.10.0.0
2024-03-27 15:05:33,741 [WARN] PackLoader:240 - Cannot read IP mode file for STMicroelectronics.X-CUBE-FREERTOS.1.1.0
2024-03-27 15:05:33,767 [WARN] PackLoader:240 - Cannot read IP mode file for portGmbH.I-Cube-SoM-uGOAL.1.1.0
2024-03-27 15:05:33,788 [WARN] PackLoader:240 - Cannot read IP mode file for STMicroelectronics.X-CUBE-ALS.1.0.1
2024-03-27 15:05:33,808 [WARN] PackLoader:240 - Cannot read IP mode file for STMicroelectronics.FP-ATR-ASTRA1.2.0.0
2024-03-27 15:05:33,840 [WARN] PackLoader:240 - Cannot read IP mode file for STMicroelectronics.X-CUBE-TOF1.3.4.0
2024-03-27 15:05:33,886 [WARN] PackLoader:240 - Cannot read IP mode file for STMicroelectronics.X-CUBE-TOF1.3.4.1
2024-03-27 15:05:33,948 [WARN] PackLoader:240 - Cannot read IP mode file for STMicroelectronics.X-CUBE-AZRTOS-H7.3.2.0
2024-03-27 15:05:33,953 [INFO] ThirdParty:978 - Integrity check success = true
2024-03-27 15:05:33,953 [INFO] IntegrityCheckThread:100 - exiting critical section [integrity check]
2024-03-27 15:05:33,953 [INFO] IntegrityCheckThread:103 - End integrity checks thread
2024-03-27 15:05:34,276 [INFO] ApiDb:240 - Found 371 in-development CPN: [B-G473E-ZEST1S, B-WB1M-WPAN1, B-WL5M-SUBG1, NUCLEO-C031C6, NUCLEO-H503RB, NUCLEO-H563ZI, NUCLEO-U545RE-Q, NUCLEO-U5A5ZJ-Q, NUCLEO-WBA52CG, NUCLEO-WBA55CG, STEVAL-MKBOXPRO, STEVAL-PROTEUS1, STEVAL-STWINBX1, STM320518-EVAL, STM32C0116-DK, STM32C011D6Y3TR, STM32C011D6Y6TR, STM32C011F4P3, STM32C011F4P6, STM32C011F4U3, STM32C011F4U6TR, STM32C011F6P3, STM32C011F6P6, STM32C011F6U3, STM32C011F6U6TR, STM32C011J4M3, STM32C011J4M6, STM32C011J6M3, STM32C011J6M6, STM32C0316-DK, STM32C031C4T3, STM32C031C4T6, STM32C031C4U3, STM32C031C4U6, STM32C031C6T3, STM32C031C6T6, STM32C031C6U3, STM32C031C6U6, STM32C031F4P3, STM32C031F4P6, STM32C031F6P3, STM32C031F6P6, STM32C031G4U3, STM32C031G4U6, STM32C031G6U3, STM32C031G6U6, STM32C031K4T3, STM32C031K4T6, STM32C031K4U3, STM32C031K4U6, STM32C031K6T3, STM32C031K6T6, STM32C031K6U3, STM32C031K6U6, STM32G071K8TXN, STM32G071K8UXN, STM32G081GBU6N, STM32G081KBT6N, STM32G081KBUXN, STM32G0B1CCT6N, STM32G0B1KCT6, STM32G0B1NEY6TR, STM32G0B1RCT6N, STM32G0C1CCT6, STM32G0C1CCT6N, STM32G0C1CCU6N, STM32G0C1CET6N, STM32G0C1CEU6N, STM32G0C1KCT6, STM32G0C1NEY6TR, STM32G0C1RCI6N, STM32G0C1RCT6N, STM32G0C1REI6N, STM32G0C1RET6N, STM32G0C1VCI6, STM32G0C1VEI6, STM32G471CCT6, STM32G471CCU6, STM32G471CET3, STM32G471CET6, STM32G471CEU3, STM32G471CEU6, STM32G471MCT6, STM32G471MET3, STM32G471MET6, STM32G471MEY6TR, STM32G471QCT6, STM32G471QET3, STM32G471RCT6, STM32G471RET3, STM32G471RET6, STM32G471VCH6, STM32G471VCI6, STM32G471VCT6, STM32G471VEH3, STM32G471VEH6, STM32G471VEI3, STM32G471VEI6, STM32G471VET3, STM32G471VET6, STM32G474CCT6, STM32H503CBT6, STM32H503CBU6, STM32H503EBY6TR, STM32H503KBU6, STM32H503RBT6, STM32H562AGI6, STM32H562AII6, STM32H562IGK6, STM32H562IGT6, STM32H562IIK6, STM32H562IIT6, STM32H562RGT6, STM32H562RGV6, STM32H562RIT6, STM32H562RIV6, STM32H562VGT6, STM32H562VIT6, STM32H562ZGT6, STM32H562ZIT6, STM32H563AGI6, STM32H563AII3Q, STM32H563AII6, STM32H563IGK6, STM32H563IGT6, STM32H563IIK3Q, STM32H563IIK6, STM32H563IIT3Q, STM32H563IIT6, STM32H563MIY3QTR, STM32H563RGT6, STM32H563RGV6, STM32H563RIT6, STM32H563RIV6, STM32H563VGT6, STM32H563VIT3Q, STM32H563VIT6, STM32H563ZGT6, STM32H563ZIT3Q, STM32H563ZIT6, STM32H573AII3Q, STM32H573AII6, STM32H573I-DK, STM32H573IIK3Q, STM32H573IIK6, STM32H573IIT3Q, STM32H573IIT6, STM32H573MIY3QTR, STM32H573RIT6, STM32H573RIV6, STM32H573VIT3Q, STM32H573VIT6, STM32H573ZIT3Q, STM32H573ZIT6, STM32L4R5QGI6STR, STM32MP131AAE3, STM32MP131AAF3, STM32MP131AAG3, STM32MP131CAE3, STM32MP131CAF3, STM32MP131CAG3, STM32MP131DAE7, STM32MP131DAF7, STM32MP131DAG7, STM32MP131FAE7, STM32MP131FAF7, STM32MP131FAG7, STM32MP133AAE3, STM32MP133AAF3, STM32MP133AAG3, STM32MP133CAE3, STM32MP133CAF3, STM32MP133CAG3, STM32MP133DAE7, STM32MP133DAF7, STM32MP133DAG7, STM32MP133FAE7, STM32MP133FAF7, STM32MP133FAG7, STM32MP135AAE3, STM32MP135AAF3, STM32MP135AAG3, STM32MP135CAE3, STM32MP135CAF3, STM32MP135CAG3, STM32MP135DAE7, STM32MP135DAF7, STM32MP135DAG7, STM32MP135F-DK, STM32MP135FAE7, STM32MP135FAF7, STM32MP135FAF7T, STM32MP135FAF7U, STM32MP135FAG7, STM32U535CBT6, STM32U535CBT6Q, STM32U535CBU6, STM32U535CBU6Q, STM32U535CCT6, STM32U535CCT6Q, STM32U535CCU6, STM32U535CCU6Q, STM32U535CET6, STM32U535CET6Q, STM32U535CEU6, STM32U535CEU6Q, STM32U535JEY6QTR, STM32U535NCY6QTR, STM32U535NEY6QTR, STM32U535RBI6, STM32U535RBI6Q, STM32U535RBT6, STM32U535RBT6Q, STM32U535RCI6, STM32U535RCI6Q, STM32U535RCT6, STM32U535RCT6Q, STM32U535REI6, STM32U535REI6Q, STM32U535RET6, STM32U535RET6Q, STM32U535VCI6, STM32U535VCI6Q, STM32U535VCT6, STM32U535VCT6Q, STM32U535VEI6, STM32U535VEI6Q, STM32U535VET6, STM32U535VET6Q, STM32U545CET6, STM32U545CET6Q, STM32U545CEU6, STM32U545CEU6Q, STM32U545JEY6QTR, STM32U545NEY6QTR, STM32U545REI6, STM32U545REI6Q, STM32U545RET6, STM32U545RET6Q, STM32U545VEI6, STM32U545VEI6Q, STM32U545VET6, STM32U545VET6Q, STM32U595AIH6, STM32U595AIH6Q, STM32U595AJH6, STM32U595AJH6Q, STM32U595QII6, STM32U595QII6Q, STM32U595QJI6, STM32U595QJI6Q, STM32U595RIT6, STM32U595RIT6Q, STM32U595RJT6, STM32U595RJT6Q, STM32U595VIT6, STM32U595VIT6Q, STM32U595VJT6, STM32U595VJT6Q, STM32U595ZIT6, STM32U595ZIT6Q, STM32U595ZIY6QTR, STM32U595ZJT6, STM32U595ZJT6Q, STM32U595ZJY6QTR, STM32U599BJY6QTR, STM32U599NIH6Q, STM32U599NJH6Q, STM32U599VIT6Q, STM32U599VJT6, STM32U599VJT6Q, STM32U599ZIT6Q, STM32U599ZIY6QTR, STM32U599ZJT6Q, STM32U599ZJY6QTR, STM32U5A5AJH6, STM32U5A5AJH6Q, STM32U5A5QJI6, STM32U5A5QJI6Q, STM32U5A5RJT6, STM32U5A5RJT6Q, STM32U5A5VJT6, STM32U5A5VJT6Q, STM32U5A5ZJT6, STM32U5A5ZJT6Q, STM32U5A5ZJY6QTR, STM32U5A9BJY6QTR, STM32U5A9J-DK, STM32U5A9NJH6Q, STM32U5A9VJT6Q, STM32U5A9ZJT6Q, STM32U5A9ZJY6QTR, STM32U5F7VIT6, STM32U5F7VIT6Q, STM32U5F7VJT6, STM32U5F7VJT6Q, STM32U5F9BJY6QTR, STM32U5F9NJH6Q, STM32U5F9VIT6Q, STM32U5F9VJT6Q, STM32U5F9ZIJ6QTR, STM32U5F9ZIT6Q, STM32U5F9ZJJ6QTR, STM32U5F9ZJT6Q, STM32U5G7VJT6, STM32U5G7VJT6Q, STM32U5G9BJY6QTR, STM32U5G9J-DK1, STM32U5G9J-DK2, STM32U5G9NJH6Q, STM32U5G9VJT6Q, STM32U5G9ZJJ6QTR, STM32U5G9ZJT6Q, STM32WB1MMCH6, STM32WBA50KEU6, STM32WBA50KEU6TR, STM32WBA50KGU6, STM32WBA50KGU6TR, STM32WBA52CEU6, STM32WBA52CEU6TR, STM32WBA52CEU7, STM32WBA52CEU7TR, STM32WBA52CGU6, STM32WBA52CGU6TR, STM32WBA52CGU6U, STM32WBA52CGU7, STM32WBA52CGU7TR, STM32WBA52KEU6, STM32WBA52KEU6TR, STM32WBA52KGU6, STM32WBA52KGU6TR, STM32WBA54CEU6, STM32WBA54CEU6TR, STM32WBA54CEU7, STM32WBA54CEU7TR, STM32WBA54CGU6, STM32WBA54CGU6TR, STM32WBA54CGU7, STM32WBA54CGU7TR, STM32WBA54KEU6, STM32WBA54KEU6TR, STM32WBA54KEU7, STM32WBA54KEU7TR, STM32WBA54KGU6, STM32WBA54KGU6TR, STM32WBA54KGU7, STM32WBA54KGU7TR, STM32WBA55CEU6, STM32WBA55CEU6TR, STM32WBA55CEU7, STM32WBA55CEU7TR, STM32WBA55CGU6, STM32WBA55CGU6TR, STM32WBA55CGU6U, STM32WBA55CGU7, STM32WBA55CGU7TR, STM32WBA55G-DK1, STM32WBA55HEF6, STM32WBA55HEF7, STM32WBA55HGF6, STM32WBA55HGF7, STM32WBA55UEI6, STM32WBA55UEI6TR, STM32WBA55UEI7, STM32WBA55UEI7TR, STM32WBA55UGI6, STM32WBA55UGI6TR, STM32WBA55UGI7, STM32WBA55UGI7TR, STM32WL5MOCH6, STM32WL5MOCH6TR]
2024-03-27 15:05:34,287 [INFO] DbMcus:218 - Found 4069 MCUs, 4069 are supported
2024-03-27 15:05:34,296 [INFO] ApiDb:423 - Load user favorites file C:\Users\gurc/.stm32cubeide/favorites.mcus.txt: 1 item(s)
2024-03-27 15:05:34,296 [INFO] ApiDb:427 - User favorites MCUs=[STM32F302R8T6]
2024-03-27 15:05:34,296 [INFO] DbMcus:224 - Set 1 / 1 favorites MCUs
2024-03-27 15:05:34,640 [INFO] ApiDb:668 - CubeFinder database Data Model version=2.1
2024-03-27 15:05:34,640 [INFO] ApiDb:669 - CubeFinder database Configuration version=3.0.39
2024-03-27 15:05:34,640 [INFO] ApiDb:670 - CubeFinder database generation date=2024-03-25 (1711369621)
2024-03-27 15:05:34,640 [INFO] ApiDb:671 - CubeFinder database FW Pack versions=[FP-ATR-ASTRA1_V2.0.0, FP-SNS-FLIGHT1_V5.0.1, FP-SNS-FLIGHT1_V5.0.2, FP-SNS-MOTENV1_V4.3.1, FP-SNS-MOTENV1_V4.3.2, FP-SNS-MOTENVWB1_V1.3.1, FP-SNS-SMARTAG2_V1.2.0, STM32Cube_FW_C0_V1.1.0, STM32Cube_FW_F4_V1.28.0, STM32Cube_FW_F7_V1.17.0, STM32Cube_FW_G0_V1.6.2, STM32Cube_FW_G4_V1.5.2, STM32Cube_FW_H5_V0.5.1, STM32Cube_FW_H5_V1.1.1, STM32Cube_FW_H5_V1.2.0, STM32Cube_FW_H5_V1.2.0RC4, STM32Cube_FW_H7RS_V1.0.0, STM32Cube_FW_H7RS_V1.0.0RC4, STM32Cube_FW_H7_V1.11.0, STM32Cube_FW_L0_V1.12.2, STM32Cube_FW_L5_V1.5.1, STM32Cube_FW_U0_V1.0.0, STM32Cube_FW_U0_V1.0.0RC1, STM32Cube_FW_U5_V1.3.0RC4, STM32Cube_FW_U5_V1.5.0, STM32Cube_FW_U5_V1.5.0RC1, STM32Cube_FW_WBA_V1.0.0RC1, STM32Cube_FW_WBA_V1.2.0, STM32Cube_FW_WBA_V1.2.0RC2, STM32Cube_FW_WBA_V1.3.0, STM32Cube_FW_WBA_V1.3.0RC1, STM32Cube_FW_WB_V1.15.0RC1, STM32Cube_FW_WB_V1.16.0, STM32Cube_FW_WB_V1.16.0RC2, STM32Cube_FW_WB_V1.18.0, STM32Cube_FW_WB_V1.19.0, STM32Cube_FW_WL_V1.3.0, X-CUBE-ALGOBUILD_V1.3.0, X-CUBE-ALS_V1.0.1, X-CUBE-AZRTOS-F4_V1.1.0, X-CUBE-AZRTOS-F7_V1.1.0, X-CUBE-AZRTOS-G0_V1.1.0, X-CUBE-AZRTOS-G4_V2.0.0, X-CUBE-AZRTOS-H7_V3.2.0, X-CUBE-AZRTOS-L4_V1.0.0, X-CUBE-AZRTOS-L4_V2.0.0, X-CUBE-AZRTOS-L5_V1.1.0, X-CUBE-AZRTOS-WB_V2.0.0, X-CUBE-AZRTOS-WL_V2.0.0, X-CUBE-BLE1_V7.0.0, X-CUBE-BLE2_V3.3.0, X-CUBE-BLEMGR_V3.1.0, X-CUBE-EEPRMA1_V4.1.0, X-CUBE-EEPRMA1_V5.1.0, X-CUBE-FREERTOS_V1.1.0, X-CUBE-GNSS1_V6.0.0, X-CUBE-MEMS1_V10.0.0, X-CUBE-MEMS1_V9.1.0, X-CUBE-MEMS1_V9.4.0, X-CUBE-MEMS1_V9.6.0, X-CUBE-NFC4_V3.0.0, X-CUBE-NFC7_V1.0.1, X-CUBE-SFXS2LP1_V4.0.0, X-CUBE-SUBG2_V5.0.0, X-CUBE-TOF1_V3.4.0]
2024-03-27 15:05:34,725 [INFO] DbBoardsSqlite:226 - include board P-NUCLEO-WB55-NUCLEO as a kit item of type 'Nucleo-64'
2024-03-27 15:05:34,725 [INFO] DbBoardsSqlite:226 - include board P-NUCLEO-WB55-USBDONGLE as a kit item of type 'Nucleo USB Dongle'
2024-03-27 15:05:34,726 [INFO] DbBoardsSqlite:226 - include board STEVAL-IDP005V1 as a kit item of type 'Evaluation Board'
2024-03-27 15:05:34,726 [INFO] DbBoardsSqlite:226 - include board STEVAL-IDP005V2 as a kit item of type 'Evaluation Board'
2024-03-27 15:05:34,813 [INFO] ApiDb:240 - Found 371 in-development CPN: [B-G473E-ZEST1S, B-WB1M-WPAN1, B-WL5M-SUBG1, NUCLEO-C031C6, NUCLEO-H503RB, NUCLEO-H563ZI, NUCLEO-U545RE-Q, NUCLEO-U5A5ZJ-Q, NUCLEO-WBA52CG, NUCLEO-WBA55CG, STEVAL-MKBOXPRO, STEVAL-PROTEUS1, STEVAL-STWINBX1, STM320518-EVAL, STM32C0116-DK, STM32C011D6Y3TR, STM32C011D6Y6TR, STM32C011F4P3, STM32C011F4P6, STM32C011F4U3, STM32C011F4U6TR, STM32C011F6P3, STM32C011F6P6, STM32C011F6U3, STM32C011F6U6TR, STM32C011J4M3, STM32C011J4M6, STM32C011J6M3, STM32C011J6M6, STM32C0316-DK, STM32C031C4T3, STM32C031C4T6, STM32C031C4U3, STM32C031C4U6, STM32C031C6T3, STM32C031C6T6, STM32C031C6U3, STM32C031C6U6, STM32C031F4P3, STM32C031F4P6, STM32C031F6P3, STM32C031F6P6, STM32C031G4U3, STM32C031G4U6, STM32C031G6U3, STM32C031G6U6, STM32C031K4T3, STM32C031K4T6, STM32C031K4U3, STM32C031K4U6, STM32C031K6T3, STM32C031K6T6, STM32C031K6U3, STM32C031K6U6, STM32G071K8TXN, STM32G071K8UXN, STM32G081GBU6N, STM32G081KBT6N, STM32G081KBUXN, STM32G0B1CCT6N, STM32G0B1KCT6, STM32G0B1NEY6TR, STM32G0B1RCT6N, STM32G0C1CCT6, STM32G0C1CCT6N, STM32G0C1CCU6N, STM32G0C1CET6N, STM32G0C1CEU6N, STM32G0C1KCT6, STM32G0C1NEY6TR, STM32G0C1RCI6N, STM32G0C1RCT6N, STM32G0C1REI6N, STM32G0C1RET6N, STM32G0C1VCI6, STM32G0C1VEI6, STM32G471CCT6, STM32G471CCU6, STM32G471CET3, STM32G471CET6, STM32G471CEU3, STM32G471CEU6, STM32G471MCT6, STM32G471MET3, STM32G471MET6, STM32G471MEY6TR, STM32G471QCT6, STM32G471QET3, STM32G471RCT6, STM32G471RET3, STM32G471RET6, STM32G471VCH6, STM32G471VCI6, STM32G471VCT6, STM32G471VEH3, STM32G471VEH6, STM32G471VEI3, STM32G471VEI6, STM32G471VET3, STM32G471VET6, STM32G474CCT6, STM32H503CBT6, STM32H503CBU6, STM32H503EBY6TR, STM32H503KBU6, STM32H503RBT6, STM32H562AGI6, STM32H562AII6, STM32H562IGK6, STM32H562IGT6, STM32H562IIK6, STM32H562IIT6, STM32H562RGT6, STM32H562RGV6, STM32H562RIT6, STM32H562RIV6, STM32H562VGT6, STM32H562VIT6, STM32H562ZGT6, STM32H562ZIT6, STM32H563AGI6, STM32H563AII3Q, STM32H563AII6, STM32H563IGK6, STM32H563IGT6, STM32H563IIK3Q, STM32H563IIK6, STM32H563IIT3Q, STM32H563IIT6, STM32H563MIY3QTR, STM32H563RGT6, STM32H563RGV6, STM32H563RIT6, STM32H563RIV6, STM32H563VGT6, STM32H563VIT3Q, STM32H563VIT6, STM32H563ZGT6, STM32H563ZIT3Q, STM32H563ZIT6, STM32H573AII3Q, STM32H573AII6, STM32H573I-DK, STM32H573IIK3Q, STM32H573IIK6, STM32H573IIT3Q, STM32H573IIT6, STM32H573MIY3QTR, STM32H573RIT6, STM32H573RIV6, STM32H573VIT3Q, STM32H573VIT6, STM32H573ZIT3Q, STM32H573ZIT6, STM32L4R5QGI6STR, STM32MP131AAE3, STM32MP131AAF3, STM32MP131AAG3, STM32MP131CAE3, STM32MP131CAF3, STM32MP131CAG3, STM32MP131DAE7, STM32MP131DAF7, STM32MP131DAG7, STM32MP131FAE7, STM32MP131FAF7, STM32MP131FAG7, STM32MP133AAE3, STM32MP133AAF3, STM32MP133AAG3, STM32MP133CAE3, STM32MP133CAF3, STM32MP133CAG3, STM32MP133DAE7, STM32MP133DAF7, STM32MP133DAG7, STM32MP133FAE7, STM32MP133FAF7, STM32MP133FAG7, STM32MP135AAE3, STM32MP135AAF3, STM32MP135AAG3, STM32MP135CAE3, STM32MP135CAF3, STM32MP135CAG3, STM32MP135DAE7, STM32MP135DAF7, STM32MP135DAG7, STM32MP135F-DK, STM32MP135FAE7, STM32MP135FAF7, STM32MP135FAF7T, STM32MP135FAF7U, STM32MP135FAG7, STM32U535CBT6, STM32U535CBT6Q, STM32U535CBU6, STM32U535CBU6Q, STM32U535CCT6, STM32U535CCT6Q, STM32U535CCU6, STM32U535CCU6Q, STM32U535CET6, STM32U535CET6Q, STM32U535CEU6, STM32U535CEU6Q, STM32U535JEY6QTR, STM32U535NCY6QTR, STM32U535NEY6QTR, STM32U535RBI6, STM32U535RBI6Q, STM32U535RBT6, STM32U535RBT6Q, STM32U535RCI6, STM32U535RCI6Q, STM32U535RCT6, STM32U535RCT6Q, STM32U535REI6, STM32U535REI6Q, STM32U535RET6, STM32U535RET6Q, STM32U535VCI6, STM32U535VCI6Q, STM32U535VCT6, STM32U535VCT6Q, STM32U535VEI6, STM32U535VEI6Q, STM32U535VET6, STM32U535VET6Q, STM32U545CET6, STM32U545CET6Q, STM32U545CEU6, STM32U545CEU6Q, STM32U545JEY6QTR, STM32U545NEY6QTR, STM32U545REI6, STM32U545REI6Q, STM32U545RET6, STM32U545RET6Q, STM32U545VEI6, STM32U545VEI6Q, STM32U545VET6, STM32U545VET6Q, STM32U595AIH6, STM32U595AIH6Q, STM32U595AJH6, STM32U595AJH6Q, STM32U595QII6, STM32U595QII6Q, STM32U595QJI6, STM32U595QJI6Q, STM32U595RIT6, STM32U595RIT6Q, STM32U595RJT6, STM32U595RJT6Q, STM32U595VIT6, STM32U595VIT6Q, STM32U595VJT6, STM32U595VJT6Q, STM32U595ZIT6, STM32U595ZIT6Q, STM32U595ZIY6QTR, STM32U595ZJT6, STM32U595ZJT6Q, STM32U595ZJY6QTR, STM32U599BJY6QTR, STM32U599NIH6Q, STM32U599NJH6Q, STM32U599VIT6Q, STM32U599VJT6, STM32U599VJT6Q, STM32U599ZIT6Q, STM32U599ZIY6QTR, STM32U599ZJT6Q, STM32U599ZJY6QTR, STM32U5A5AJH6, STM32U5A5AJH6Q, STM32U5A5QJI6, STM32U5A5QJI6Q, STM32U5A5RJT6, STM32U5A5RJT6Q, STM32U5A5VJT6, STM32U5A5VJT6Q, STM32U5A5ZJT6, STM32U5A5ZJT6Q, STM32U5A5ZJY6QTR, STM32U5A9BJY6QTR, STM32U5A9J-DK, STM32U5A9NJH6Q, STM32U5A9VJT6Q, STM32U5A9ZJT6Q, STM32U5A9ZJY6QTR, STM32U5F7VIT6, STM32U5F7VIT6Q, STM32U5F7VJT6, STM32U5F7VJT6Q, STM32U5F9BJY6QTR, STM32U5F9NJH6Q, STM32U5F9VIT6Q, STM32U5F9VJT6Q, STM32U5F9ZIJ6QTR, STM32U5F9ZIT6Q, STM32U5F9ZJJ6QTR, STM32U5F9ZJT6Q, STM32U5G7VJT6, STM32U5G7VJT6Q, STM32U5G9BJY6QTR, STM32U5G9J-DK1, STM32U5G9J-DK2, STM32U5G9NJH6Q, STM32U5G9VJT6Q, STM32U5G9ZJJ6QTR, STM32U5G9ZJT6Q, STM32WB1MMCH6, STM32WBA50KEU6, STM32WBA50KEU6TR, STM32WBA50KGU6, STM32WBA50KGU6TR, STM32WBA52CEU6, STM32WBA52CEU6TR, STM32WBA52CEU7, STM32WBA52CEU7TR, STM32WBA52CGU6, STM32WBA52CGU6TR, STM32WBA52CGU6U, STM32WBA52CGU7, STM32WBA52CGU7TR, STM32WBA52KEU6, STM32WBA52KEU6TR, STM32WBA52KGU6, STM32WBA52KGU6TR, STM32WBA54CEU6, STM32WBA54CEU6TR, STM32WBA54CEU7, STM32WBA54CEU7TR, STM32WBA54CGU6, STM32WBA54CGU6TR, STM32WBA54CGU7, STM32WBA54CGU7TR, STM32WBA54KEU6, STM32WBA54KEU6TR, STM32WBA54KEU7, STM32WBA54KEU7TR, STM32WBA54KGU6, STM32WBA54KGU6TR, STM32WBA54KGU7, STM32WBA54KGU7TR, STM32WBA55CEU6, STM32WBA55CEU6TR, STM32WBA55CEU7, STM32WBA55CEU7TR, STM32WBA55CGU6, STM32WBA55CGU6TR, STM32WBA55CGU6U, STM32WBA55CGU7, STM32WBA55CGU7TR, STM32WBA55G-DK1, STM32WBA55HEF6, STM32WBA55HEF7, STM32WBA55HGF6, STM32WBA55HGF7, STM32WBA55UEI6, STM32WBA55UEI6TR, STM32WBA55UEI7, STM32WBA55UEI7TR, STM32WBA55UGI6, STM32WBA55UGI6TR, STM32WBA55UGI7, STM32WBA55UGI7TR, STM32WL5MOCH6, STM32WL5MOCH6TR]
2024-03-27 15:05:34,978 [INFO] BoardInfo:889 - No configuration file found for board NUCLEO-H7S3L8
2024-03-27 15:05:34,978 [INFO] DbBoards:161 - Board is not supported: NUCLEO-H7S3L8
2024-03-27 15:05:35,016 [INFO] BoardInfo:889 - No configuration file found for board NUCLEO-U031R8
2024-03-27 15:05:35,017 [INFO] DbBoards:161 - Board is not supported: NUCLEO-U031R8
2024-03-27 15:05:35,019 [INFO] BoardInfo:889 - No configuration file found for board NUCLEO-U083RC
2024-03-27 15:05:35,019 [INFO] DbBoards:161 - Board is not supported: NUCLEO-U083RC
2024-03-27 15:05:35,042 [INFO] BoardInfo:889 - No configuration file found for board P-NUCLEO-WB55
2024-03-27 15:05:35,042 [INFO] DbBoards:161 - Kit is not supported: P-NUCLEO-WB55
2024-03-27 15:05:35,049 [INFO] BoardInfo:889 - No configuration file found for board STEVAL-BFA001V1B
2024-03-27 15:05:35,049 [INFO] DbBoards:161 - Kit is not supported: STEVAL-BFA001V1B
2024-03-27 15:05:35,051 [INFO] BoardInfo:889 - No configuration file found for board STEVAL-BFA001V2B
2024-03-27 15:05:35,051 [INFO] DbBoards:161 - Kit is not supported: STEVAL-BFA001V2B
2024-03-27 15:05:35,181 [INFO] BoardInfo:889 - No configuration file found for board STM32H7S78-DK
2024-03-27 15:05:35,181 [INFO] DbBoards:161 - Board is not supported: STM32H7S78-DK
2024-03-27 15:05:35,220 [INFO] BoardInfo:889 - No configuration file found for board STM32U083C-DK
2024-03-27 15:05:35,220 [INFO] DbBoards:161 - Board is not supported: STM32U083C-DK
2024-03-27 15:05:35,232 [INFO] DbBoards:168 - Found 198 boards, 190 are supported
2024-03-27 15:05:35,232 [INFO] DbBoards:169 - Found 198 boards, 3 of them is supported for  Bsp
2024-03-27 15:05:35,242 [INFO] ApiDb:423 - Load user favorites file C:\Users\gurc/.stm32cubeide/favorites.boards.txt: 1 item(s)
2024-03-27 15:05:35,242 [INFO] ApiDb:427 - User favorites Boards=[NUCLEO-F302R8]
2024-03-27 15:05:35,242 [INFO] DbBoards:198 - Set 1 / 1 favorites Boards
2024-03-27 15:05:35,245 [INFO] ApiDb:668 - CubeFinder database Data Model version=2.1
2024-03-27 15:05:35,245 [INFO] ApiDb:669 - CubeFinder database Configuration version=3.0.39
2024-03-27 15:05:35,245 [INFO] ApiDb:670 - CubeFinder database generation date=2024-03-25 (1711369621)
2024-03-27 15:05:35,245 [INFO] ApiDb:671 - CubeFinder database FW Pack versions=[FP-ATR-ASTRA1_V2.0.0, FP-SNS-FLIGHT1_V5.0.1, FP-SNS-FLIGHT1_V5.0.2, FP-SNS-MOTENV1_V4.3.1, FP-SNS-MOTENV1_V4.3.2, FP-SNS-MOTENVWB1_V1.3.1, FP-SNS-SMARTAG2_V1.2.0, STM32Cube_FW_C0_V1.1.0, STM32Cube_FW_F4_V1.28.0, STM32Cube_FW_F7_V1.17.0, STM32Cube_FW_G0_V1.6.2, STM32Cube_FW_G4_V1.5.2, STM32Cube_FW_H5_V0.5.1, STM32Cube_FW_H5_V1.1.1, STM32Cube_FW_H5_V1.2.0, STM32Cube_FW_H5_V1.2.0RC4, STM32Cube_FW_H7RS_V1.0.0, STM32Cube_FW_H7RS_V1.0.0RC4, STM32Cube_FW_H7_V1.11.0, STM32Cube_FW_L0_V1.12.2, STM32Cube_FW_L5_V1.5.1, STM32Cube_FW_U0_V1.0.0, STM32Cube_FW_U0_V1.0.0RC1, STM32Cube_FW_U5_V1.3.0RC4, STM32Cube_FW_U5_V1.5.0, STM32Cube_FW_U5_V1.5.0RC1, STM32Cube_FW_WBA_V1.0.0RC1, STM32Cube_FW_WBA_V1.2.0, STM32Cube_FW_WBA_V1.2.0RC2, STM32Cube_FW_WBA_V1.3.0, STM32Cube_FW_WBA_V1.3.0RC1, STM32Cube_FW_WB_V1.15.0RC1, STM32Cube_FW_WB_V1.16.0, STM32Cube_FW_WB_V1.16.0RC2, STM32Cube_FW_WB_V1.18.0, STM32Cube_FW_WB_V1.19.0, STM32Cube_FW_WL_V1.3.0, X-CUBE-ALGOBUILD_V1.3.0, X-CUBE-ALS_V1.0.1, X-CUBE-AZRTOS-F4_V1.1.0, X-CUBE-AZRTOS-F7_V1.1.0, X-CUBE-AZRTOS-G0_V1.1.0, X-CUBE-AZRTOS-G4_V2.0.0, X-CUBE-AZRTOS-H7_V3.2.0, X-CUBE-AZRTOS-L4_V1.0.0, X-CUBE-AZRTOS-L4_V2.0.0, X-CUBE-AZRTOS-L5_V1.1.0, X-CUBE-AZRTOS-WB_V2.0.0, X-CUBE-AZRTOS-WL_V2.0.0, X-CUBE-BLE1_V7.0.0, X-CUBE-BLE2_V3.3.0, X-CUBE-BLEMGR_V3.1.0, X-CUBE-EEPRMA1_V4.1.0, X-CUBE-EEPRMA1_V5.1.0, X-CUBE-FREERTOS_V1.1.0, X-CUBE-GNSS1_V6.0.0, X-CUBE-MEMS1_V10.0.0, X-CUBE-MEMS1_V9.1.0, X-CUBE-MEMS1_V9.4.0, X-CUBE-MEMS1_V9.6.0, X-CUBE-NFC4_V3.0.0, X-CUBE-NFC7_V1.0.1, X-CUBE-SFXS2LP1_V4.0.0, X-CUBE-SUBG2_V5.0.0, X-CUBE-TOF1_V3.4.0]
2024-03-27 15:05:36,218 [ERROR] DbExamplesSqlite:437 - Missing JSON key: board_cpn
2024-03-27 15:05:36,219 [ERROR] DbExamplesSqlite:437 - Missing JSON key: board_cpn
2024-03-27 15:05:36,219 [ERROR] DbExamplesSqlite:437 - Missing JSON key: board_cpn
2024-03-27 15:05:36,219 [ERROR] DbExamplesSqlite:437 - Missing JSON key: board_cpn
2024-03-27 15:05:36,352 [INFO] DbExamplesSqlite:395 - Ignored 60 examples not supported by CubeIDE
2024-03-27 15:05:36,352 [INFO] DbExamplesSqlite:396 - Found 8152 examples active
2024-03-27 15:05:36,352 [INFO] DbExamplesSqlite:397 - Found 871 examples obsolete
2024-03-27 15:05:36,353 [INFO] DbExamplesSqlite:398 - Found 0 examples under development
2024-03-27 15:05:36,353 [INFO] DbExamplesSqlite:399 - Found 10 examples not building
2024-03-27 15:05:36,356 [INFO] DbExamples:125 - Found 8102 examples
2024-03-27 15:05:36,427 [ERROR] DbExamples:208 - Found 48 examples with invalid data (board or MCU)
2024-03-27 15:05:36,427 [INFO] DbExamples:222 - Found 100 boards with related examples
2024-03-27 15:05:36,429 [INFO] DbExamples:235 - Found 85 MCUs with related examples
2024-03-27 15:05:36,458 [INFO] ApiDb:414 - User favorites file not found: C:\Users\gurc/.stm32cubeide/favorites.examples.txt
2024-03-27 15:05:36,459 [INFO] DbExamples:250 - Set 0 / 0 favorites Examples
2024-03-27 15:05:36,940 [INFO] McuFinderGlobals:76 - Set McuFinderConnectedMode to true
2024-03-27 15:05:36,952 [INFO] MultiScanPanel:200 - Auto-refresh data requested => check proxy status ongoing
2024-03-27 15:05:36,957 [INFO] FinderPluginLoader:95 - Searching for filters in installed packs
2024-03-27 15:05:38,674 [INFO] LoadUrlFilesThread:185 - End of LoadServerUrlFiles without Thread
2024-03-27 15:05:38,691 [INFO] DetailPanel:341 - Set advertising image to C:/Users/gurc/STM32Cube/Repository/\en.prom-stm32wl3-mcu-finder.jpg
2024-03-27 15:05:52,070 [ERROR] LogOutputStream:75 - [STDERR_REDIRECT] SLF4J: Failed to load class "org.slf4j.impl.StaticLoggerBinder".
2024-03-27 15:05:52,072 [ERROR] LogOutputStream:75 - [STDERR_REDIRECT] SLF4J: Defaulting to no-operation (NOP) logger implementation
2024-03-27 15:05:52,074 [ERROR] LogOutputStream:75 - [STDERR_REDIRECT] SLF4J: See http://www.slf4j.org/codes.html#StaticLoggerBinder for further details.
2024-03-27 15:07:33,274 [INFO] McuFinderGlobals:76 - Set McuFinderConnectedMode to true
2024-03-27 15:07:33,278 [INFO] ApiDb:448 - Save user favorites file C:\Users\gurc/.stm32cubeide/favorites.mcus.txt: 1 item(s)
2024-03-27 15:07:33,279 [INFO] ApiDb:452 - User favorites MCUs=[STM32F302R8T6]
2024-03-27 17:20:29,950 [INFO] MainUpdater:2873 - connection check result : 10
2024-03-27 17:20:30,084 [INFO] McuFinderGlobals:76 - Set McuFinderConnectedMode to true
2024-03-27 17:20:30,085 [INFO] MultiScanPanel:200 - Auto-refresh data requested => check proxy status ongoing
2024-03-27 17:20:30,085 [INFO] FinderPluginLoader:95 - Searching for filters in installed packs
2024-03-27 17:20:30,982 [INFO] LoadUrlFilesThread:185 - End of LoadServerUrlFiles without Thread
2024-03-27 17:20:30,982 [INFO] DetailPanel:341 - Set advertising image to C:/Users/gurc/STM32Cube/Repository/\en.prom-stm32wl3-mcu-finder.jpg
2024-03-27 17:21:04,129 [INFO] ApiDb:581 - Connected to CubeFinder SQLite database (C:\Users\gurc\.stmcufinder\plugins\mcufinder\mcu\cube-finder-db.db)
2024-03-27 17:21:26,756 [INFO] McuFinderGlobals:76 - Set McuFinderConnectedMode to true
2024-03-27 17:21:26,758 [INFO] ApiDb:448 - Save user favorites file C:\Users\gurc/.stm32cubeide/favorites.mcus.txt: 1 item(s)
2024-03-27 17:21:26,759 [INFO] ApiDb:452 - User favorites MCUs=[STM32F302R8T6]
