2024-02-09 17:13:42,169 [ERROR] LogOutputStream:75 - [STDERR_REDIRECT] Exception in thread "AWT-EventQueue-0" org.eclipse.swt.SWTException: Device is disposed
2024-02-09 17:13:42,210 [ERROR] LogOutputStream:75 - [STDERR_REDIRECT] 	at org.eclipse.swt.SWT.error(SWT.java:4918)
2024-02-09 17:13:42,211 [ERROR] LogOutputStream:75 - [STDERR_REDIRECT] 	at org.eclipse.swt.SWT.error(SWT.java:4833)
2024-02-09 17:13:42,215 [ERROR] LogOutputStream:75 - [STDERR_REDIRECT] 	at org.eclipse.swt.SWT.error(SWT.java:4804)
2024-02-09 17:13:42,217 [ERROR] LogOutputStream:75 - [STDERR_REDIRECT] 	at org.eclipse.swt.widgets.Display.error(Display.java:1278)
2024-02-09 17:13:42,220 [ERROR] LogOutputStream:75 - [STDERR_REDIRECT] 	at org.eclipse.swt.widgets.Display.asyncExec(Display.java:774)
2024-02-09 17:13:42,223 [ERROR] LogOutputStream:75 - [STDERR_REDIRECT] 	at com.st.stm32cube.common.mx.oss.core.awtswtbridge.AwtEnvironment$2.run(AwtEnvironment.java:168)
2024-02-09 17:13:42,226 [ERROR] LogOutputStream:75 - [STDERR_REDIRECT] 	at java.desktop/java.awt.event.InvocationEvent.dispatch(InvocationEvent.java:318)
2024-02-09 17:13:42,228 [ERROR] LogOutputStream:75 - [STDERR_REDIRECT] 	at java.desktop/java.awt.EventQueue.dispatchEventImpl(EventQueue.java:773)
2024-02-09 17:13:42,230 [ERROR] LogOutputStream:75 - [STDERR_REDIRECT] 	at java.desktop/java.awt.EventQueue$4.run(EventQueue.java:720)
2024-02-09 17:13:42,232 [ERROR] LogOutputStream:75 - [STDERR_REDIRECT] 	at java.desktop/java.awt.EventQueue$4.run(EventQueue.java:714)
2024-02-09 17:13:42,236 [ERROR] LogOutputStream:75 - [STDERR_REDIRECT] 	at java.base/java.security.AccessController.doPrivileged(AccessController.java:399)
2024-02-09 17:13:42,240 [ERROR] LogOutputStream:75 - [STDERR_REDIRECT] 	at java.base/java.security.ProtectionDomain$JavaSecurityAccessImpl.doIntersectionPrivilege(ProtectionDomain.java:86)
2024-02-09 17:13:42,242 [ERROR] LogOutputStream:75 - [STDERR_REDIRECT] 	at java.desktop/java.awt.EventQueue.dispatchEvent(EventQueue.java:742)
2024-02-09 17:13:42,245 [ERROR] LogOutputStream:75 - [STDERR_REDIRECT] 	at java.desktop/java.awt.EventDispatchThread.pumpOneEventForFilters(EventDispatchThread.java:203)
2024-02-09 17:13:42,250 [ERROR] LogOutputStream:75 - [STDERR_REDIRECT] 	at java.desktop/java.awt.EventDispatchThread.pumpEventsForFilter(EventDispatchThread.java:124)
2024-02-09 17:13:42,253 [ERROR] LogOutputStream:75 - [STDERR_REDIRECT] 	at java.desktop/java.awt.EventDispatchThread.pumpEventsForHierarchy(EventDispatchThread.java:113)
2024-02-09 17:13:42,256 [ERROR] LogOutputStream:75 - [STDERR_REDIRECT] 	at java.desktop/java.awt.EventDispatchThread.pumpEvents(EventDispatchThread.java:109)
2024-02-09 17:13:42,258 [ERROR] LogOutputStream:75 - [STDERR_REDIRECT] 	at java.desktop/java.awt.EventDispatchThread.pumpEvents(EventDispatchThread.java:101)
2024-02-09 17:13:42,260 [ERROR] LogOutputStream:75 - [STDERR_REDIRECT] 	at java.desktop/java.awt.EventDispatchThread.run(EventDispatchThread.java:90)
2024-02-09 17:13:42,464 [ERROR] LogOutputStream:75 - [STDERR_REDIRECT] 
2024-02-09 17:13:42,465 [ERROR] LogOutputStream:75 - [STDERR_REDIRECT] 
2024-02-09 17:17:30,190 [INFO] Activator:176 - 


2024-02-09 17:17:30,194 [INFO] Activator:177 - !SESSION log4j initialized
2024-02-09 17:17:46,363 [INFO] LogOutputStream:77 - [STDOUT_REDIRECT] 
2024-02-09 17:17:55,123 [INFO] ApplicationProperties:184 - Using Application install path: C:\ST\STM32CubeIDE_1.14.1\STM32CubeIDE\plugins\com.st.stm32cube.common.mx_6.10.0.202311202037
2024-02-09 17:17:55,155 [INFO] DbMcusXml:78 - Set database path to: C:\ST\STM32CubeIDE_1.14.1\STM32CubeIDE\plugins\com.st.stm32cube.common.mx_6.10.0.202311202037\\db\/mcu/
2024-02-09 17:17:55,156 [INFO] ApiDb:274 - Set plugin database path to: C:\ST\STM32CubeIDE_1.14.1\STM32CubeIDE\plugins\com.st.stm32cube.common.mx_6.10.0.202311202037\\db\/plugins/boardmanager/
2024-02-09 17:17:55,157 [WARN] ApiDb:259 - Overriding images path with different value:  => C:\ST\STM32CubeIDE_1.14.1\STM32CubeIDE\plugins\com.st.stm32cube.common.mx_6.10.0.202311202037\\db\/plugins/mcufinder/images/
2024-02-09 17:17:55,170 [INFO] ApiDb:250 - Set database path to: C:\Users\gurc\.stmcufinder\plugins\mcufinder//mcu/
2024-02-09 17:17:55,172 [INFO] DbMcusAds:125 - Set database path to: C:\Users\gurc\.stmcufinder\plugins\mcufinder//mcu/
2024-02-09 17:17:55,176 [INFO] CrossReferenceDbSqlite:203 - Set database path to: C:\Users\gurc\.stmcufinder\plugins\mcufinder//mcu/cs/
2024-02-09 17:17:55,421 [INFO] RulesReader:64 - Compatibility file has been processed (297 Rules)
2024-02-09 17:17:55,595 [INFO] DbMcusXml:78 - Set database path to: C:\ST\STM32CubeIDE_1.14.1\STM32CubeIDE\plugins\com.st.stm32cube.common.mx_6.10.0.202311202037\\db\/mcu/
2024-02-09 17:17:55,595 [INFO] ApiDb:274 - Set plugin database path to: C:\ST\STM32CubeIDE_1.14.1\STM32CubeIDE\plugins\com.st.stm32cube.common.mx_6.10.0.202311202037\\db\/plugins/boardmanager/
2024-02-09 17:17:55,595 [INFO] ApiDb:261 - Set plugin images path to: C:\ST\STM32CubeIDE_1.14.1\STM32CubeIDE\plugins\com.st.stm32cube.common.mx_6.10.0.202311202037\\db\/plugins/mcufinder/images/
2024-02-09 17:17:55,596 [WARN] DbFile:41 - Overriding database path with different value: C:\Users\gurc\.stmcufinder\plugins\mcufinder/ => C:\Users\gurc\.stmcufinder\plugins\mcufinder
2024-02-09 17:17:55,596 [INFO] ApiDb:250 - Set database path to: C:\Users\gurc\.stmcufinder\plugins\mcufinder//mcu/
2024-02-09 17:17:55,596 [WARN] DbFile:41 - Overriding database path with different value: C:\Users\gurc\.stmcufinder\plugins\mcufinder/ => C:\Users\gurc\.stmcufinder\plugins\mcufinder
2024-02-09 17:17:55,596 [INFO] DbMcusAds:125 - Set database path to: C:\Users\gurc\.stmcufinder\plugins\mcufinder//mcu/
2024-02-09 17:17:55,596 [WARN] DbFile:41 - Overriding database path with different value: C:\Users\gurc\.stmcufinder\plugins\mcufinder/ => C:\Users\gurc\.stmcufinder\plugins\mcufinder
2024-02-09 17:17:55,596 [WARN] DbFile:41 - Overriding database path with different value: C:\Users\gurc\.stmcufinder\plugins\mcufinder/ => C:\Users\gurc\.stmcufinder\plugins\mcufinder
2024-02-09 17:17:55,597 [INFO] CrossReferenceDbSqlite:203 - Set database path to: C:\Users\gurc\.stmcufinder\plugins\mcufinder//mcu/cs/
2024-02-09 17:17:55,763 [INFO] MainPanel:264 - HeapMemory: 268435456
2024-02-09 17:17:55,957 [INFO] DbMcusXml:78 - Set database path to: C:\ST\STM32CubeIDE_1.14.1\STM32CubeIDE\plugins\com.st.stm32cube.common.mx_6.10.0.202311202037\\db\/mcu/
2024-02-09 17:17:55,958 [INFO] ApiDb:274 - Set plugin database path to: C:\ST\STM32CubeIDE_1.14.1\STM32CubeIDE\plugins\com.st.stm32cube.common.mx_6.10.0.202311202037\\db\/plugins/boardmanager/
2024-02-09 17:17:55,958 [INFO] ApiDb:261 - Set plugin images path to: C:\ST\STM32CubeIDE_1.14.1\STM32CubeIDE\plugins\com.st.stm32cube.common.mx_6.10.0.202311202037\\db\/plugins/mcufinder/images/
2024-02-09 17:17:55,959 [WARN] DbFile:41 - Overriding database path with different value: C:\Users\gurc\.stmcufinder\plugins\mcufinder/ => C:\Users\gurc\.stmcufinder\plugins\mcufinder
2024-02-09 17:17:55,959 [INFO] ApiDb:250 - Set database path to: C:\Users\gurc\.stmcufinder\plugins\mcufinder//mcu/
2024-02-09 17:17:55,959 [WARN] DbFile:41 - Overriding database path with different value: C:\Users\gurc\.stmcufinder\plugins\mcufinder/ => C:\Users\gurc\.stmcufinder\plugins\mcufinder
2024-02-09 17:17:55,959 [INFO] DbMcusAds:125 - Set database path to: C:\Users\gurc\.stmcufinder\plugins\mcufinder//mcu/
2024-02-09 17:17:55,959 [WARN] DbFile:41 - Overriding database path with different value: C:\Users\gurc\.stmcufinder\plugins\mcufinder/ => C:\Users\gurc\.stmcufinder\plugins\mcufinder
2024-02-09 17:17:55,960 [WARN] DbFile:41 - Overriding database path with different value: C:\Users\gurc\.stmcufinder\plugins\mcufinder/ => C:\Users\gurc\.stmcufinder\plugins\mcufinder
2024-02-09 17:17:55,960 [INFO] CrossReferenceDbSqlite:203 - Set database path to: C:\Users\gurc\.stmcufinder\plugins\mcufinder//mcu/cs/
2024-02-09 17:17:56,033 [INFO] ApplicationProperties:184 - Using Application install path: C:\ST\STM32CubeIDE_1.14.1\STM32CubeIDE\plugins\com.st.stm32cube.common.mx_6.10.0.202311202037
2024-02-09 17:17:56,036 [INFO] PluginManage:196 - Search for loadable plugins [exclusion list=, ]
2024-02-09 17:17:56,038 [INFO] PluginManage:310 - Check plugin analytics
2024-02-09 17:17:56,823 [INFO] AnalyticsPlugin:253 - Accepted Software Licenses: 
2024-02-09 17:17:56,824 [INFO] AnalyticsPlugin:255 - Accepted CMSIS Pack Licenses: 
2024-02-09 17:17:56,824 [INFO] AnalyticsPlugin:257 - Accepted Firmware Licenses: 
2024-02-09 17:17:56,828 [INFO] PluginManage:359 - Loaded plugin analytics (category:tool,tabindex:-1)
2024-02-09 17:17:56,829 [INFO] PluginManage:310 - Check plugin cadmodel
2024-02-09 17:17:56,863 [INFO] CADModel:105 - Init CAD model plugin
2024-02-09 17:17:56,863 [INFO] PluginManage:359 - Loaded plugin cadmodel (category:power,tabindex:5)
2024-02-09 17:17:56,863 [INFO] PluginManage:310 - Check plugin clock
2024-02-09 17:17:56,984 [INFO] PluginManage:359 - Loaded plugin clock (category:base,tabindex:2)
2024-02-09 17:17:56,985 [INFO] PluginManage:310 - Check plugin ddr
2024-02-09 17:17:56,993 [INFO] PluginManage:359 - Loaded plugin ddr (category:tool,tabindex:6)
2024-02-09 17:17:56,993 [INFO] PluginManage:310 - Check plugin filemanager
2024-02-09 17:17:57,493 [INFO] PluginManage:359 - Loaded plugin filemanager (category:base,tabindex:10)
2024-02-09 17:17:57,493 [INFO] PluginManage:310 - Check plugin ipmanager
2024-02-09 17:17:57,607 [INFO] PluginManage:359 - Loaded plugin ipmanager (category:base,tabindex:5)
2024-02-09 17:17:57,608 [INFO] PluginManage:310 - Check plugin lpbam
2024-02-09 17:17:57,646 [INFO] PluginManage:359 - Loaded plugin lpbam (category:base,tabindex:0)
2024-02-09 17:17:57,646 [INFO] PluginManage:310 - Check plugin memorymap
2024-02-09 17:17:57,693 [INFO] PluginManage:359 - Loaded plugin memorymap (category:base,tabindex:4)
2024-02-09 17:17:57,693 [INFO] PluginManage:310 - Check plugin pinoutandconfiguration
2024-02-09 17:17:57,735 [INFO] PluginManage:359 - Loaded plugin pinoutandconfiguration (category:base,tabindex:1)
2024-02-09 17:17:57,735 [INFO] PluginManage:310 - Check plugin pinoutconfig
2024-02-09 17:17:57,955 [WARN] SupportedApi:132 - Cannot load RTOS API schema: s4s-elt-must-match.1: The content of 'definitions' must match (annotation?, (simpleType | complexType)?, (unique | key | keyref)*)). A problem was found starting at: attribute.
2024-02-09 17:17:58,282 [INFO] PluginManage:359 - Loaded plugin pinoutconfig (category:base,tabindex:0)
2024-02-09 17:17:58,282 [INFO] PluginManage:310 - Check plugin power
2024-02-09 17:17:58,325 [INFO] PluginManage:359 - Loaded plugin power (category:power,tabindex:4)
2024-02-09 17:17:58,326 [INFO] PluginManage:310 - Check plugin projectmanager
2024-02-09 17:17:58,358 [INFO] PluginManage:359 - Loaded plugin projectmanager (category:projectmanager,tabindex:3)
2024-02-09 17:17:58,358 [INFO] PluginManage:310 - Check plugin thirdparty
2024-02-09 17:17:59,492 [INFO] PluginManage:359 - Loaded plugin thirdparty (category:base,tabindex:-1)
2024-02-09 17:17:59,493 [INFO] PluginManage:310 - Check plugin tools
2024-02-09 17:17:59,493 [WARN] IntegrityCheckThread:84 - waiting for thirdparty lock release [integrity check]
2024-02-09 17:17:59,493 [INFO] IntegrityCheckThread:86 - entering critical section [integrity check]
2024-02-09 17:17:59,494 [INFO] ThirdPartyUpdaterWithRetryManager:70 - Updater plugin not ready yet. [1/15]
2024-02-09 17:17:59,569 [INFO] PluginManage:359 - Loaded plugin tools (category:base,tabindex:7)
2024-02-09 17:17:59,570 [INFO] PluginManage:310 - Check plugin tutovideos
2024-02-09 17:17:59,952 [INFO] PluginManage:359 - Loaded plugin tutovideos (category:base,tabindex:-1)
2024-02-09 17:17:59,953 [INFO] PluginManage:310 - Check plugin updater
2024-02-09 17:17:59,972 [INFO] PluginManage:359 - Loaded plugin updater (category:base,tabindex:12)
2024-02-09 17:17:59,972 [INFO] PluginManage:310 - Check plugin userauth
2024-02-09 17:17:59,981 [INFO] UserAuth:114 - Init User Auth plugin
2024-02-09 17:17:59,981 [INFO] PluginManage:359 - Loaded plugin userauth (category:base,tabindex:14)
2024-02-09 17:17:59,982 [INFO] PluginManage:283 - PluginManage : Loaded plugins [17]
2024-02-09 17:18:00,444 [INFO] PinOutPanel:1499 - setPackage(No Configuration,No Configuration)
2024-02-09 17:18:00,601 [INFO] CADModel:165 - CPN selected for project level
2024-02-09 17:18:00,601 [INFO] CADModel:114 - Register for checkConnection events
2024-02-09 17:18:00,645 [INFO] IPUIPlugin:80 - create IPUIPlugin
2024-02-09 17:18:00,645 [INFO] PluginManager:220 - loadIPPluginJar : add adc
2024-02-09 17:18:00,729 [INFO] IPUIPlugin:80 - create IPUIPlugin
2024-02-09 17:18:00,729 [INFO] PluginManager:220 - loadIPPluginJar : add aes
2024-02-09 17:18:00,829 [INFO] IPUIPlugin:80 - create IPUIPlugin
2024-02-09 17:18:00,829 [INFO] PluginManager:220 - loadIPPluginJar : add can
2024-02-09 17:18:00,876 [INFO] IPUIPlugin:80 - create IPUIPlugin
2024-02-09 17:18:00,876 [INFO] PluginManager:220 - loadIPPluginJar : add comp
2024-02-09 17:18:00,948 [INFO] IPUIPlugin:80 - create IPUIPlugin
2024-02-09 17:18:00,948 [INFO] PluginManager:220 - loadIPPluginJar : add cryp
2024-02-09 17:18:01,007 [INFO] IPUIPlugin:80 - create IPUIPlugin
2024-02-09 17:18:01,008 [INFO] PluginManager:220 - loadIPPluginJar : add dfsdm
2024-02-09 17:18:01,036 [INFO] IPUIPlugin:80 - create IPUIPlugin
2024-02-09 17:18:01,037 [INFO] PluginManager:220 - loadIPPluginJar : add dma
2024-02-09 17:18:01,131 [INFO] IPUIPlugin:80 - create IPUIPlugin
2024-02-09 17:18:01,132 [INFO] PluginManager:220 - loadIPPluginJar : add dma3
2024-02-09 17:18:01,176 [INFO] IPUIPlugin:80 - create IPUIPlugin
2024-02-09 17:18:01,176 [INFO] PluginManager:220 - loadIPPluginJar : add fatfs
2024-02-09 17:18:01,306 [INFO] IPUIPlugin:80 - create IPUIPlugin
2024-02-09 17:18:01,306 [INFO] PluginManager:220 - loadIPPluginJar : add fmc
2024-02-09 17:18:01,364 [INFO] IPUIPlugin:80 - create IPUIPlugin
2024-02-09 17:18:01,364 [INFO] PluginManager:220 - loadIPPluginJar : add freertos
2024-02-09 17:18:01,407 [INFO] IPUIPlugin:80 - create IPUIPlugin
2024-02-09 17:18:01,408 [INFO] PluginManager:220 - loadIPPluginJar : add genericplugin
2024-02-09 17:18:01,633 [INFO] IPUIPlugin:80 - create IPUIPlugin
2024-02-09 17:18:01,634 [INFO] PluginManager:220 - loadIPPluginJar : add gfxmmu
2024-02-09 17:18:01,909 [INFO] IPUIPlugin:80 - create IPUIPlugin
2024-02-09 17:18:01,909 [INFO] PluginManager:220 - loadIPPluginJar : add gic
2024-02-09 17:18:01,934 [INFO] IPUIPlugin:80 - create IPUIPlugin
2024-02-09 17:18:01,934 [INFO] PluginManager:220 - loadIPPluginJar : add gpio
2024-02-09 17:18:02,122 [INFO] IPUIPlugin:80 - create IPUIPlugin
2024-02-09 17:18:02,122 [INFO] PluginManager:220 - loadIPPluginJar : add gtzc
2024-02-09 17:18:02,193 [INFO] IPUIPlugin:80 - create IPUIPlugin
2024-02-09 17:18:02,194 [INFO] PluginManager:220 - loadIPPluginJar : add hash
2024-02-09 17:18:02,306 [INFO] IPUIPlugin:80 - create IPUIPlugin
2024-02-09 17:18:02,306 [INFO] PluginManager:220 - loadIPPluginJar : add i2c
2024-02-09 17:18:02,384 [INFO] IPUIPlugin:80 - create IPUIPlugin
2024-02-09 17:18:02,384 [INFO] PluginManager:220 - loadIPPluginJar : add i2s
2024-02-09 17:18:02,467 [INFO] IPUIPlugin:80 - create IPUIPlugin
2024-02-09 17:18:02,467 [INFO] PluginManager:220 - loadIPPluginJar : add i3c
2024-02-09 17:18:02,495 [INFO] ThirdPartyUpdaterWithRetryManager:70 - Updater plugin not ready yet. [2/15]
2024-02-09 17:18:02,680 [INFO] IPUIPlugin:80 - create IPUIPlugin
2024-02-09 17:18:02,680 [INFO] PluginManager:220 - loadIPPluginJar : add ipddr
2024-02-09 17:18:02,838 [INFO] IPUIPlugin:80 - create IPUIPlugin
2024-02-09 17:18:02,839 [INFO] PluginManager:220 - loadIPPluginJar : add linkedlist
2024-02-09 17:18:02,902 [INFO] IPUIPlugin:80 - create IPUIPlugin
2024-02-09 17:18:02,902 [INFO] PluginManager:220 - loadIPPluginJar : add lorawan
2024-02-09 17:18:02,977 [INFO] IPUIPlugin:80 - create IPUIPlugin
2024-02-09 17:18:02,977 [INFO] PluginManager:220 - loadIPPluginJar : add ltdc
2024-02-09 17:18:03,005 [INFO] IPUIPlugin:80 - create IPUIPlugin
2024-02-09 17:18:03,005 [INFO] PluginManager:220 - loadIPPluginJar : add mdma
2024-02-09 17:18:03,025 [INFO] IPUIPlugin:80 - create IPUIPlugin
2024-02-09 17:18:03,025 [INFO] PluginManager:220 - loadIPPluginJar : add nvic
2024-02-09 17:18:03,093 [INFO] IPUIPlugin:80 - create IPUIPlugin
2024-02-09 17:18:03,093 [INFO] PluginManager:220 - loadIPPluginJar : add opamp
2024-02-09 17:18:03,208 [INFO] IPUIPlugin:80 - create IPUIPlugin
2024-02-09 17:18:03,209 [INFO] PluginManager:220 - loadIPPluginJar : add openamp
2024-02-09 17:18:03,308 [INFO] IPUIPlugin:80 - create IPUIPlugin
2024-02-09 17:18:03,308 [INFO] PluginManager:220 - loadIPPluginJar : add pdm2pcm
2024-02-09 17:18:03,339 [INFO] IPUIPlugin:80 - create IPUIPlugin
2024-02-09 17:18:03,343 [INFO] PluginManager:220 - loadIPPluginJar : add plateformsettings
2024-02-09 17:18:03,384 [INFO] IPUIPlugin:80 - create IPUIPlugin
2024-02-09 17:18:03,384 [INFO] PluginManager:220 - loadIPPluginJar : add quadspi
2024-02-09 17:18:03,404 [INFO] IPUIPlugin:80 - create IPUIPlugin
2024-02-09 17:18:03,404 [INFO] PluginManager:220 - loadIPPluginJar : add resmgrutility
2024-02-09 17:18:03,483 [INFO] IPUIPlugin:80 - create IPUIPlugin
2024-02-09 17:18:03,483 [INFO] PluginManager:220 - loadIPPluginJar : add sai
2024-02-09 17:18:03,565 [INFO] IPUIPlugin:80 - create IPUIPlugin
2024-02-09 17:18:03,565 [INFO] PluginManager:220 - loadIPPluginJar : add spi
2024-02-09 17:18:03,723 [INFO] IPUIPlugin:80 - create IPUIPlugin
2024-02-09 17:18:03,723 [INFO] PluginManager:220 - loadIPPluginJar : add stm32_wpan
2024-02-09 17:18:03,775 [INFO] IPUIPlugin:80 - create IPUIPlugin
2024-02-09 17:18:03,775 [INFO] PluginManager:220 - loadIPPluginJar : add tim
2024-02-09 17:18:03,891 [INFO] IPUIPlugin:80 - create IPUIPlugin
2024-02-09 17:18:03,891 [INFO] PluginManager:220 - loadIPPluginJar : add touchsensing
2024-02-09 17:18:03,933 [INFO] IPUIPlugin:80 - create IPUIPlugin
2024-02-09 17:18:03,933 [INFO] PluginManager:220 - loadIPPluginJar : add tracer_emb
2024-02-09 17:18:03,975 [INFO] IPUIPlugin:80 - create IPUIPlugin
2024-02-09 17:18:03,976 [INFO] PluginManager:220 - loadIPPluginJar : add ts
2024-02-09 17:18:04,018 [INFO] IPUIPlugin:80 - create IPUIPlugin
2024-02-09 17:18:04,018 [INFO] PluginManager:220 - loadIPPluginJar : add tsc
2024-02-09 17:18:04,052 [INFO] IPUIPlugin:80 - create IPUIPlugin
2024-02-09 17:18:04,053 [INFO] PluginManager:220 - loadIPPluginJar : add ucpd
2024-02-09 17:18:04,126 [INFO] IPUIPlugin:80 - create IPUIPlugin
2024-02-09 17:18:04,126 [INFO] PluginManager:220 - loadIPPluginJar : add usart
2024-02-09 17:18:04,190 [INFO] IPUIPlugin:80 - create IPUIPlugin
2024-02-09 17:18:04,190 [INFO] PluginManager:220 - loadIPPluginJar : add usbx
2024-02-09 17:18:04,370 [INFO] CADModel:165 - CPN selected for project level
2024-02-09 17:18:04,370 [INFO] CADModel:114 - Register for checkConnection events
2024-02-09 17:18:04,371 [FATAL] Updater:308 - Updater called before beeing initialized
2024-02-09 17:18:04,371 [ERROR] CADModel:125 - Updater not yet initialized, retry later 
2024-02-09 17:18:04,631 [INFO] CADModel:165 - CPN selected for project level
2024-02-09 17:18:04,632 [INFO] CADModel:114 - Register for checkConnection events
2024-02-09 17:18:04,632 [FATAL] Updater:308 - Updater called before beeing initialized
2024-02-09 17:18:04,632 [ERROR] CADModel:125 - Updater not yet initialized, retry later 
2024-02-09 17:18:04,638 [FATAL] Updater:308 - Updater called before beeing initialized
2024-02-09 17:18:04,872 [FATAL] Updater:308 - Updater called before beeing initialized
2024-02-09 17:18:04,893 [INFO] DbMcusAds:53 - JSON generation date=Wed Nov 29 11:52:27 CET 2023 (1701255147200)
2024-02-09 17:18:04,894 [FATAL] Updater:308 - Updater called before beeing initialized
2024-02-09 17:18:05,060 [WARN] DetailPanel:346 - Failed to get advertising image, set to default
2024-02-09 17:18:05,283 [FATAL] Updater:308 - Updater called before beeing initialized
2024-02-09 17:18:05,288 [FATAL] Updater:308 - Updater called before beeing initialized
2024-02-09 17:18:05,289 [FATAL] Updater:308 - Updater called before beeing initialized
2024-02-09 17:18:05,289 [WARN] DetailPanel:346 - Failed to get advertising image, set to default
2024-02-09 17:18:05,290 [FATAL] Updater:308 - Updater called before beeing initialized
2024-02-09 17:18:05,414 [ERROR] Updater:1120 - MainUpdater not yet initialized. External WinMGr cannot be set.
2024-02-09 17:18:05,441 [INFO] Updater:1056 - Updater Version found : 6.10.0
2024-02-09 17:18:05,476 [INFO] ApplicationProperties:184 - Using Application install path: C:\ST\STM32CubeIDE_1.14.1\STM32CubeIDE\plugins\com.st.stm32cube.common.mx_6.10.0.202311202037
2024-02-09 17:18:05,496 [INFO] ThirdPartyUpdaterWithRetryManager:70 - Updater plugin not ready yet. [3/15]
2024-02-09 17:18:07,075 [ERROR] LogOutputStream:75 - [STDERR_REDIRECT] Feb 09, 2024 5:18:07 PM java.util.prefs.WindowsPreferences <init>
2024-02-09 17:18:07,080 [ERROR] LogOutputStream:75 - [STDERR_REDIRECT] WARNING: Could not open/create prefs root node Software\JavaSoft\Prefs at root 0xffffffff80000002. Windows RegCreateKeyEx(...) returned error code 5.
2024-02-09 17:18:07,080 [ERROR] LogOutputStream:75 - [STDERR_REDIRECT] 
2024-02-09 17:18:07,735 [INFO] MainUpdater:2873 - connection check result : 10
2024-02-09 17:18:07,736 [INFO] MainUpdater:290 - Updater Check For Update Now.
2024-02-09 17:18:07,736 [INFO] MicroXplorer:498 - Change Database Version : DB.6.0.100
2024-02-09 17:18:07,768 [INFO] McuFinderGlobals:63 - Set McuFinder mode to 2 (CubeIDE integrated)
2024-02-09 17:18:07,769 [INFO] UserAuth:180 - activating auth plugin
2024-02-09 17:18:07,775 [INFO] UserAuth:404 - Internet connection configuration mode: 1
2024-02-09 17:18:07,822 [INFO] JxBrowserEngine:152 - Initiate JxBrowser Engine with user profile folder
2024-02-09 17:18:08,080 [INFO] CheckServerUpdateThread:120 - End of CheckServer Thread
2024-02-09 17:18:09,036 [WARN] PackLoader:240 - Cannot read IP mode file for STMicroelectronics.X-CUBE-SMBUS.2.1.0
2024-02-09 17:18:09,070 [WARN] PackLoader:240 - Cannot read IP mode file for STMicroelectronics.X-CUBE-TOUCHGFX.4.23.0
2024-02-09 17:18:09,279 [WARN] PackLoader:240 - Cannot read IP mode file for STMicroelectronics.X-CUBE-AZRTOS-F7.1.1.0
2024-02-09 17:18:09,336 [WARN] PackLoader:240 - Cannot read IP mode file for STMicroelectronics.FP-SNS-MOTENV1.4.3.2
2024-02-09 17:18:09,365 [WARN] PackLoader:240 - Cannot read IP mode file for STMicroelectronics.FP-SNS-FLIGHT1.5.0.2
2024-02-09 17:18:09,410 [WARN] PackLoader:240 - Cannot read IP mode file for STMicroelectronics.X-CUBE-DISPLAY.3.0.0
2024-02-09 17:18:09,466 [WARN] PackLoader:240 - Cannot read IP mode file for STMicroelectronics.X-CUBE-BLE1.7.0.0
2024-02-09 17:18:09,504 [WARN] PackLoader:240 - Cannot read IP mode file for emotas.I-CUBE-CANOPEN.1.3.0
2024-02-09 17:18:09,533 [WARN] PackLoader:240 - Cannot read IP mode file for STMicroelectronics.FP-SNS-SMARTAG2.1.2.0
2024-02-09 17:18:09,599 [INFO] LogOutputStream:77 - [STDOUT_REDIRECT] 1 : Invalid condition id : UX_CORESTACK_Condition cause : null
2024-02-09 17:18:09,600 [INFO] LogOutputStream:77 - [STDOUT_REDIRECT] 1 : Invalid condition id : UX_CORESTACK_Condition cause : null
2024-02-09 17:18:09,602 [INFO] LogOutputStream:77 - [STDOUT_REDIRECT] 1 : Invalid condition id : UX_CORESTACK_Condition cause : null
2024-02-09 17:18:09,604 [INFO] LogOutputStream:77 - [STDOUT_REDIRECT] 1 : Invalid condition id : UX_CORESTACK_Condition cause : null
2024-02-09 17:18:09,606 [INFO] LogOutputStream:77 - [STDOUT_REDIRECT] 1 : Invalid condition id : UX_CORESTACK_Condition cause : null
2024-02-09 17:18:09,618 [WARN] PackLoader:240 - Cannot read IP mode file for STMicroelectronics.X-CUBE-AZRTOS-WL.2.0.0
2024-02-09 17:18:09,650 [WARN] PackLoader:240 - Cannot read IP mode file for WES.I-CUBE-Cesium.1.3.0
2024-02-09 17:18:09,673 [WARN] PackLoader:240 - Cannot read IP mode file for STMicroelectronics.X-CUBE-BLE2.3.3.0
2024-02-09 17:18:09,696 [WARN] PackLoader:240 - Cannot read IP mode file for STMicroelectronics.X-CUBE-ALGOBUILD.1.3.0
2024-02-09 17:18:09,749 [WARN] PackLoader:240 - Cannot read IP mode file for STMicroelectronics.X-CUBE-AZRTOS-G0.1.1.0
2024-02-09 17:18:09,792 [WARN] PackLoader:240 - Cannot read IP mode file for STMicroelectronics.X-CUBE-NFC4.3.0.0
2024-02-09 17:18:09,833 [WARN] PackLoader:240 - Cannot read IP mode file for STMicroelectronics.X-CUBE-BLEMGR.3.0.0
2024-02-09 17:18:09,860 [WARN] PackLoader:240 - Cannot read IP mode file for STMicroelectronics.FP-ATR-SIGFOX1.3.2.0
2024-02-09 17:18:09,885 [WARN] PackLoader:240 - Cannot read IP mode file for STMicroelectronics.X-CUBE-EEPRMA1.5.1.0
2024-02-09 17:18:10,006 [WARN] PackLoader:240 - Cannot read IP mode file for SEGGER.I-CUBE-embOS.1.3.1
2024-02-09 17:18:10,128 [WARN] PackLoader:240 - Cannot read IP mode file for STMicroelectronics.X-CUBE-GNSS1.6.0.0
2024-02-09 17:18:10,187 [WARN] PackLoader:240 - Cannot read IP mode file for STMicroelectronics.X-CUBE-AZRTOS-F4.1.1.0
2024-02-09 17:18:10,215 [WARN] PackLoader:240 - Cannot read IP mode file for wolfSSL.I-CUBE-wolfSSL.5.6.6
2024-02-09 17:18:10,288 [WARN] PackLoader:240 - Cannot read IP mode file for STMicroelectronics.X-CUBE-AZRTOS-L5.2.0.0
2024-02-09 17:18:10,390 [WARN] PackLoader:240 - Cannot read IP mode file for ITTIA_DB.I-CUBE-ITTIADB.8.8.0
2024-02-09 17:18:10,455 [WARN] PackLoader:240 - Cannot read IP mode file for STMicroelectronics.X-CUBE-NFC7.1.0.1
2024-02-09 17:18:10,520 [WARN] PackLoader:240 - Cannot read IP mode file for STMicroelectronics.X-CUBE-NFC6.3.0.0
2024-02-09 17:18:10,674 [WARN] PackLoader:240 - Cannot read IP mode file for STMicroelectronics.X-CUBE-AI.8.1.0
2024-02-09 17:18:10,787 [WARN] ConditionMgr:438 - getConditionDescription Invalid condition id : LAN8742 Phy interface Condition cause : null
2024-02-09 17:18:10,788 [WARN] PackLoader:240 - Cannot read IP mode file for STMicroelectronics.X-CUBE-AZRTOS-L4.2.0.0
2024-02-09 17:18:10,791 [WARN] ConditionMgr:1039 - genDependencies : Invalid condition id : LAN8742 Phy interface Condition cause : null
2024-02-09 17:18:10,791 [WARN] ConditionMgr:1039 - genDependencies : Invalid condition id : LAN8742 Phy interface Condition cause : null
2024-02-09 17:18:10,792 [WARN] ConditionMgr:1039 - genDependencies : Invalid condition id : LAN8742 Phy interface Condition cause : null
2024-02-09 17:18:10,834 [WARN] PackLoader:240 - Cannot read IP mode file for STMicroelectronics.X-CUBE-SFXS2LP1.4.0.0
2024-02-09 17:18:10,875 [WARN] ConditionMgr:438 - getConditionDescription Invalid condition id : UX DEVICE CLASS RTOS Condition cause : null
2024-02-09 17:18:10,875 [WARN] ConditionMgr:438 - getConditionDescription Invalid condition id : UX DEVICE CLASS RTOS Condition cause : null
2024-02-09 17:18:10,878 [WARN] PackLoader:240 - Cannot read IP mode file for STMicroelectronics.X-CUBE-AZRTOS-WB.2.0.0
2024-02-09 17:18:10,879 [WARN] ConditionMgr:1039 - genDependencies : Invalid condition id : UX DEVICE CLASS RTOS Condition cause : null
2024-02-09 17:18:10,879 [WARN] ConditionMgr:1039 - genDependencies : Invalid condition id : UX DEVICE CLASS RTOS Condition cause : null
2024-02-09 17:18:10,880 [WARN] ConditionMgr:1039 - genDependencies : Invalid condition id : UX DEVICE CLASS RTOS Condition cause : null
2024-02-09 17:18:10,881 [WARN] ConditionMgr:1039 - genDependencies : Invalid condition id : UX DEVICE CLASS RTOS Condition cause : null
2024-02-09 17:18:10,881 [WARN] ConditionMgr:1039 - genDependencies : Invalid condition id : UX DEVICE CLASS RTOS Condition cause : null
2024-02-09 17:18:10,929 [WARN] PackLoader:240 - Cannot read IP mode file for STMicroelectronics.X-CUBE-SUBG2.5.0.0
2024-02-09 17:18:10,984 [WARN] PackLoader:240 - Cannot read IP mode file for STMicroelectronics.X-CUBE-AZRTOS-G4.2.0.0
2024-02-09 17:18:11,033 [WARN] PackLoader:240 - Cannot read IP mode file for Infineon.AIROC-Wi-Fi-Bluetooth-STM32.1.5.1
2024-02-09 17:18:11,061 [WARN] PackLoader:240 - Cannot read IP mode file for STMicroelectronics.FP-SNS-MOTENVWB1.1.3.1
2024-02-09 17:18:11,091 [WARN] PackLoader:240 - Cannot read IP mode file for STMicroelectronics.X-CUBE-ISPU.2.0.0
2024-02-09 17:18:11,191 [WARN] PackLoader:240 - Cannot read IP mode file for STMicroelectronics.X-CUBE-MEMS1.10.0.0
2024-02-09 17:18:11,468 [WARN] PackLoader:240 - Cannot read IP mode file for STMicroelectronics.X-CUBE-FREERTOS.1.1.0
2024-02-09 17:18:11,493 [WARN] PackLoader:240 - Cannot read IP mode file for portGmbH.I-Cube-SoM-uGOAL.1.1.0
2024-02-09 17:18:11,515 [WARN] PackLoader:240 - Cannot read IP mode file for STMicroelectronics.X-CUBE-ALS.1.0.1
2024-02-09 17:18:11,538 [WARN] PackLoader:240 - Cannot read IP mode file for STMicroelectronics.FP-ATR-ASTRA1.2.0.0
2024-02-09 17:18:11,584 [WARN] PackLoader:240 - Cannot read IP mode file for STMicroelectronics.X-CUBE-TOF1.3.4.0
2024-02-09 17:18:11,695 [WARN] PackLoader:240 - Cannot read IP mode file for STMicroelectronics.X-CUBE-AZRTOS-H7.3.2.0
2024-02-09 17:18:11,728 [INFO] ThirdParty:978 - Integrity check success = true
2024-02-09 17:18:11,728 [INFO] IntegrityCheckThread:100 - exiting critical section [integrity check]
2024-02-09 17:18:11,728 [INFO] IntegrityCheckThread:103 - End integrity checks thread
2024-02-09 17:18:14,681 [INFO] WebApp:161 - Instantiating new browser for Auth
2024-02-09 17:18:16,398 [INFO] WebApp:780 - Register for checkConnection events
2024-02-09 17:18:16,398 [INFO] WebApp:414 - Apply proxy settings
2024-02-09 17:18:16,398 [INFO] WebApp:499 - Chromium requires no authentication
2024-02-09 17:18:16,416 [INFO] WebApp:442 - Direct internet connection detected
2024-02-09 17:18:16,823 [INFO] WebApp:192 - Starting web application
2024-02-09 17:18:16,823 [INFO] WebApp:544 - Web application path used C:\ST\STM32CubeIDE_1.14.1\STM32CubeIDE\plugins\com.st.stm32cube.common.mx_6.10.0.202311202037\db\plugins\mcufinder\reactClient1\index.html
2024-02-09 17:18:38,563 [ERROR] LogOutputStream:75 - [STDERR_REDIRECT] SLF4J: Failed to load class "org.slf4j.impl.StaticLoggerBinder".
2024-02-09 17:18:38,566 [ERROR] LogOutputStream:75 - [STDERR_REDIRECT] SLF4J: Defaulting to no-operation (NOP) logger implementation
2024-02-09 17:18:38,570 [ERROR] LogOutputStream:75 - [STDERR_REDIRECT] SLF4J: See http://www.slf4j.org/codes.html#StaticLoggerBinder for further details.
